[0.067s] Invoking command in '/home/rishith/MRT/MRT_ASSIGNMENT_4/build/custom_msgs': /usr/bin/cmake /home/rishith/MRT/MRT_ASSIGNMENT_4/src/custom_msgs -DCMAKE_INSTALL_PREFIX=/home/rishith/MRT/MRT_ASSIGNMENT_4/install/custom_msgs
[0.108s] -- The C compiler identification is GNU 11.4.0
[0.153s] -- The CXX compiler identification is GNU 11.4.0
[0.159s] -- Detecting C compiler ABI info
[0.207s] -- Detecting C compiler ABI info - done
[0.215s] -- Check for working C compiler: /usr/bin/cc - skipped
[0.216s] -- Detecting C compile features
[0.216s] -- Detecting C compile features - done
[0.219s] -- Detecting CXX compiler ABI info
[0.281s] -- Detecting CXX compiler ABI info - done
[0.289s] -- Check for working CXX compiler: /usr/bin/c++ - skipped
[0.289s] -- Detecting CXX compile features
[0.290s] -- Detecting CXX compile features - done
[0.291s] -- Found ament_cmake: 1.3.8 (/opt/ros/humble/share/ament_cmake/cmake)
[0.419s] -- Found Python3: /usr/bin/python3 (found version "3.10.12") found components: Interpreter 
[0.491s] -- Found rosidl_default_generators: 1.2.0 (/opt/ros/humble/share/rosidl_default_generators/cmake)
[0.492s] -- Using all available rosidl_typesupport_c: rosidl_typesupport_fastrtps_c;rosidl_typesupport_introspection_c
[0.496s] -- Found rosidl_adapter: 3.1.5 (/opt/ros/humble/share/rosidl_adapter/cmake)
[0.525s] -- Using all available rosidl_typesupport_cpp: rosidl_typesupport_fastrtps_cpp;rosidl_typesupport_introspection_cpp
[0.559s] [31mCMake Error at CMakeLists.txt:15 (find_package):
[0.559s]   By not providing "Findcustom_msgs.cmake" in CMAKE_MODULE_PATH this project
[0.559s]   has asked CMake to find a package configuration file provided by
[0.559s]   "custom_msgs", but CMake did not find one.
[0.559s] 
[0.559s]   Could not find a package configuration file provided by "custom_msgs" with
[0.559s]   any of the following names:
[0.559s] 
[0.559s]     custom_msgsConfig.cmake
[0.559s]     custom_msgs-config.cmake
[0.559s] 
[0.560s]   Add the installation prefix of "custom_msgs" to CMAKE_PREFIX_PATH or set
[0.560s]   "custom_msgs_DIR" to a directory containing one of the above files.  If
[0.560s]   "custom_msgs" provides a separate development package or SDK, be sure it
[0.560s]   has been installed.
[0.560s] 
[0.560s] [0m
[0.560s] -- Configuring incomplete, errors occurred!
[0.560s] See also "/home/rishith/MRT/MRT_ASSIGNMENT_4/build/custom_msgs/CMakeFiles/CMakeOutput.log".
[0.563s] Invoked command in '/home/rishith/MRT/MRT_ASSIGNMENT_4/build/custom_msgs' returned '1': /usr/bin/cmake /home/rishith/MRT/MRT_ASSIGNMENT_4/src/custom_msgs -DCMAKE_INSTALL_PREFIX=/home/rishith/MRT/MRT_ASSIGNMENT_4/install/custom_msgs
