[0.085s] Invoking command in '/home/rishith/MRT/MRT_ASSIGNMENT_4/build/custom_msgs': CMAKE_PREFIX_PATH=${CMAKE_PREFIX_PATH}:/home/rishith/MRT/MRT_ASSIGNMENT_4/install/py_srvcli:/opt/ros/humble /usr/bin/cmake --build /home/rishith/MRT/MRT_ASSIGNMENT_4/build/custom_msgs -- -j12 -l12
[0.123s] [  2%] Built target custom_msgs__cpp
[0.132s] [ 12%] Built target custom_msgs__rosidl_generator_c
[0.144s] [ 12%] Built target ament_cmake_python_copy_custom_msgs
[0.155s] [ 30%] Built target custom_msgs__rosidl_typesupport_introspection_cpp
[0.156s] [ 33%] Built target custom_msgs__rosidl_typesupport_cpp
[0.160s] [ 43%] Built target custom_msgs__rosidl_typesupport_fastrtps_cpp
[0.166s] [ 53%] Built target custom_msgs__rosidl_typesupport_c
[0.166s] [ 64%] Built target custom_msgs__rosidl_typesupport_introspection_c
[0.168s] [ 74%] Built target custom_msgs__rosidl_typesupport_fastrtps_c
[0.185s] [ 74%] Built target custom_msgs
[0.202s] [ 76%] Built target custom_msgs__py
[0.221s] [ 84%] Built target custom_msgs__rosidl_generator_py
[0.244s] [ 89%] Built target custom_msgs__rosidl_typesupport_fastrtps_c__pyext
[0.251s] [100%] Built target custom_msgs__rosidl_typesupport_introspection_c__pyext
[0.252s] [100%] Built target custom_msgs__rosidl_typesupport_c__pyext
[0.366s] running egg_info
[0.367s] writing custom_msgs.egg-info/PKG-INFO
[0.367s] writing dependency_links to custom_msgs.egg-info/dependency_links.txt
[0.367s] writing top-level names to custom_msgs.egg-info/top_level.txt
[0.370s] reading manifest file 'custom_msgs.egg-info/SOURCES.txt'
[0.370s] writing manifest file 'custom_msgs.egg-info/SOURCES.txt'
[0.387s] [100%] Built target ament_cmake_python_build_custom_msgs_egg
[0.395s] Invoked command in '/home/rishith/MRT/MRT_ASSIGNMENT_4/build/custom_msgs' returned '0': CMAKE_PREFIX_PATH=${CMAKE_PREFIX_PATH}:/home/rishith/MRT/MRT_ASSIGNMENT_4/install/py_srvcli:/opt/ros/humble /usr/bin/cmake --build /home/rishith/MRT/MRT_ASSIGNMENT_4/build/custom_msgs -- -j12 -l12
[0.447s] Invoking command in '/home/rishith/MRT/MRT_ASSIGNMENT_4/build/custom_msgs': CMAKE_PREFIX_PATH=${CMAKE_PREFIX_PATH}:/home/rishith/MRT/MRT_ASSIGNMENT_4/install/py_srvcli:/opt/ros/humble /usr/bin/cmake --install /home/rishith/MRT/MRT_ASSIGNMENT_4/build/custom_msgs
[0.453s] -- Install configuration: ""
[0.454s] -- Up-to-date: /home/rishith/MRT/MRT_ASSIGNMENT_4/install/custom_msgs/share/ament_index/resource_index/rosidl_interfaces/custom_msgs
[0.454s] -- Up-to-date: /home/rishith/MRT/MRT_ASSIGNMENT_4/install/custom_msgs/include/custom_msgs/custom_msgs
[0.454s] -- Up-to-date: /home/rishith/MRT/MRT_ASSIGNMENT_4/install/custom_msgs/include/custom_msgs/custom_msgs/msg
[0.454s] -- Up-to-date: /home/rishith/MRT/MRT_ASSIGNMENT_4/install/custom_msgs/include/custom_msgs/custom_msgs/msg/rosidl_generator_c__visibility_control.h
[0.454s] -- Up-to-date: /home/rishith/MRT/MRT_ASSIGNMENT_4/install/custom_msgs/include/custom_msgs/custom_msgs/srv
[0.454s] -- Up-to-date: /home/rishith/MRT/MRT_ASSIGNMENT_4/install/custom_msgs/include/custom_msgs/custom_msgs/srv/path.h
[0.455s] -- Up-to-date: /home/rishith/MRT/MRT_ASSIGNMENT_4/install/custom_msgs/include/custom_msgs/custom_msgs/srv/detail
[0.455s] -- Up-to-date: /home/rishith/MRT/MRT_ASSIGNMENT_4/install/custom_msgs/include/custom_msgs/custom_msgs/srv/detail/corners__functions.h
[0.455s] -- Up-to-date: /home/rishith/MRT/MRT_ASSIGNMENT_4/install/custom_msgs/include/custom_msgs/custom_msgs/srv/detail/path__functions.h
[0.455s] -- Up-to-date: /home/rishith/MRT/MRT_ASSIGNMENT_4/install/custom_msgs/include/custom_msgs/custom_msgs/srv/detail/corners__struct.h
[0.455s] -- Up-to-date: /home/rishith/MRT/MRT_ASSIGNMENT_4/install/custom_msgs/include/custom_msgs/custom_msgs/srv/detail/corners__type_support.h
[0.455s] -- Up-to-date: /home/rishith/MRT/MRT_ASSIGNMENT_4/install/custom_msgs/include/custom_msgs/custom_msgs/srv/detail/corners__functions.c
[0.455s] -- Up-to-date: /home/rishith/MRT/MRT_ASSIGNMENT_4/install/custom_msgs/include/custom_msgs/custom_msgs/srv/detail/path__type_support.h
[0.455s] -- Up-to-date: /home/rishith/MRT/MRT_ASSIGNMENT_4/install/custom_msgs/include/custom_msgs/custom_msgs/srv/detail/path__struct.h
[0.456s] -- Up-to-date: /home/rishith/MRT/MRT_ASSIGNMENT_4/install/custom_msgs/include/custom_msgs/custom_msgs/srv/detail/path__functions.c
[0.456s] -- Up-to-date: /home/rishith/MRT/MRT_ASSIGNMENT_4/install/custom_msgs/include/custom_msgs/custom_msgs/srv/corners.h
[0.456s] -- Up-to-date: /home/rishith/MRT/MRT_ASSIGNMENT_4/install/custom_msgs/share/custom_msgs/environment/library_path.sh
[0.456s] -- Up-to-date: /home/rishith/MRT/MRT_ASSIGNMENT_4/install/custom_msgs/share/custom_msgs/environment/library_path.dsv
[0.456s] -- Up-to-date: /home/rishith/MRT/MRT_ASSIGNMENT_4/install/custom_msgs/lib/libcustom_msgs__rosidl_generator_c.so
[0.456s] -- Up-to-date: /home/rishith/MRT/MRT_ASSIGNMENT_4/install/custom_msgs/include/custom_msgs/custom_msgs
[0.456s] -- Up-to-date: /home/rishith/MRT/MRT_ASSIGNMENT_4/install/custom_msgs/include/custom_msgs/custom_msgs/msg
[0.456s] -- Up-to-date: /home/rishith/MRT/MRT_ASSIGNMENT_4/install/custom_msgs/include/custom_msgs/custom_msgs/msg/rosidl_typesupport_fastrtps_c__visibility_control.h
[0.456s] -- Up-to-date: /home/rishith/MRT/MRT_ASSIGNMENT_4/install/custom_msgs/include/custom_msgs/custom_msgs/srv
[0.456s] -- Up-to-date: /home/rishith/MRT/MRT_ASSIGNMENT_4/install/custom_msgs/include/custom_msgs/custom_msgs/srv/detail
[0.457s] -- Up-to-date: /home/rishith/MRT/MRT_ASSIGNMENT_4/install/custom_msgs/include/custom_msgs/custom_msgs/srv/detail/corners__rosidl_typesupport_fastrtps_c.h
[0.457s] -- Up-to-date: /home/rishith/MRT/MRT_ASSIGNMENT_4/install/custom_msgs/include/custom_msgs/custom_msgs/srv/detail/path__rosidl_typesupport_fastrtps_c.h
[0.457s] -- Up-to-date: /home/rishith/MRT/MRT_ASSIGNMENT_4/install/custom_msgs/lib/libcustom_msgs__rosidl_typesupport_fastrtps_c.so
[0.457s] -- Up-to-date: /home/rishith/MRT/MRT_ASSIGNMENT_4/install/custom_msgs/include/custom_msgs/custom_msgs
[0.457s] -- Up-to-date: /home/rishith/MRT/MRT_ASSIGNMENT_4/install/custom_msgs/include/custom_msgs/custom_msgs/msg
[0.457s] -- Up-to-date: /home/rishith/MRT/MRT_ASSIGNMENT_4/install/custom_msgs/include/custom_msgs/custom_msgs/msg/rosidl_typesupport_introspection_c__visibility_control.h
[0.457s] -- Up-to-date: /home/rishith/MRT/MRT_ASSIGNMENT_4/install/custom_msgs/include/custom_msgs/custom_msgs/srv
[0.457s] -- Up-to-date: /home/rishith/MRT/MRT_ASSIGNMENT_4/install/custom_msgs/include/custom_msgs/custom_msgs/srv/detail
[0.457s] -- Up-to-date: /home/rishith/MRT/MRT_ASSIGNMENT_4/install/custom_msgs/include/custom_msgs/custom_msgs/srv/detail/path__rosidl_typesupport_introspection_c.h
[0.457s] -- Up-to-date: /home/rishith/MRT/MRT_ASSIGNMENT_4/install/custom_msgs/include/custom_msgs/custom_msgs/srv/detail/corners__type_support.c
[0.457s] -- Up-to-date: /home/rishith/MRT/MRT_ASSIGNMENT_4/install/custom_msgs/include/custom_msgs/custom_msgs/srv/detail/corners__rosidl_typesupport_introspection_c.h
[0.457s] -- Up-to-date: /home/rishith/MRT/MRT_ASSIGNMENT_4/install/custom_msgs/include/custom_msgs/custom_msgs/srv/detail/path__type_support.c
[0.457s] -- Up-to-date: /home/rishith/MRT/MRT_ASSIGNMENT_4/install/custom_msgs/lib/libcustom_msgs__rosidl_typesupport_introspection_c.so
[0.457s] -- Up-to-date: /home/rishith/MRT/MRT_ASSIGNMENT_4/install/custom_msgs/lib/libcustom_msgs__rosidl_typesupport_c.so
[0.457s] -- Up-to-date: /home/rishith/MRT/MRT_ASSIGNMENT_4/install/custom_msgs/include/custom_msgs/custom_msgs
[0.457s] -- Up-to-date: /home/rishith/MRT/MRT_ASSIGNMENT_4/install/custom_msgs/include/custom_msgs/custom_msgs/srv
[0.457s] -- Up-to-date: /home/rishith/MRT/MRT_ASSIGNMENT_4/install/custom_msgs/include/custom_msgs/custom_msgs/srv/corners.hpp
[0.457s] -- Up-to-date: /home/rishith/MRT/MRT_ASSIGNMENT_4/install/custom_msgs/include/custom_msgs/custom_msgs/srv/detail
[0.457s] -- Up-to-date: /home/rishith/MRT/MRT_ASSIGNMENT_4/install/custom_msgs/include/custom_msgs/custom_msgs/srv/detail/path__builder.hpp
[0.457s] -- Up-to-date: /home/rishith/MRT/MRT_ASSIGNMENT_4/install/custom_msgs/include/custom_msgs/custom_msgs/srv/detail/path__struct.hpp
[0.457s] -- Up-to-date: /home/rishith/MRT/MRT_ASSIGNMENT_4/install/custom_msgs/include/custom_msgs/custom_msgs/srv/detail/corners__builder.hpp
[0.457s] -- Up-to-date: /home/rishith/MRT/MRT_ASSIGNMENT_4/install/custom_msgs/include/custom_msgs/custom_msgs/srv/detail/path__traits.hpp
[0.457s] -- Up-to-date: /home/rishith/MRT/MRT_ASSIGNMENT_4/install/custom_msgs/include/custom_msgs/custom_msgs/srv/detail/corners__traits.hpp
[0.457s] -- Up-to-date: /home/rishith/MRT/MRT_ASSIGNMENT_4/install/custom_msgs/include/custom_msgs/custom_msgs/srv/detail/corners__struct.hpp
[0.458s] -- Up-to-date: /home/rishith/MRT/MRT_ASSIGNMENT_4/install/custom_msgs/include/custom_msgs/custom_msgs/srv/path.hpp
[0.458s] -- Up-to-date: /home/rishith/MRT/MRT_ASSIGNMENT_4/install/custom_msgs/include/custom_msgs/custom_msgs
[0.458s] -- Up-to-date: /home/rishith/MRT/MRT_ASSIGNMENT_4/install/custom_msgs/include/custom_msgs/custom_msgs/msg
[0.458s] -- Up-to-date: /home/rishith/MRT/MRT_ASSIGNMENT_4/install/custom_msgs/include/custom_msgs/custom_msgs/msg/rosidl_typesupport_fastrtps_cpp__visibility_control.h
[0.458s] -- Up-to-date: /home/rishith/MRT/MRT_ASSIGNMENT_4/install/custom_msgs/include/custom_msgs/custom_msgs/srv
[0.458s] -- Up-to-date: /home/rishith/MRT/MRT_ASSIGNMENT_4/install/custom_msgs/include/custom_msgs/custom_msgs/srv/detail
[0.458s] -- Up-to-date: /home/rishith/MRT/MRT_ASSIGNMENT_4/install/custom_msgs/include/custom_msgs/custom_msgs/srv/detail/dds_fastrtps
[0.458s] -- Up-to-date: /home/rishith/MRT/MRT_ASSIGNMENT_4/install/custom_msgs/include/custom_msgs/custom_msgs/srv/detail/path__rosidl_typesupport_fastrtps_cpp.hpp
[0.458s] -- Up-to-date: /home/rishith/MRT/MRT_ASSIGNMENT_4/install/custom_msgs/include/custom_msgs/custom_msgs/srv/detail/corners__rosidl_typesupport_fastrtps_cpp.hpp
[0.458s] -- Up-to-date: /home/rishith/MRT/MRT_ASSIGNMENT_4/install/custom_msgs/lib/libcustom_msgs__rosidl_typesupport_fastrtps_cpp.so
[0.458s] -- Up-to-date: /home/rishith/MRT/MRT_ASSIGNMENT_4/install/custom_msgs/include/custom_msgs/custom_msgs
[0.458s] -- Up-to-date: /home/rishith/MRT/MRT_ASSIGNMENT_4/install/custom_msgs/include/custom_msgs/custom_msgs/srv
[0.458s] -- Up-to-date: /home/rishith/MRT/MRT_ASSIGNMENT_4/install/custom_msgs/include/custom_msgs/custom_msgs/srv/detail
[0.458s] -- Up-to-date: /home/rishith/MRT/MRT_ASSIGNMENT_4/install/custom_msgs/include/custom_msgs/custom_msgs/srv/detail/path__type_support.cpp
[0.458s] -- Up-to-date: /home/rishith/MRT/MRT_ASSIGNMENT_4/install/custom_msgs/include/custom_msgs/custom_msgs/srv/detail/corners__type_support.cpp
[0.458s] -- Up-to-date: /home/rishith/MRT/MRT_ASSIGNMENT_4/install/custom_msgs/include/custom_msgs/custom_msgs/srv/detail/path__rosidl_typesupport_introspection_cpp.hpp
[0.458s] -- Up-to-date: /home/rishith/MRT/MRT_ASSIGNMENT_4/install/custom_msgs/include/custom_msgs/custom_msgs/srv/detail/corners__rosidl_typesupport_introspection_cpp.hpp
[0.458s] -- Up-to-date: /home/rishith/MRT/MRT_ASSIGNMENT_4/install/custom_msgs/lib/libcustom_msgs__rosidl_typesupport_introspection_cpp.so
[0.458s] -- Up-to-date: /home/rishith/MRT/MRT_ASSIGNMENT_4/install/custom_msgs/lib/libcustom_msgs__rosidl_typesupport_cpp.so
[0.458s] -- Up-to-date: /home/rishith/MRT/MRT_ASSIGNMENT_4/install/custom_msgs/share/custom_msgs/environment/pythonpath.sh
[0.458s] -- Up-to-date: /home/rishith/MRT/MRT_ASSIGNMENT_4/install/custom_msgs/share/custom_msgs/environment/pythonpath.dsv
[0.458s] -- Up-to-date: /home/rishith/MRT/MRT_ASSIGNMENT_4/install/custom_msgs/local/lib/python3.10/dist-packages/custom_msgs-0.0.0-py3.10.egg-info
[0.458s] -- Installing: /home/rishith/MRT/MRT_ASSIGNMENT_4/install/custom_msgs/local/lib/python3.10/dist-packages/custom_msgs-0.0.0-py3.10.egg-info/PKG-INFO
[0.458s] -- Installing: /home/rishith/MRT/MRT_ASSIGNMENT_4/install/custom_msgs/local/lib/python3.10/dist-packages/custom_msgs-0.0.0-py3.10.egg-info/top_level.txt
[0.458s] -- Installing: /home/rishith/MRT/MRT_ASSIGNMENT_4/install/custom_msgs/local/lib/python3.10/dist-packages/custom_msgs-0.0.0-py3.10.egg-info/SOURCES.txt
[0.458s] -- Installing: /home/rishith/MRT/MRT_ASSIGNMENT_4/install/custom_msgs/local/lib/python3.10/dist-packages/custom_msgs-0.0.0-py3.10.egg-info/dependency_links.txt
[0.458s] -- Up-to-date: /home/rishith/MRT/MRT_ASSIGNMENT_4/install/custom_msgs/local/lib/python3.10/dist-packages/custom_msgs
[0.459s] -- Up-to-date: /home/rishith/MRT/MRT_ASSIGNMENT_4/install/custom_msgs/local/lib/python3.10/dist-packages/custom_msgs/custom_msgs_s__rosidl_typesupport_introspection_c.cpython-310-x86_64-linux-gnu.so
[0.459s] -- Up-to-date: /home/rishith/MRT/MRT_ASSIGNMENT_4/install/custom_msgs/local/lib/python3.10/dist-packages/custom_msgs/libcustom_msgs__rosidl_generator_py.so
[0.459s] -- Up-to-date: /home/rishith/MRT/MRT_ASSIGNMENT_4/install/custom_msgs/local/lib/python3.10/dist-packages/custom_msgs/_custom_msgs_s.ep.rosidl_typesupport_fastrtps_c.c
[0.459s] -- Up-to-date: /home/rishith/MRT/MRT_ASSIGNMENT_4/install/custom_msgs/local/lib/python3.10/dist-packages/custom_msgs/__init__.py
[0.459s] -- Up-to-date: /home/rishith/MRT/MRT_ASSIGNMENT_4/install/custom_msgs/local/lib/python3.10/dist-packages/custom_msgs/_custom_msgs_s.ep.rosidl_typesupport_c.c
[0.459s] -- Up-to-date: /home/rishith/MRT/MRT_ASSIGNMENT_4/install/custom_msgs/local/lib/python3.10/dist-packages/custom_msgs/_custom_msgs_s.ep.rosidl_typesupport_introspection_c.c
[0.459s] -- Up-to-date: /home/rishith/MRT/MRT_ASSIGNMENT_4/install/custom_msgs/local/lib/python3.10/dist-packages/custom_msgs/custom_msgs_s__rosidl_typesupport_c.cpython-310-x86_64-linux-gnu.so
[0.459s] -- Up-to-date: /home/rishith/MRT/MRT_ASSIGNMENT_4/install/custom_msgs/local/lib/python3.10/dist-packages/custom_msgs/srv
[0.459s] -- Up-to-date: /home/rishith/MRT/MRT_ASSIGNMENT_4/install/custom_msgs/local/lib/python3.10/dist-packages/custom_msgs/srv/_path.py
[0.459s] -- Up-to-date: /home/rishith/MRT/MRT_ASSIGNMENT_4/install/custom_msgs/local/lib/python3.10/dist-packages/custom_msgs/srv/_path_s.c
[0.459s] -- Up-to-date: /home/rishith/MRT/MRT_ASSIGNMENT_4/install/custom_msgs/local/lib/python3.10/dist-packages/custom_msgs/srv/__init__.py
[0.459s] -- Up-to-date: /home/rishith/MRT/MRT_ASSIGNMENT_4/install/custom_msgs/local/lib/python3.10/dist-packages/custom_msgs/srv/_corners.py
[0.459s] -- Up-to-date: /home/rishith/MRT/MRT_ASSIGNMENT_4/install/custom_msgs/local/lib/python3.10/dist-packages/custom_msgs/srv/_corners_s.c
[0.459s] -- Up-to-date: /home/rishith/MRT/MRT_ASSIGNMENT_4/install/custom_msgs/local/lib/python3.10/dist-packages/custom_msgs/custom_msgs_s__rosidl_typesupport_fastrtps_c.cpython-310-x86_64-linux-gnu.so
[0.481s] Listing '/home/rishith/MRT/MRT_ASSIGNMENT_4/install/custom_msgs/local/lib/python3.10/dist-packages/custom_msgs'...
[0.481s] Listing '/home/rishith/MRT/MRT_ASSIGNMENT_4/install/custom_msgs/local/lib/python3.10/dist-packages/custom_msgs/srv'...
[0.484s] -- Up-to-date: /home/rishith/MRT/MRT_ASSIGNMENT_4/install/custom_msgs/local/lib/python3.10/dist-packages/custom_msgs/custom_msgs_s__rosidl_typesupport_fastrtps_c.cpython-310-x86_64-linux-gnu.so
[0.484s] -- Up-to-date: /home/rishith/MRT/MRT_ASSIGNMENT_4/install/custom_msgs/local/lib/python3.10/dist-packages/custom_msgs/custom_msgs_s__rosidl_typesupport_introspection_c.cpython-310-x86_64-linux-gnu.so
[0.484s] -- Up-to-date: /home/rishith/MRT/MRT_ASSIGNMENT_4/install/custom_msgs/local/lib/python3.10/dist-packages/custom_msgs/custom_msgs_s__rosidl_typesupport_c.cpython-310-x86_64-linux-gnu.so
[0.484s] -- Up-to-date: /home/rishith/MRT/MRT_ASSIGNMENT_4/install/custom_msgs/lib/libcustom_msgs__rosidl_generator_py.so
[0.485s] -- Up-to-date: /home/rishith/MRT/MRT_ASSIGNMENT_4/install/custom_msgs/share/custom_msgs/srv/Corners.idl
[0.485s] -- Up-to-date: /home/rishith/MRT/MRT_ASSIGNMENT_4/install/custom_msgs/share/custom_msgs/srv/Path.idl
[0.485s] -- Up-to-date: /home/rishith/MRT/MRT_ASSIGNMENT_4/install/custom_msgs/share/custom_msgs/srv/Corners.srv
[0.486s] -- Up-to-date: /home/rishith/MRT/MRT_ASSIGNMENT_4/install/custom_msgs/share/custom_msgs/srv/Corners_Request.msg
[0.486s] -- Up-to-date: /home/rishith/MRT/MRT_ASSIGNMENT_4/install/custom_msgs/share/custom_msgs/srv/Corners_Response.msg
[0.486s] -- Up-to-date: /home/rishith/MRT/MRT_ASSIGNMENT_4/install/custom_msgs/share/custom_msgs/srv/Path.srv
[0.486s] -- Up-to-date: /home/rishith/MRT/MRT_ASSIGNMENT_4/install/custom_msgs/share/custom_msgs/srv/Path_Request.msg
[0.486s] -- Up-to-date: /home/rishith/MRT/MRT_ASSIGNMENT_4/install/custom_msgs/share/custom_msgs/srv/Path_Response.msg
[0.486s] -- Up-to-date: /home/rishith/MRT/MRT_ASSIGNMENT_4/install/custom_msgs/share/ament_index/resource_index/package_run_dependencies/custom_msgs
[0.487s] -- Up-to-date: /home/rishith/MRT/MRT_ASSIGNMENT_4/install/custom_msgs/share/ament_index/resource_index/parent_prefix_path/custom_msgs
[0.487s] -- Up-to-date: /home/rishith/MRT/MRT_ASSIGNMENT_4/install/custom_msgs/share/custom_msgs/environment/ament_prefix_path.sh
[0.487s] -- Up-to-date: /home/rishith/MRT/MRT_ASSIGNMENT_4/install/custom_msgs/share/custom_msgs/environment/ament_prefix_path.dsv
[0.487s] -- Up-to-date: /home/rishith/MRT/MRT_ASSIGNMENT_4/install/custom_msgs/share/custom_msgs/environment/path.sh
[0.487s] -- Up-to-date: /home/rishith/MRT/MRT_ASSIGNMENT_4/install/custom_msgs/share/custom_msgs/environment/path.dsv
[0.487s] -- Up-to-date: /home/rishith/MRT/MRT_ASSIGNMENT_4/install/custom_msgs/share/custom_msgs/local_setup.bash
[0.487s] -- Up-to-date: /home/rishith/MRT/MRT_ASSIGNMENT_4/install/custom_msgs/share/custom_msgs/local_setup.sh
[0.487s] -- Up-to-date: /home/rishith/MRT/MRT_ASSIGNMENT_4/install/custom_msgs/share/custom_msgs/local_setup.zsh
[0.487s] -- Up-to-date: /home/rishith/MRT/MRT_ASSIGNMENT_4/install/custom_msgs/share/custom_msgs/local_setup.dsv
[0.487s] -- Installing: /home/rishith/MRT/MRT_ASSIGNMENT_4/install/custom_msgs/share/custom_msgs/package.dsv
[0.488s] -- Up-to-date: /home/rishith/MRT/MRT_ASSIGNMENT_4/install/custom_msgs/share/ament_index/resource_index/packages/custom_msgs
[0.488s] -- Up-to-date: /home/rishith/MRT/MRT_ASSIGNMENT_4/install/custom_msgs/share/custom_msgs/cmake/export_custom_msgs__rosidl_generator_cExport.cmake
[0.488s] -- Up-to-date: /home/rishith/MRT/MRT_ASSIGNMENT_4/install/custom_msgs/share/custom_msgs/cmake/export_custom_msgs__rosidl_generator_cExport-noconfig.cmake
[0.488s] -- Up-to-date: /home/rishith/MRT/MRT_ASSIGNMENT_4/install/custom_msgs/share/custom_msgs/cmake/export_custom_msgs__rosidl_typesupport_fastrtps_cExport.cmake
[0.488s] -- Up-to-date: /home/rishith/MRT/MRT_ASSIGNMENT_4/install/custom_msgs/share/custom_msgs/cmake/export_custom_msgs__rosidl_typesupport_fastrtps_cExport-noconfig.cmake
[0.488s] -- Up-to-date: /home/rishith/MRT/MRT_ASSIGNMENT_4/install/custom_msgs/share/custom_msgs/cmake/custom_msgs__rosidl_typesupport_introspection_cExport.cmake
[0.488s] -- Up-to-date: /home/rishith/MRT/MRT_ASSIGNMENT_4/install/custom_msgs/share/custom_msgs/cmake/custom_msgs__rosidl_typesupport_introspection_cExport-noconfig.cmake
[0.488s] -- Up-to-date: /home/rishith/MRT/MRT_ASSIGNMENT_4/install/custom_msgs/share/custom_msgs/cmake/custom_msgs__rosidl_typesupport_cExport.cmake
[0.488s] -- Up-to-date: /home/rishith/MRT/MRT_ASSIGNMENT_4/install/custom_msgs/share/custom_msgs/cmake/custom_msgs__rosidl_typesupport_cExport-noconfig.cmake
[0.488s] -- Up-to-date: /home/rishith/MRT/MRT_ASSIGNMENT_4/install/custom_msgs/share/custom_msgs/cmake/export_custom_msgs__rosidl_generator_cppExport.cmake
[0.488s] -- Up-to-date: /home/rishith/MRT/MRT_ASSIGNMENT_4/install/custom_msgs/share/custom_msgs/cmake/export_custom_msgs__rosidl_typesupport_fastrtps_cppExport.cmake
[0.489s] -- Up-to-date: /home/rishith/MRT/MRT_ASSIGNMENT_4/install/custom_msgs/share/custom_msgs/cmake/export_custom_msgs__rosidl_typesupport_fastrtps_cppExport-noconfig.cmake
[0.489s] -- Up-to-date: /home/rishith/MRT/MRT_ASSIGNMENT_4/install/custom_msgs/share/custom_msgs/cmake/custom_msgs__rosidl_typesupport_introspection_cppExport.cmake
[0.489s] -- Up-to-date: /home/rishith/MRT/MRT_ASSIGNMENT_4/install/custom_msgs/share/custom_msgs/cmake/custom_msgs__rosidl_typesupport_introspection_cppExport-noconfig.cmake
[0.489s] -- Up-to-date: /home/rishith/MRT/MRT_ASSIGNMENT_4/install/custom_msgs/share/custom_msgs/cmake/custom_msgs__rosidl_typesupport_cppExport.cmake
[0.489s] -- Up-to-date: /home/rishith/MRT/MRT_ASSIGNMENT_4/install/custom_msgs/share/custom_msgs/cmake/custom_msgs__rosidl_typesupport_cppExport-noconfig.cmake
[0.489s] -- Up-to-date: /home/rishith/MRT/MRT_ASSIGNMENT_4/install/custom_msgs/share/custom_msgs/cmake/export_custom_msgs__rosidl_generator_pyExport.cmake
[0.489s] -- Up-to-date: /home/rishith/MRT/MRT_ASSIGNMENT_4/install/custom_msgs/share/custom_msgs/cmake/export_custom_msgs__rosidl_generator_pyExport-noconfig.cmake
[0.489s] -- Up-to-date: /home/rishith/MRT/MRT_ASSIGNMENT_4/install/custom_msgs/share/custom_msgs/cmake/rosidl_cmake-extras.cmake
[0.489s] -- Up-to-date: /home/rishith/MRT/MRT_ASSIGNMENT_4/install/custom_msgs/share/custom_msgs/cmake/ament_cmake_export_dependencies-extras.cmake
[0.490s] -- Up-to-date: /home/rishith/MRT/MRT_ASSIGNMENT_4/install/custom_msgs/share/custom_msgs/cmake/ament_cmake_export_include_directories-extras.cmake
[0.490s] -- Up-to-date: /home/rishith/MRT/MRT_ASSIGNMENT_4/install/custom_msgs/share/custom_msgs/cmake/ament_cmake_export_libraries-extras.cmake
[0.490s] -- Up-to-date: /home/rishith/MRT/MRT_ASSIGNMENT_4/install/custom_msgs/share/custom_msgs/cmake/ament_cmake_export_targets-extras.cmake
[0.491s] -- Up-to-date: /home/rishith/MRT/MRT_ASSIGNMENT_4/install/custom_msgs/share/custom_msgs/cmake/rosidl_cmake_export_typesupport_targets-extras.cmake
[0.491s] -- Up-to-date: /home/rishith/MRT/MRT_ASSIGNMENT_4/install/custom_msgs/share/custom_msgs/cmake/rosidl_cmake_export_typesupport_libraries-extras.cmake
[0.491s] -- Up-to-date: /home/rishith/MRT/MRT_ASSIGNMENT_4/install/custom_msgs/share/custom_msgs/cmake/custom_msgsConfig.cmake
[0.491s] -- Up-to-date: /home/rishith/MRT/MRT_ASSIGNMENT_4/install/custom_msgs/share/custom_msgs/cmake/custom_msgsConfig-version.cmake
[0.492s] -- Up-to-date: /home/rishith/MRT/MRT_ASSIGNMENT_4/install/custom_msgs/share/custom_msgs/package.xml
[0.492s] Invoked command in '/home/rishith/MRT/MRT_ASSIGNMENT_4/build/custom_msgs' returned '0': CMAKE_PREFIX_PATH=${CMAKE_PREFIX_PATH}:/home/rishith/MRT/MRT_ASSIGNMENT_4/install/py_srvcli:/opt/ros/humble /usr/bin/cmake --install /home/rishith/MRT/MRT_ASSIGNMENT_4/build/custom_msgs
