[0.071s] Invoking command in '/home/rishith/MRT/MRT_ASSIGNMENT_4/build/custom_msgs': CMAKE_PREFIX_PATH=${CMAKE_PREFIX_PATH}:/home/rishith/MRT/MRT_ASSIGNMENT_4/install/py_srvcli:/opt/ros/humble /usr/bin/cmake --build /home/rishith/MRT/MRT_ASSIGNMENT_4/build/custom_msgs -- -j12 -l12
[0.092s] -- Found ament_cmake: 1.3.8 (/opt/ros/humble/share/ament_cmake/cmake)
[0.198s] -- Found rosidl_default_generators: 1.2.0 (/opt/ros/humble/share/rosidl_default_generators/cmake)
[0.201s] -- Using all available rosidl_typesupport_c: rosidl_typesupport_fastrtps_c;rosidl_typesupport_introspection_c
[0.204s] -- Found rosidl_adapter: 3.1.5 (/opt/ros/humble/share/rosidl_adapter/cmake)
[0.233s] -- Using all available rosidl_typesupport_cpp: rosidl_typesupport_fastrtps_cpp;rosidl_typesupport_introspection_cpp
[0.254s] -- Found sensor_msgs: 4.2.3 (/opt/ros/humble/share/sensor_msgs/cmake)
[0.386s] -- Found cv_bridge: 3.2.1 (/opt/ros/humble/share/cv_bridge/cmake)
[0.581s] -- Found ament_cmake_ros: 0.10.0 (/opt/ros/humble/share/ament_cmake_ros/cmake)
[0.743s] -- Using all available rosidl_typesupport_c: rosidl_typesupport_fastrtps_c;rosidl_typesupport_introspection_c
[0.964s] -- Using all available rosidl_typesupport_cpp: rosidl_typesupport_fastrtps_cpp;rosidl_typesupport_introspection_cpp
[0.992s] -- Found python_cmake_module: 0.10.0 (/opt/ros/humble/share/python_cmake_module/cmake)
[1.007s] -- Using PYTHON_EXECUTABLE: /usr/bin/python3
[1.007s] -- Using PYTHON_INCLUDE_DIRS: /usr/include/python3.10
[1.007s] -- Using PYTHON_LIBRARIES: /usr/lib/x86_64-linux-gnu/libpython3.10.so
[1.036s] -- Found ament_lint_auto: 0.12.10 (/opt/ros/humble/share/ament_lint_auto/cmake)
[1.047s] -- Added test 'lint_cmake' to check CMake code style
[1.048s] -- Added test 'xmllint' to check XML markup files
[1.049s] -- Configuring done
[1.072s] -- Generating done
[1.074s] -- Build files have been written to: /home/rishith/MRT/MRT_ASSIGNMENT_4/build/custom_msgs
[1.089s] [  2%] [34m[1mGenerating C code for ROS interfaces[0m
[1.095s] [  5%] [34m[1mGenerating C++ code for ROS interfaces[0m
[1.108s] [  5%] Built target ament_cmake_python_copy_custom_msgs
[1.270s] running egg_info
[1.271s] writing custom_msgs.egg-info/PKG-INFO
[1.271s] writing dependency_links to custom_msgs.egg-info/dependency_links.txt
[1.271s] writing top-level names to custom_msgs.egg-info/top_level.txt
[1.273s] reading manifest file 'custom_msgs.egg-info/SOURCES.txt'
[1.274s] writing manifest file 'custom_msgs.egg-info/SOURCES.txt'
[1.296s] [  5%] Built target ament_cmake_python_build_custom_msgs_egg
[1.338s] [35m[1mConsolidate compiler generated dependencies of target custom_msgs__rosidl_generator_c[0m
[1.340s] [  5%] Built target custom_msgs__cpp
[1.347s] [  7%] [34m[1mGenerating C++ type support for eProsima Fast-RTPS[0m
[1.348s] [ 10%] [32mBuilding C object CMakeFiles/custom_msgs__rosidl_generator_c.dir/rosidl_generator_c/custom_msgs/srv/detail/path__functions.c.o[0m
[1.348s] [ 12%] [32mBuilding C object CMakeFiles/custom_msgs__rosidl_generator_c.dir/rosidl_generator_c/custom_msgs/srv/detail/corners__functions.c.o[0m
[1.348s] [ 17%] [34m[1mGenerating C++ type support dispatch for ROS interfaces[0m
[1.349s] [ 17%] [34m[1mGenerating C++ introspection for ROS interfaces[0m
[1.425s] [ 20%] [32m[1mLinking C shared library libcustom_msgs__rosidl_generator_c.so[0m
[1.463s] [ 20%] Built target custom_msgs__rosidl_generator_c
[1.471s] [ 23%] [34m[1mGenerating C type support for eProsima Fast-RTPS[0m
[1.472s] [ 28%] [34m[1mGenerating C type support dispatch for ROS interfaces[0m
[1.472s] [ 28%] [34m[1mGenerating C introspection for ROS interfaces[0m
[1.535s] [35m[1mConsolidate compiler generated dependencies of target custom_msgs__rosidl_typesupport_cpp[0m
[1.544s] [ 30%] [32mBuilding CXX object CMakeFiles/custom_msgs__rosidl_typesupport_cpp.dir/rosidl_typesupport_cpp/custom_msgs/srv/corners__type_support.cpp.o[0m
[1.546s] [ 33%] [32mBuilding CXX object CMakeFiles/custom_msgs__rosidl_typesupport_cpp.dir/rosidl_typesupport_cpp/custom_msgs/srv/path__type_support.cpp.o[0m
[1.576s] [35m[1mConsolidate compiler generated dependencies of target custom_msgs__rosidl_typesupport_introspection_cpp[0m
[1.584s] [ 35%] [32mBuilding CXX object CMakeFiles/custom_msgs__rosidl_typesupport_introspection_cpp.dir/rosidl_typesupport_introspection_cpp/custom_msgs/srv/detail/corners__type_support.cpp.o[0m
[1.586s] [ 38%] [32mBuilding CXX object CMakeFiles/custom_msgs__rosidl_typesupport_introspection_cpp.dir/rosidl_typesupport_introspection_cpp/custom_msgs/srv/detail/path__type_support.cpp.o[0m
[1.665s] [35m[1mConsolidate compiler generated dependencies of target custom_msgs__rosidl_typesupport_fastrtps_cpp[0m
[1.680s] [ 43%] [32mBuilding CXX object CMakeFiles/custom_msgs__rosidl_typesupport_fastrtps_cpp.dir/rosidl_typesupport_fastrtps_cpp/custom_msgs/srv/detail/dds_fastrtps/path__type_support.cpp.o[0m
[1.680s] [ 43%] [32mBuilding CXX object CMakeFiles/custom_msgs__rosidl_typesupport_fastrtps_cpp.dir/rosidl_typesupport_fastrtps_cpp/custom_msgs/srv/detail/dds_fastrtps/corners__type_support.cpp.o[0m
[1.684s] [35m[1mConsolidate compiler generated dependencies of target custom_msgs__rosidl_typesupport_c[0m
[1.696s] [ 48%] [32mBuilding CXX object CMakeFiles/custom_msgs__rosidl_typesupport_c.dir/rosidl_typesupport_c/custom_msgs/srv/path__type_support.cpp.o[0m
[1.696s] [ 48%] [32mBuilding CXX object CMakeFiles/custom_msgs__rosidl_typesupport_c.dir/rosidl_typesupport_c/custom_msgs/srv/corners__type_support.cpp.o[0m
[1.734s] [ 51%] [32m[1mLinking CXX shared library libcustom_msgs__rosidl_typesupport_c.so[0m
[1.794s] [ 51%] Built target custom_msgs__rosidl_typesupport_c
[1.817s] [35m[1mConsolidate compiler generated dependencies of target custom_msgs__rosidl_typesupport_introspection_c[0m
[1.824s] [35m[1mConsolidate compiler generated dependencies of target custom_msgs__rosidl_typesupport_fastrtps_c[0m
[1.835s] [ 56%] [32mBuilding C object CMakeFiles/custom_msgs__rosidl_typesupport_introspection_c.dir/rosidl_typesupport_introspection_c/custom_msgs/srv/detail/corners__type_support.c.o[0m
[1.835s] [ 56%] [32mBuilding C object CMakeFiles/custom_msgs__rosidl_typesupport_introspection_c.dir/rosidl_typesupport_introspection_c/custom_msgs/srv/detail/path__type_support.c.o[0m
[1.840s] [ 58%] [32mBuilding CXX object CMakeFiles/custom_msgs__rosidl_typesupport_fastrtps_c.dir/rosidl_typesupport_fastrtps_c/custom_msgs/srv/detail/corners__type_support_c.cpp.o[0m
[1.847s] [ 61%] [32mBuilding CXX object CMakeFiles/custom_msgs__rosidl_typesupport_fastrtps_c.dir/rosidl_typesupport_fastrtps_c/custom_msgs/srv/detail/path__type_support_c.cpp.o[0m
[1.879s] [ 64%] [32m[1mLinking CXX shared library libcustom_msgs__rosidl_typesupport_cpp.so[0m
[1.885s] [ 66%] [32m[1mLinking C shared library libcustom_msgs__rosidl_typesupport_introspection_c.so[0m
[1.919s] [ 66%] Built target custom_msgs__rosidl_typesupport_introspection_c
[1.923s] [ 66%] Built target custom_msgs__rosidl_typesupport_cpp
[2.058s] [ 69%] [32m[1mLinking CXX shared library libcustom_msgs__rosidl_typesupport_fastrtps_cpp.so[0m
[2.076s] [ 71%] [32m[1mLinking CXX shared library libcustom_msgs__rosidl_typesupport_introspection_cpp.so[0m
[2.119s] [ 71%] Built target custom_msgs__rosidl_typesupport_fastrtps_cpp
[2.152s] [ 71%] Built target custom_msgs__rosidl_typesupport_introspection_cpp
[2.177s] [ 74%] [32m[1mLinking CXX shared library libcustom_msgs__rosidl_typesupport_fastrtps_c.so[0m
[2.221s] [ 74%] Built target custom_msgs__rosidl_typesupport_fastrtps_c
[2.233s] [ 74%] Built target custom_msgs
[2.245s] [ 76%] [34m[1mGenerating Python code for ROS interfaces[0m
[2.530s] [ 76%] Built target custom_msgs__py
[2.535s] [35m[1mConsolidate compiler generated dependencies of target custom_msgs__rosidl_generator_py[0m
[2.544s] [ 79%] [32mBuilding C object CMakeFiles/custom_msgs__rosidl_generator_py.dir/rosidl_generator_py/custom_msgs/srv/_corners_s.c.o[0m
[2.546s] [ 82%] [32mBuilding C object CMakeFiles/custom_msgs__rosidl_generator_py.dir/rosidl_generator_py/custom_msgs/srv/_path_s.c.o[0m
[2.644s] [ 84%] [32m[1mLinking C shared library rosidl_generator_py/custom_msgs/libcustom_msgs__rosidl_generator_py.so[0m
[2.670s] [ 84%] Built target custom_msgs__rosidl_generator_py
[2.676s] [35m[1mConsolidate compiler generated dependencies of target custom_msgs__rosidl_typesupport_fastrtps_c__pyext[0m
[2.679s] [35m[1mConsolidate compiler generated dependencies of target custom_msgs__rosidl_typesupport_c__pyext[0m
[2.679s] [35m[1mConsolidate compiler generated dependencies of target custom_msgs__rosidl_typesupport_introspection_c__pyext[0m
[2.684s] [ 87%] [32mBuilding C object CMakeFiles/custom_msgs__rosidl_typesupport_fastrtps_c__pyext.dir/rosidl_generator_py/custom_msgs/_custom_msgs_s.ep.rosidl_typesupport_fastrtps_c.c.o[0m
[2.690s] [ 92%] [32mBuilding C object CMakeFiles/custom_msgs__rosidl_typesupport_introspection_c__pyext.dir/rosidl_generator_py/custom_msgs/_custom_msgs_s.ep.rosidl_typesupport_introspection_c.c.o[0m
[2.690s] [ 92%] [32mBuilding C object CMakeFiles/custom_msgs__rosidl_typesupport_c__pyext.dir/rosidl_generator_py/custom_msgs/_custom_msgs_s.ep.rosidl_typesupport_c.c.o[0m
[2.748s] [ 94%] [32m[1mLinking C shared library rosidl_generator_py/custom_msgs/custom_msgs_s__rosidl_typesupport_fastrtps_c.cpython-310-x86_64-linux-gnu.so[0m
[2.773s] [ 94%] Built target custom_msgs__rosidl_typesupport_fastrtps_c__pyext
[2.783s] [ 97%] [32m[1mLinking C shared library rosidl_generator_py/custom_msgs/custom_msgs_s__rosidl_typesupport_c.cpython-310-x86_64-linux-gnu.so[0m
[2.786s] [100%] [32m[1mLinking C shared library rosidl_generator_py/custom_msgs/custom_msgs_s__rosidl_typesupport_introspection_c.cpython-310-x86_64-linux-gnu.so[0m
[2.808s] [100%] Built target custom_msgs__rosidl_typesupport_c__pyext
[2.819s] [100%] Built target custom_msgs__rosidl_typesupport_introspection_c__pyext
[2.825s] Invoked command in '/home/rishith/MRT/MRT_ASSIGNMENT_4/build/custom_msgs' returned '0': CMAKE_PREFIX_PATH=${CMAKE_PREFIX_PATH}:/home/rishith/MRT/MRT_ASSIGNMENT_4/install/py_srvcli:/opt/ros/humble /usr/bin/cmake --build /home/rishith/MRT/MRT_ASSIGNMENT_4/build/custom_msgs -- -j12 -l12
[2.863s] Invoking command in '/home/rishith/MRT/MRT_ASSIGNMENT_4/build/custom_msgs': CMAKE_PREFIX_PATH=${CMAKE_PREFIX_PATH}:/home/rishith/MRT/MRT_ASSIGNMENT_4/install/py_srvcli:/opt/ros/humble /usr/bin/cmake --install /home/rishith/MRT/MRT_ASSIGNMENT_4/build/custom_msgs
[2.868s] -- Install configuration: ""
[2.868s] -- Up-to-date: /home/rishith/MRT/MRT_ASSIGNMENT_4/install/custom_msgs/share/ament_index/resource_index/rosidl_interfaces/custom_msgs
[2.868s] -- Up-to-date: /home/rishith/MRT/MRT_ASSIGNMENT_4/install/custom_msgs/include/custom_msgs/custom_msgs
[2.868s] -- Up-to-date: /home/rishith/MRT/MRT_ASSIGNMENT_4/install/custom_msgs/include/custom_msgs/custom_msgs/msg
[2.868s] -- Up-to-date: /home/rishith/MRT/MRT_ASSIGNMENT_4/install/custom_msgs/include/custom_msgs/custom_msgs/msg/rosidl_generator_c__visibility_control.h
[2.868s] -- Up-to-date: /home/rishith/MRT/MRT_ASSIGNMENT_4/install/custom_msgs/include/custom_msgs/custom_msgs/srv
[2.868s] -- Installing: /home/rishith/MRT/MRT_ASSIGNMENT_4/install/custom_msgs/include/custom_msgs/custom_msgs/srv/path.h
[2.868s] -- Up-to-date: /home/rishith/MRT/MRT_ASSIGNMENT_4/install/custom_msgs/include/custom_msgs/custom_msgs/srv/detail
[2.868s] -- Installing: /home/rishith/MRT/MRT_ASSIGNMENT_4/install/custom_msgs/include/custom_msgs/custom_msgs/srv/detail/corners__functions.h
[2.869s] -- Installing: /home/rishith/MRT/MRT_ASSIGNMENT_4/install/custom_msgs/include/custom_msgs/custom_msgs/srv/detail/path__functions.h
[2.869s] -- Installing: /home/rishith/MRT/MRT_ASSIGNMENT_4/install/custom_msgs/include/custom_msgs/custom_msgs/srv/detail/corners__struct.h
[2.869s] -- Installing: /home/rishith/MRT/MRT_ASSIGNMENT_4/install/custom_msgs/include/custom_msgs/custom_msgs/srv/detail/corners__type_support.h
[2.869s] -- Installing: /home/rishith/MRT/MRT_ASSIGNMENT_4/install/custom_msgs/include/custom_msgs/custom_msgs/srv/detail/corners__functions.c
[2.869s] -- Installing: /home/rishith/MRT/MRT_ASSIGNMENT_4/install/custom_msgs/include/custom_msgs/custom_msgs/srv/detail/path__type_support.h
[2.869s] -- Installing: /home/rishith/MRT/MRT_ASSIGNMENT_4/install/custom_msgs/include/custom_msgs/custom_msgs/srv/detail/path__struct.h
[2.869s] -- Installing: /home/rishith/MRT/MRT_ASSIGNMENT_4/install/custom_msgs/include/custom_msgs/custom_msgs/srv/detail/path__functions.c
[2.869s] -- Installing: /home/rishith/MRT/MRT_ASSIGNMENT_4/install/custom_msgs/include/custom_msgs/custom_msgs/srv/corners.h
[2.869s] -- Up-to-date: /home/rishith/MRT/MRT_ASSIGNMENT_4/install/custom_msgs/share/custom_msgs/environment/library_path.sh
[2.869s] -- Installing: /home/rishith/MRT/MRT_ASSIGNMENT_4/install/custom_msgs/share/custom_msgs/environment/library_path.dsv
[2.869s] -- Installing: /home/rishith/MRT/MRT_ASSIGNMENT_4/install/custom_msgs/lib/libcustom_msgs__rosidl_generator_c.so
[2.869s] -- Set runtime path of "/home/rishith/MRT/MRT_ASSIGNMENT_4/install/custom_msgs/lib/libcustom_msgs__rosidl_generator_c.so" to ""
[2.869s] -- Up-to-date: /home/rishith/MRT/MRT_ASSIGNMENT_4/install/custom_msgs/include/custom_msgs/custom_msgs
[2.870s] -- Up-to-date: /home/rishith/MRT/MRT_ASSIGNMENT_4/install/custom_msgs/include/custom_msgs/custom_msgs/msg
[2.870s] -- Up-to-date: /home/rishith/MRT/MRT_ASSIGNMENT_4/install/custom_msgs/include/custom_msgs/custom_msgs/msg/rosidl_typesupport_fastrtps_c__visibility_control.h
[2.870s] -- Up-to-date: /home/rishith/MRT/MRT_ASSIGNMENT_4/install/custom_msgs/include/custom_msgs/custom_msgs/srv
[2.870s] -- Up-to-date: /home/rishith/MRT/MRT_ASSIGNMENT_4/install/custom_msgs/include/custom_msgs/custom_msgs/srv/detail
[2.870s] -- Installing: /home/rishith/MRT/MRT_ASSIGNMENT_4/install/custom_msgs/include/custom_msgs/custom_msgs/srv/detail/corners__rosidl_typesupport_fastrtps_c.h
[2.870s] -- Installing: /home/rishith/MRT/MRT_ASSIGNMENT_4/install/custom_msgs/include/custom_msgs/custom_msgs/srv/detail/path__rosidl_typesupport_fastrtps_c.h
[2.870s] -- Installing: /home/rishith/MRT/MRT_ASSIGNMENT_4/install/custom_msgs/lib/libcustom_msgs__rosidl_typesupport_fastrtps_c.so
[2.870s] -- Set runtime path of "/home/rishith/MRT/MRT_ASSIGNMENT_4/install/custom_msgs/lib/libcustom_msgs__rosidl_typesupport_fastrtps_c.so" to ""
[2.870s] -- Up-to-date: /home/rishith/MRT/MRT_ASSIGNMENT_4/install/custom_msgs/include/custom_msgs/custom_msgs
[2.870s] -- Up-to-date: /home/rishith/MRT/MRT_ASSIGNMENT_4/install/custom_msgs/include/custom_msgs/custom_msgs/msg
[2.870s] -- Up-to-date: /home/rishith/MRT/MRT_ASSIGNMENT_4/install/custom_msgs/include/custom_msgs/custom_msgs/msg/rosidl_typesupport_introspection_c__visibility_control.h
[2.870s] -- Up-to-date: /home/rishith/MRT/MRT_ASSIGNMENT_4/install/custom_msgs/include/custom_msgs/custom_msgs/srv
[2.870s] -- Up-to-date: /home/rishith/MRT/MRT_ASSIGNMENT_4/install/custom_msgs/include/custom_msgs/custom_msgs/srv/detail
[2.871s] -- Installing: /home/rishith/MRT/MRT_ASSIGNMENT_4/install/custom_msgs/include/custom_msgs/custom_msgs/srv/detail/path__rosidl_typesupport_introspection_c.h
[2.871s] -- Installing: /home/rishith/MRT/MRT_ASSIGNMENT_4/install/custom_msgs/include/custom_msgs/custom_msgs/srv/detail/corners__type_support.c
[2.871s] -- Installing: /home/rishith/MRT/MRT_ASSIGNMENT_4/install/custom_msgs/include/custom_msgs/custom_msgs/srv/detail/corners__rosidl_typesupport_introspection_c.h
[2.871s] -- Installing: /home/rishith/MRT/MRT_ASSIGNMENT_4/install/custom_msgs/include/custom_msgs/custom_msgs/srv/detail/path__type_support.c
[2.871s] -- Installing: /home/rishith/MRT/MRT_ASSIGNMENT_4/install/custom_msgs/lib/libcustom_msgs__rosidl_typesupport_introspection_c.so
[2.871s] -- Set runtime path of "/home/rishith/MRT/MRT_ASSIGNMENT_4/install/custom_msgs/lib/libcustom_msgs__rosidl_typesupport_introspection_c.so" to ""
[2.871s] -- Installing: /home/rishith/MRT/MRT_ASSIGNMENT_4/install/custom_msgs/lib/libcustom_msgs__rosidl_typesupport_c.so
[2.871s] -- Set runtime path of "/home/rishith/MRT/MRT_ASSIGNMENT_4/install/custom_msgs/lib/libcustom_msgs__rosidl_typesupport_c.so" to ""
[2.871s] -- Up-to-date: /home/rishith/MRT/MRT_ASSIGNMENT_4/install/custom_msgs/include/custom_msgs/custom_msgs
[2.871s] -- Up-to-date: /home/rishith/MRT/MRT_ASSIGNMENT_4/install/custom_msgs/include/custom_msgs/custom_msgs/srv
[2.871s] -- Installing: /home/rishith/MRT/MRT_ASSIGNMENT_4/install/custom_msgs/include/custom_msgs/custom_msgs/srv/corners.hpp
[2.871s] -- Up-to-date: /home/rishith/MRT/MRT_ASSIGNMENT_4/install/custom_msgs/include/custom_msgs/custom_msgs/srv/detail
[2.872s] -- Installing: /home/rishith/MRT/MRT_ASSIGNMENT_4/install/custom_msgs/include/custom_msgs/custom_msgs/srv/detail/path__builder.hpp
[2.872s] -- Installing: /home/rishith/MRT/MRT_ASSIGNMENT_4/install/custom_msgs/include/custom_msgs/custom_msgs/srv/detail/path__struct.hpp
[2.872s] -- Installing: /home/rishith/MRT/MRT_ASSIGNMENT_4/install/custom_msgs/include/custom_msgs/custom_msgs/srv/detail/corners__builder.hpp
[2.872s] -- Installing: /home/rishith/MRT/MRT_ASSIGNMENT_4/install/custom_msgs/include/custom_msgs/custom_msgs/srv/detail/path__traits.hpp
[2.872s] -- Installing: /home/rishith/MRT/MRT_ASSIGNMENT_4/install/custom_msgs/include/custom_msgs/custom_msgs/srv/detail/corners__traits.hpp
[2.872s] -- Installing: /home/rishith/MRT/MRT_ASSIGNMENT_4/install/custom_msgs/include/custom_msgs/custom_msgs/srv/detail/corners__struct.hpp
[2.872s] -- Installing: /home/rishith/MRT/MRT_ASSIGNMENT_4/install/custom_msgs/include/custom_msgs/custom_msgs/srv/path.hpp
[2.872s] -- Up-to-date: /home/rishith/MRT/MRT_ASSIGNMENT_4/install/custom_msgs/include/custom_msgs/custom_msgs
[2.872s] -- Up-to-date: /home/rishith/MRT/MRT_ASSIGNMENT_4/install/custom_msgs/include/custom_msgs/custom_msgs/msg
[2.872s] -- Up-to-date: /home/rishith/MRT/MRT_ASSIGNMENT_4/install/custom_msgs/include/custom_msgs/custom_msgs/msg/rosidl_typesupport_fastrtps_cpp__visibility_control.h
[2.872s] -- Up-to-date: /home/rishith/MRT/MRT_ASSIGNMENT_4/install/custom_msgs/include/custom_msgs/custom_msgs/srv
[2.872s] -- Up-to-date: /home/rishith/MRT/MRT_ASSIGNMENT_4/install/custom_msgs/include/custom_msgs/custom_msgs/srv/detail
[2.872s] -- Up-to-date: /home/rishith/MRT/MRT_ASSIGNMENT_4/install/custom_msgs/include/custom_msgs/custom_msgs/srv/detail/dds_fastrtps
[2.873s] -- Installing: /home/rishith/MRT/MRT_ASSIGNMENT_4/install/custom_msgs/include/custom_msgs/custom_msgs/srv/detail/path__rosidl_typesupport_fastrtps_cpp.hpp
[2.873s] -- Installing: /home/rishith/MRT/MRT_ASSIGNMENT_4/install/custom_msgs/include/custom_msgs/custom_msgs/srv/detail/corners__rosidl_typesupport_fastrtps_cpp.hpp
[2.873s] -- Installing: /home/rishith/MRT/MRT_ASSIGNMENT_4/install/custom_msgs/lib/libcustom_msgs__rosidl_typesupport_fastrtps_cpp.so
[2.873s] -- Set runtime path of "/home/rishith/MRT/MRT_ASSIGNMENT_4/install/custom_msgs/lib/libcustom_msgs__rosidl_typesupport_fastrtps_cpp.so" to ""
[2.873s] -- Up-to-date: /home/rishith/MRT/MRT_ASSIGNMENT_4/install/custom_msgs/include/custom_msgs/custom_msgs
[2.873s] -- Up-to-date: /home/rishith/MRT/MRT_ASSIGNMENT_4/install/custom_msgs/include/custom_msgs/custom_msgs/srv
[2.873s] -- Up-to-date: /home/rishith/MRT/MRT_ASSIGNMENT_4/install/custom_msgs/include/custom_msgs/custom_msgs/srv/detail
[2.873s] -- Installing: /home/rishith/MRT/MRT_ASSIGNMENT_4/install/custom_msgs/include/custom_msgs/custom_msgs/srv/detail/path__type_support.cpp
[2.873s] -- Installing: /home/rishith/MRT/MRT_ASSIGNMENT_4/install/custom_msgs/include/custom_msgs/custom_msgs/srv/detail/corners__type_support.cpp
[2.873s] -- Installing: /home/rishith/MRT/MRT_ASSIGNMENT_4/install/custom_msgs/include/custom_msgs/custom_msgs/srv/detail/path__rosidl_typesupport_introspection_cpp.hpp
[2.873s] -- Installing: /home/rishith/MRT/MRT_ASSIGNMENT_4/install/custom_msgs/include/custom_msgs/custom_msgs/srv/detail/corners__rosidl_typesupport_introspection_cpp.hpp
[2.873s] -- Installing: /home/rishith/MRT/MRT_ASSIGNMENT_4/install/custom_msgs/lib/libcustom_msgs__rosidl_typesupport_introspection_cpp.so
[2.873s] -- Set runtime path of "/home/rishith/MRT/MRT_ASSIGNMENT_4/install/custom_msgs/lib/libcustom_msgs__rosidl_typesupport_introspection_cpp.so" to ""
[2.873s] -- Installing: /home/rishith/MRT/MRT_ASSIGNMENT_4/install/custom_msgs/lib/libcustom_msgs__rosidl_typesupport_cpp.so
[2.873s] -- Set runtime path of "/home/rishith/MRT/MRT_ASSIGNMENT_4/install/custom_msgs/lib/libcustom_msgs__rosidl_typesupport_cpp.so" to ""
[2.873s] -- Up-to-date: /home/rishith/MRT/MRT_ASSIGNMENT_4/install/custom_msgs/share/custom_msgs/environment/pythonpath.sh
[2.874s] -- Installing: /home/rishith/MRT/MRT_ASSIGNMENT_4/install/custom_msgs/share/custom_msgs/environment/pythonpath.dsv
[2.874s] -- Up-to-date: /home/rishith/MRT/MRT_ASSIGNMENT_4/install/custom_msgs/local/lib/python3.10/dist-packages/custom_msgs-0.0.0-py3.10.egg-info
[2.874s] -- Installing: /home/rishith/MRT/MRT_ASSIGNMENT_4/install/custom_msgs/local/lib/python3.10/dist-packages/custom_msgs-0.0.0-py3.10.egg-info/PKG-INFO
[2.874s] -- Installing: /home/rishith/MRT/MRT_ASSIGNMENT_4/install/custom_msgs/local/lib/python3.10/dist-packages/custom_msgs-0.0.0-py3.10.egg-info/top_level.txt
[2.874s] -- Installing: /home/rishith/MRT/MRT_ASSIGNMENT_4/install/custom_msgs/local/lib/python3.10/dist-packages/custom_msgs-0.0.0-py3.10.egg-info/SOURCES.txt
[2.874s] -- Installing: /home/rishith/MRT/MRT_ASSIGNMENT_4/install/custom_msgs/local/lib/python3.10/dist-packages/custom_msgs-0.0.0-py3.10.egg-info/dependency_links.txt
[2.874s] -- Up-to-date: /home/rishith/MRT/MRT_ASSIGNMENT_4/install/custom_msgs/local/lib/python3.10/dist-packages/custom_msgs
[2.874s] -- Installing: /home/rishith/MRT/MRT_ASSIGNMENT_4/install/custom_msgs/local/lib/python3.10/dist-packages/custom_msgs/custom_msgs_s__rosidl_typesupport_introspection_c.cpython-310-x86_64-linux-gnu.so
[2.874s] -- Installing: /home/rishith/MRT/MRT_ASSIGNMENT_4/install/custom_msgs/local/lib/python3.10/dist-packages/custom_msgs/libcustom_msgs__rosidl_generator_py.so
[2.874s] -- Installing: /home/rishith/MRT/MRT_ASSIGNMENT_4/install/custom_msgs/local/lib/python3.10/dist-packages/custom_msgs/_custom_msgs_s.ep.rosidl_typesupport_fastrtps_c.c
[2.874s] -- Installing: /home/rishith/MRT/MRT_ASSIGNMENT_4/install/custom_msgs/local/lib/python3.10/dist-packages/custom_msgs/__init__.py
[2.874s] -- Installing: /home/rishith/MRT/MRT_ASSIGNMENT_4/install/custom_msgs/local/lib/python3.10/dist-packages/custom_msgs/_custom_msgs_s.ep.rosidl_typesupport_c.c
[2.874s] -- Installing: /home/rishith/MRT/MRT_ASSIGNMENT_4/install/custom_msgs/local/lib/python3.10/dist-packages/custom_msgs/_custom_msgs_s.ep.rosidl_typesupport_introspection_c.c
[2.874s] -- Installing: /home/rishith/MRT/MRT_ASSIGNMENT_4/install/custom_msgs/local/lib/python3.10/dist-packages/custom_msgs/custom_msgs_s__rosidl_typesupport_c.cpython-310-x86_64-linux-gnu.so
[2.874s] -- Up-to-date: /home/rishith/MRT/MRT_ASSIGNMENT_4/install/custom_msgs/local/lib/python3.10/dist-packages/custom_msgs/srv
[2.874s] -- Installing: /home/rishith/MRT/MRT_ASSIGNMENT_4/install/custom_msgs/local/lib/python3.10/dist-packages/custom_msgs/srv/_path.py
[2.875s] -- Installing: /home/rishith/MRT/MRT_ASSIGNMENT_4/install/custom_msgs/local/lib/python3.10/dist-packages/custom_msgs/srv/_path_s.c
[2.875s] -- Installing: /home/rishith/MRT/MRT_ASSIGNMENT_4/install/custom_msgs/local/lib/python3.10/dist-packages/custom_msgs/srv/__init__.py
[2.875s] -- Installing: /home/rishith/MRT/MRT_ASSIGNMENT_4/install/custom_msgs/local/lib/python3.10/dist-packages/custom_msgs/srv/_corners.py
[2.875s] -- Installing: /home/rishith/MRT/MRT_ASSIGNMENT_4/install/custom_msgs/local/lib/python3.10/dist-packages/custom_msgs/srv/_corners_s.c
[2.875s] -- Installing: /home/rishith/MRT/MRT_ASSIGNMENT_4/install/custom_msgs/local/lib/python3.10/dist-packages/custom_msgs/custom_msgs_s__rosidl_typesupport_fastrtps_c.cpython-310-x86_64-linux-gnu.so
[2.896s] Listing '/home/rishith/MRT/MRT_ASSIGNMENT_4/install/custom_msgs/local/lib/python3.10/dist-packages/custom_msgs'...
[2.896s] Compiling '/home/rishith/MRT/MRT_ASSIGNMENT_4/install/custom_msgs/local/lib/python3.10/dist-packages/custom_msgs/__init__.py'...
[2.896s] Listing '/home/rishith/MRT/MRT_ASSIGNMENT_4/install/custom_msgs/local/lib/python3.10/dist-packages/custom_msgs/srv'...
[2.896s] Compiling '/home/rishith/MRT/MRT_ASSIGNMENT_4/install/custom_msgs/local/lib/python3.10/dist-packages/custom_msgs/srv/__init__.py'...
[2.896s] Compiling '/home/rishith/MRT/MRT_ASSIGNMENT_4/install/custom_msgs/local/lib/python3.10/dist-packages/custom_msgs/srv/_corners.py'...
[2.896s] Compiling '/home/rishith/MRT/MRT_ASSIGNMENT_4/install/custom_msgs/local/lib/python3.10/dist-packages/custom_msgs/srv/_path.py'...
[2.899s] -- Installing: /home/rishith/MRT/MRT_ASSIGNMENT_4/install/custom_msgs/local/lib/python3.10/dist-packages/custom_msgs/custom_msgs_s__rosidl_typesupport_fastrtps_c.cpython-310-x86_64-linux-gnu.so
[2.899s] -- Set runtime path of "/home/rishith/MRT/MRT_ASSIGNMENT_4/install/custom_msgs/local/lib/python3.10/dist-packages/custom_msgs/custom_msgs_s__rosidl_typesupport_fastrtps_c.cpython-310-x86_64-linux-gnu.so" to ""
[2.899s] -- Installing: /home/rishith/MRT/MRT_ASSIGNMENT_4/install/custom_msgs/local/lib/python3.10/dist-packages/custom_msgs/custom_msgs_s__rosidl_typesupport_introspection_c.cpython-310-x86_64-linux-gnu.so
[2.900s] -- Set runtime path of "/home/rishith/MRT/MRT_ASSIGNMENT_4/install/custom_msgs/local/lib/python3.10/dist-packages/custom_msgs/custom_msgs_s__rosidl_typesupport_introspection_c.cpython-310-x86_64-linux-gnu.so" to ""
[2.900s] -- Installing: /home/rishith/MRT/MRT_ASSIGNMENT_4/install/custom_msgs/local/lib/python3.10/dist-packages/custom_msgs/custom_msgs_s__rosidl_typesupport_c.cpython-310-x86_64-linux-gnu.so
[2.900s] -- Set runtime path of "/home/rishith/MRT/MRT_ASSIGNMENT_4/install/custom_msgs/local/lib/python3.10/dist-packages/custom_msgs/custom_msgs_s__rosidl_typesupport_c.cpython-310-x86_64-linux-gnu.so" to ""
[2.900s] -- Installing: /home/rishith/MRT/MRT_ASSIGNMENT_4/install/custom_msgs/lib/libcustom_msgs__rosidl_generator_py.so
[2.900s] -- Set runtime path of "/home/rishith/MRT/MRT_ASSIGNMENT_4/install/custom_msgs/lib/libcustom_msgs__rosidl_generator_py.so" to ""
[2.900s] -- Installing: /home/rishith/MRT/MRT_ASSIGNMENT_4/install/custom_msgs/share/custom_msgs/srv/Corners.idl
[2.901s] -- Up-to-date: /home/rishith/MRT/MRT_ASSIGNMENT_4/install/custom_msgs/share/custom_msgs/srv/Path.idl
[2.901s] -- Installing: /home/rishith/MRT/MRT_ASSIGNMENT_4/install/custom_msgs/share/custom_msgs/srv/Corners.srv
[2.901s] -- Installing: /home/rishith/MRT/MRT_ASSIGNMENT_4/install/custom_msgs/share/custom_msgs/srv/Corners_Request.msg
[2.901s] -- Up-to-date: /home/rishith/MRT/MRT_ASSIGNMENT_4/install/custom_msgs/share/custom_msgs/srv/Corners_Response.msg
[2.901s] -- Up-to-date: /home/rishith/MRT/MRT_ASSIGNMENT_4/install/custom_msgs/share/custom_msgs/srv/Path.srv
[2.901s] -- Up-to-date: /home/rishith/MRT/MRT_ASSIGNMENT_4/install/custom_msgs/share/custom_msgs/srv/Path_Request.msg
[2.901s] -- Up-to-date: /home/rishith/MRT/MRT_ASSIGNMENT_4/install/custom_msgs/share/custom_msgs/srv/Path_Response.msg
[2.901s] -- Up-to-date: /home/rishith/MRT/MRT_ASSIGNMENT_4/install/custom_msgs/share/ament_index/resource_index/package_run_dependencies/custom_msgs
[2.901s] -- Installing: /home/rishith/MRT/MRT_ASSIGNMENT_4/install/custom_msgs/share/ament_index/resource_index/parent_prefix_path/custom_msgs
[2.901s] -- Up-to-date: /home/rishith/MRT/MRT_ASSIGNMENT_4/install/custom_msgs/share/custom_msgs/environment/ament_prefix_path.sh
[2.901s] -- Installing: /home/rishith/MRT/MRT_ASSIGNMENT_4/install/custom_msgs/share/custom_msgs/environment/ament_prefix_path.dsv
[2.901s] -- Up-to-date: /home/rishith/MRT/MRT_ASSIGNMENT_4/install/custom_msgs/share/custom_msgs/environment/path.sh
[2.901s] -- Installing: /home/rishith/MRT/MRT_ASSIGNMENT_4/install/custom_msgs/share/custom_msgs/environment/path.dsv
[2.902s] -- Up-to-date: /home/rishith/MRT/MRT_ASSIGNMENT_4/install/custom_msgs/share/custom_msgs/local_setup.bash
[2.902s] -- Up-to-date: /home/rishith/MRT/MRT_ASSIGNMENT_4/install/custom_msgs/share/custom_msgs/local_setup.sh
[2.902s] -- Up-to-date: /home/rishith/MRT/MRT_ASSIGNMENT_4/install/custom_msgs/share/custom_msgs/local_setup.zsh
[2.902s] -- Installing: /home/rishith/MRT/MRT_ASSIGNMENT_4/install/custom_msgs/share/custom_msgs/local_setup.dsv
[2.902s] -- Installing: /home/rishith/MRT/MRT_ASSIGNMENT_4/install/custom_msgs/share/custom_msgs/package.dsv
[2.902s] -- Up-to-date: /home/rishith/MRT/MRT_ASSIGNMENT_4/install/custom_msgs/share/ament_index/resource_index/packages/custom_msgs
[2.902s] -- Up-to-date: /home/rishith/MRT/MRT_ASSIGNMENT_4/install/custom_msgs/share/custom_msgs/cmake/export_custom_msgs__rosidl_generator_cExport.cmake
[2.902s] -- Up-to-date: /home/rishith/MRT/MRT_ASSIGNMENT_4/install/custom_msgs/share/custom_msgs/cmake/export_custom_msgs__rosidl_generator_cExport-noconfig.cmake
[2.902s] -- Up-to-date: /home/rishith/MRT/MRT_ASSIGNMENT_4/install/custom_msgs/share/custom_msgs/cmake/export_custom_msgs__rosidl_typesupport_fastrtps_cExport.cmake
[2.902s] -- Up-to-date: /home/rishith/MRT/MRT_ASSIGNMENT_4/install/custom_msgs/share/custom_msgs/cmake/export_custom_msgs__rosidl_typesupport_fastrtps_cExport-noconfig.cmake
[2.902s] -- Up-to-date: /home/rishith/MRT/MRT_ASSIGNMENT_4/install/custom_msgs/share/custom_msgs/cmake/custom_msgs__rosidl_typesupport_introspection_cExport.cmake
[2.902s] -- Up-to-date: /home/rishith/MRT/MRT_ASSIGNMENT_4/install/custom_msgs/share/custom_msgs/cmake/custom_msgs__rosidl_typesupport_introspection_cExport-noconfig.cmake
[2.903s] -- Up-to-date: /home/rishith/MRT/MRT_ASSIGNMENT_4/install/custom_msgs/share/custom_msgs/cmake/custom_msgs__rosidl_typesupport_cExport.cmake
[2.903s] -- Up-to-date: /home/rishith/MRT/MRT_ASSIGNMENT_4/install/custom_msgs/share/custom_msgs/cmake/custom_msgs__rosidl_typesupport_cExport-noconfig.cmake
[2.903s] -- Up-to-date: /home/rishith/MRT/MRT_ASSIGNMENT_4/install/custom_msgs/share/custom_msgs/cmake/export_custom_msgs__rosidl_generator_cppExport.cmake
[2.903s] -- Up-to-date: /home/rishith/MRT/MRT_ASSIGNMENT_4/install/custom_msgs/share/custom_msgs/cmake/export_custom_msgs__rosidl_typesupport_fastrtps_cppExport.cmake
[2.903s] -- Up-to-date: /home/rishith/MRT/MRT_ASSIGNMENT_4/install/custom_msgs/share/custom_msgs/cmake/export_custom_msgs__rosidl_typesupport_fastrtps_cppExport-noconfig.cmake
[2.903s] -- Up-to-date: /home/rishith/MRT/MRT_ASSIGNMENT_4/install/custom_msgs/share/custom_msgs/cmake/custom_msgs__rosidl_typesupport_introspection_cppExport.cmake
[2.903s] -- Up-to-date: /home/rishith/MRT/MRT_ASSIGNMENT_4/install/custom_msgs/share/custom_msgs/cmake/custom_msgs__rosidl_typesupport_introspection_cppExport-noconfig.cmake
[2.903s] -- Up-to-date: /home/rishith/MRT/MRT_ASSIGNMENT_4/install/custom_msgs/share/custom_msgs/cmake/custom_msgs__rosidl_typesupport_cppExport.cmake
[2.903s] -- Up-to-date: /home/rishith/MRT/MRT_ASSIGNMENT_4/install/custom_msgs/share/custom_msgs/cmake/custom_msgs__rosidl_typesupport_cppExport-noconfig.cmake
[2.903s] -- Up-to-date: /home/rishith/MRT/MRT_ASSIGNMENT_4/install/custom_msgs/share/custom_msgs/cmake/export_custom_msgs__rosidl_generator_pyExport.cmake
[2.903s] -- Up-to-date: /home/rishith/MRT/MRT_ASSIGNMENT_4/install/custom_msgs/share/custom_msgs/cmake/export_custom_msgs__rosidl_generator_pyExport-noconfig.cmake
[2.903s] -- Up-to-date: /home/rishith/MRT/MRT_ASSIGNMENT_4/install/custom_msgs/share/custom_msgs/cmake/rosidl_cmake-extras.cmake
[2.903s] -- Up-to-date: /home/rishith/MRT/MRT_ASSIGNMENT_4/install/custom_msgs/share/custom_msgs/cmake/ament_cmake_export_dependencies-extras.cmake
[2.903s] -- Up-to-date: /home/rishith/MRT/MRT_ASSIGNMENT_4/install/custom_msgs/share/custom_msgs/cmake/ament_cmake_export_include_directories-extras.cmake
[2.903s] -- Up-to-date: /home/rishith/MRT/MRT_ASSIGNMENT_4/install/custom_msgs/share/custom_msgs/cmake/ament_cmake_export_libraries-extras.cmake
[2.904s] -- Up-to-date: /home/rishith/MRT/MRT_ASSIGNMENT_4/install/custom_msgs/share/custom_msgs/cmake/ament_cmake_export_targets-extras.cmake
[2.904s] -- Up-to-date: /home/rishith/MRT/MRT_ASSIGNMENT_4/install/custom_msgs/share/custom_msgs/cmake/rosidl_cmake_export_typesupport_targets-extras.cmake
[2.904s] -- Up-to-date: /home/rishith/MRT/MRT_ASSIGNMENT_4/install/custom_msgs/share/custom_msgs/cmake/rosidl_cmake_export_typesupport_libraries-extras.cmake
[2.904s] -- Up-to-date: /home/rishith/MRT/MRT_ASSIGNMENT_4/install/custom_msgs/share/custom_msgs/cmake/custom_msgsConfig.cmake
[2.904s] -- Up-to-date: /home/rishith/MRT/MRT_ASSIGNMENT_4/install/custom_msgs/share/custom_msgs/cmake/custom_msgsConfig-version.cmake
[2.904s] -- Up-to-date: /home/rishith/MRT/MRT_ASSIGNMENT_4/install/custom_msgs/share/custom_msgs/package.xml
[2.905s] Invoked command in '/home/rishith/MRT/MRT_ASSIGNMENT_4/build/custom_msgs' returned '0': CMAKE_PREFIX_PATH=${CMAKE_PREFIX_PATH}:/home/rishith/MRT/MRT_ASSIGNMENT_4/install/py_srvcli:/opt/ros/humble /usr/bin/cmake --install /home/rishith/MRT/MRT_ASSIGNMENT_4/build/custom_msgs
