[0.039s] Invoking command in '/home/rishith/MRT/MRT_ASSIGNMENT_4/build/more_interfaces': CMAKE_PREFIX_PATH=/opt/ros/humble /usr/bin/cmake --build /home/rishith/MRT/MRT_ASSIGNMENT_4/build/more_interfaces -- -j12 -l12
[0.079s] Invoked command in '/home/rishith/MRT/MRT_ASSIGNMENT_4/build/more_interfaces' returned '0': CMAKE_PREFIX_PATH=/opt/ros/humble /usr/bin/cmake --build /home/rishith/MRT/MRT_ASSIGNMENT_4/build/more_interfaces -- -j12 -l12
[0.105s] Invoking command in '/home/rishith/MRT/MRT_ASSIGNMENT_4/build/more_interfaces': CMAKE_PREFIX_PATH=/opt/ros/humble /usr/bin/cmake --install /home/rishith/MRT/MRT_ASSIGNMENT_4/build/more_interfaces
[0.112s] -- Install configuration: ""
[0.112s] -- Execute custom install script
[0.113s] -- Up-to-date symlink: /home/rishith/MRT/MRT_ASSIGNMENT_4/install/more_interfaces/share/ament_index/resource_index/package_run_dependencies/more_interfaces
[0.113s] -- Up-to-date symlink: /home/rishith/MRT/MRT_ASSIGNMENT_4/install/more_interfaces/share/ament_index/resource_index/parent_prefix_path/more_interfaces
[0.113s] -- Up-to-date symlink: /home/rishith/MRT/MRT_ASSIGNMENT_4/install/more_interfaces/share/more_interfaces/environment/ament_prefix_path.sh
[0.114s] -- Up-to-date symlink: /home/rishith/MRT/MRT_ASSIGNMENT_4/install/more_interfaces/share/more_interfaces/environment/ament_prefix_path.dsv
[0.114s] -- Up-to-date symlink: /home/rishith/MRT/MRT_ASSIGNMENT_4/install/more_interfaces/share/more_interfaces/environment/path.sh
[0.114s] -- Up-to-date symlink: /home/rishith/MRT/MRT_ASSIGNMENT_4/install/more_interfaces/share/more_interfaces/environment/path.dsv
[0.114s] -- Up-to-date symlink: /home/rishith/MRT/MRT_ASSIGNMENT_4/install/more_interfaces/share/more_interfaces/local_setup.bash
[0.115s] -- Up-to-date symlink: /home/rishith/MRT/MRT_ASSIGNMENT_4/install/more_interfaces/share/more_interfaces/local_setup.sh
[0.115s] -- Up-to-date symlink: /home/rishith/MRT/MRT_ASSIGNMENT_4/install/more_interfaces/share/more_interfaces/local_setup.zsh
[0.115s] -- Up-to-date symlink: /home/rishith/MRT/MRT_ASSIGNMENT_4/install/more_interfaces/share/more_interfaces/local_setup.dsv
[0.115s] -- Symlinking: /home/rishith/MRT/MRT_ASSIGNMENT_4/install/more_interfaces/share/more_interfaces/package.dsv
[0.122s] -- Up-to-date symlink: /home/rishith/MRT/MRT_ASSIGNMENT_4/install/more_interfaces/share/ament_index/resource_index/packages/more_interfaces
[0.122s] -- Up-to-date symlink: /home/rishith/MRT/MRT_ASSIGNMENT_4/install/more_interfaces/share/more_interfaces/cmake/more_interfacesConfig.cmake
[0.122s] -- Up-to-date symlink: /home/rishith/MRT/MRT_ASSIGNMENT_4/install/more_interfaces/share/more_interfaces/cmake/more_interfacesConfig-version.cmake
[0.122s] -- Up-to-date symlink: /home/rishith/MRT/MRT_ASSIGNMENT_4/install/more_interfaces/share/more_interfaces/package.xml
[0.125s] Invoked command in '/home/rishith/MRT/MRT_ASSIGNMENT_4/build/more_interfaces' returned '0': CMAKE_PREFIX_PATH=/opt/ros/humble /usr/bin/cmake --install /home/rishith/MRT/MRT_ASSIGNMENT_4/build/more_interfaces
