running develop
running egg_info
creating py_srvcli.egg-info
writing py_srvcli.egg-info/PKG-INFO
writing dependency_links to py_srvcli.egg-info/dependency_links.txt
writing entry points to py_srvcli.egg-info/entry_points.txt
writing requirements to py_srvcli.egg-info/requires.txt
writing top-level names to py_srvcli.egg-info/top_level.txt
writing manifest file 'py_srvcli.egg-info/SOURCES.txt'
reading manifest file 'py_srvcli.egg-info/SOURCES.txt'
writing manifest file 'py_srvcli.egg-info/SOURCES.txt'
running build_ext
Creating /home/rishith/MRT/MRT_ASSIGNMENT_4/install/py_srvcli/lib/python3.10/site-packages/py-srvcli.egg-link (link to .)
Installing client script to /home/rishith/MRT/MRT_ASSIGNMENT_4/install/py_srvcli/lib/py_srvcli
Installing server script to /home/rishith/MRT/MRT_ASSIGNMENT_4/install/py_srvcli/lib/py_srvcli

Installed /home/rishith/MRT/MRT_ASSIGNMENT_4/build/py_srvcli
running install_data
creating /home/rishith/MRT/MRT_ASSIGNMENT_4/install/py_srvcli/share/ament_index
creating /home/rishith/MRT/MRT_ASSIGNMENT_4/install/py_srvcli/share/ament_index/resource_index
creating /home/rishith/MRT/MRT_ASSIGNMENT_4/install/py_srvcli/share/ament_index/resource_index/packages
copying resource/py_srvcli -> /home/rishith/MRT/MRT_ASSIGNMENT_4/install/py_srvcli/share/ament_index/resource_index/packages
copying package.xml -> /home/rishith/MRT/MRT_ASSIGNMENT_4/install/py_srvcli/share/py_srvcli
