[0.857s] Invoking command in '/home/rishith/MRT/MRT_ASSIGNMENT_4/build/py_srvcli': PYTHONPATH=/home/rishith/MRT/MRT_ASSIGNMENT_4/build/py_srvcli/prefix_override:/home/rishith/MRT/MRT_ASSIGNMENT_4/install/py_srvcli/lib/python3.10/site-packages:${PYTHONPATH} /usr/bin/python3 setup.py develop --editable --build-directory /home/rishith/MRT/MRT_ASSIGNMENT_4/build/py_srvcli/build --no-deps install_data
[1.052s] running develop
[1.053s] /usr/lib/python3/dist-packages/setuptools/command/easy_install.py:158: EasyInstallDeprecationWarning: easy_install command is deprecated. Use build and pip and other standards-based tools.
[1.053s]   warnings.warn(
[1.055s] /usr/lib/python3/dist-packages/setuptools/command/install.py:34: SetuptoolsDeprecationWarning: setup.py install is deprecated. Use build and pip and other standards-based tools.
[1.055s]   warnings.warn(
[1.170s] running egg_info
[1.170s] creating py_srvcli.egg-info
[1.170s] writing py_srvcli.egg-info/PKG-INFO
[1.171s] writing dependency_links to py_srvcli.egg-info/dependency_links.txt
[1.171s] writing entry points to py_srvcli.egg-info/entry_points.txt
[1.172s] writing requirements to py_srvcli.egg-info/requires.txt
[1.172s] writing top-level names to py_srvcli.egg-info/top_level.txt
[1.172s] writing manifest file 'py_srvcli.egg-info/SOURCES.txt'
[1.172s] reading manifest file 'py_srvcli.egg-info/SOURCES.txt'
[1.172s] writing manifest file 'py_srvcli.egg-info/SOURCES.txt'
[1.173s] running build_ext
[1.173s] Creating /home/rishith/MRT/MRT_ASSIGNMENT_4/install/py_srvcli/lib/python3.10/site-packages/py-srvcli.egg-link (link to .)
[1.174s] Installing client script to /home/rishith/MRT/MRT_ASSIGNMENT_4/install/py_srvcli/lib/py_srvcli
[1.175s] Installing server script to /home/rishith/MRT/MRT_ASSIGNMENT_4/install/py_srvcli/lib/py_srvcli
[1.175s] 
[1.175s] Installed /home/rishith/MRT/MRT_ASSIGNMENT_4/build/py_srvcli
[1.175s] running install_data
[1.175s] creating /home/rishith/MRT/MRT_ASSIGNMENT_4/install/py_srvcli/share/ament_index
[1.175s] creating /home/rishith/MRT/MRT_ASSIGNMENT_4/install/py_srvcli/share/ament_index/resource_index
[1.176s] creating /home/rishith/MRT/MRT_ASSIGNMENT_4/install/py_srvcli/share/ament_index/resource_index/packages
[1.176s] copying resource/py_srvcli -> /home/rishith/MRT/MRT_ASSIGNMENT_4/install/py_srvcli/share/ament_index/resource_index/packages
[1.176s] copying package.xml -> /home/rishith/MRT/MRT_ASSIGNMENT_4/install/py_srvcli/share/py_srvcli
[1.200s] Invoked command in '/home/rishith/MRT/MRT_ASSIGNMENT_4/build/py_srvcli' returned '0': PYTHONPATH=/home/rishith/MRT/MRT_ASSIGNMENT_4/build/py_srvcli/prefix_override:/home/rishith/MRT/MRT_ASSIGNMENT_4/install/py_srvcli/lib/python3.10/site-packages:${PYTHONPATH} /usr/bin/python3 setup.py develop --editable --build-directory /home/rishith/MRT/MRT_ASSIGNMENT_4/build/py_srvcli/build --no-deps install_data
