[0.517s] DEBUG:colcon:Command line arguments: ['/usr/bin/colcon', 'build']
[0.517s] DEBUG:colcon:Parsed command line arguments: Namespace(log_base=None, log_level=None, verb_name='build', build_base='build', install_base='install', merge_install=False, symlink_install=False, test_result_base=None, continue_on_error=False, executor='parallel', parallel_workers=12, event_handlers=None, ignore_user_meta=False, metas=['./colcon.meta'], base_paths=['.'], packages_ignore=None, packages_ignore_regex=None, paths=None, packages_up_to=None, packages_up_to_regex=None, packages_above=None, packages_above_and_dependencies=None, packages_above_depth=None, packages_select_by_dep=None, packages_skip_by_dep=None, packages_skip_up_to=None, packages_select_build_failed=False, packages_skip_build_finished=False, packages_select_test_failures=False, packages_skip_test_passed=False, packages_select=None, packages_skip=None, packages_select_regex=None, packages_skip_regex=None, packages_start=None, packages_end=None, allow_overriding=[], cmake_args=None, cmake_target=None, cmake_target_skip_unavailable=False, cmake_clean_cache=False, cmake_clean_first=False, cmake_force_configure=False, ament_cmake_args=None, catkin_cmake_args=None, catkin_skip_building_tests=False, verb_parser=<colcon_defaults.argument_parser.defaults.DefaultArgumentsDecorator object at 0x7bfd854bfd90>, verb_extension=<colcon_core.verb.build.BuildVerb object at 0x7bfd854bd3c0>, main=<bound method BuildVerb.main of <colcon_core.verb.build.BuildVerb object at 0x7bfd854bd3c0>>)
[0.543s] Level 1:colcon.colcon_core.package_discovery:discover_packages(colcon_meta) check parameters
[0.543s] Level 1:colcon.colcon_core.package_discovery:discover_packages(recursive) check parameters
[0.543s] Level 1:colcon.colcon_core.package_discovery:discover_packages(ignore) check parameters
[0.543s] Level 1:colcon.colcon_core.package_discovery:discover_packages(path) check parameters
[0.543s] Level 1:colcon.colcon_core.package_discovery:discover_packages(colcon_meta) discover
[0.543s] Level 1:colcon.colcon_core.package_discovery:discover_packages(recursive) discover
[0.543s] INFO:colcon.colcon_core.package_discovery:Crawling recursively for packages in '/home/rishith/MRT/MRT_ASSIGNMENT_4'
[0.543s] Level 1:colcon.colcon_core.package_identification:_identify(.) by extensions ['ignore', 'ignore_ament_install']
[0.543s] Level 1:colcon.colcon_core.package_identification:_identify(.) by extension 'ignore'
[0.544s] Level 1:colcon.colcon_core.package_identification:_identify(.) by extension 'ignore_ament_install'
[0.544s] Level 1:colcon.colcon_core.package_identification:_identify(.) by extensions ['colcon_pkg']
[0.544s] Level 1:colcon.colcon_core.package_identification:_identify(.) by extension 'colcon_pkg'
[0.544s] Level 1:colcon.colcon_core.package_identification:_identify(.) by extensions ['colcon_meta']
[0.544s] Level 1:colcon.colcon_core.package_identification:_identify(.) by extension 'colcon_meta'
[0.544s] Level 1:colcon.colcon_core.package_identification:_identify(.) by extensions ['ros']
[0.544s] Level 1:colcon.colcon_core.package_identification:_identify(.) by extension 'ros'
[0.550s] Level 1:colcon.colcon_core.package_identification:_identify(.) by extensions ['cmake', 'python']
[0.550s] Level 1:colcon.colcon_core.package_identification:_identify(.) by extension 'cmake'
[0.550s] Level 1:colcon.colcon_core.package_identification:_identify(.) by extension 'python'
[0.550s] Level 1:colcon.colcon_core.package_identification:_identify(.) by extensions ['python_setup_py']
[0.550s] Level 1:colcon.colcon_core.package_identification:_identify(.) by extension 'python_setup_py'
[0.551s] Level 1:colcon.colcon_core.package_identification:_identify(build) by extensions ['ignore', 'ignore_ament_install']
[0.551s] Level 1:colcon.colcon_core.package_identification:_identify(build) by extension 'ignore'
[0.551s] Level 1:colcon.colcon_core.package_identification:_identify(build) ignored
[0.551s] Level 1:colcon.colcon_core.package_identification:_identify(install) by extensions ['ignore', 'ignore_ament_install']
[0.551s] Level 1:colcon.colcon_core.package_identification:_identify(install) by extension 'ignore'
[0.551s] Level 1:colcon.colcon_core.package_identification:_identify(install) ignored
[0.551s] Level 1:colcon.colcon_core.package_identification:_identify(log) by extensions ['ignore', 'ignore_ament_install']
[0.551s] Level 1:colcon.colcon_core.package_identification:_identify(log) by extension 'ignore'
[0.551s] Level 1:colcon.colcon_core.package_identification:_identify(log) ignored
[0.551s] Level 1:colcon.colcon_core.package_identification:_identify(src) by extensions ['ignore', 'ignore_ament_install']
[0.551s] Level 1:colcon.colcon_core.package_identification:_identify(src) by extension 'ignore'
[0.551s] Level 1:colcon.colcon_core.package_identification:_identify(src) by extension 'ignore_ament_install'
[0.551s] Level 1:colcon.colcon_core.package_identification:_identify(src) by extensions ['colcon_pkg']
[0.551s] Level 1:colcon.colcon_core.package_identification:_identify(src) by extension 'colcon_pkg'
[0.551s] Level 1:colcon.colcon_core.package_identification:_identify(src) by extensions ['colcon_meta']
[0.551s] Level 1:colcon.colcon_core.package_identification:_identify(src) by extension 'colcon_meta'
[0.551s] Level 1:colcon.colcon_core.package_identification:_identify(src) by extensions ['ros']
[0.551s] Level 1:colcon.colcon_core.package_identification:_identify(src) by extension 'ros'
[0.551s] Level 1:colcon.colcon_core.package_identification:_identify(src) by extensions ['cmake', 'python']
[0.551s] Level 1:colcon.colcon_core.package_identification:_identify(src) by extension 'cmake'
[0.551s] Level 1:colcon.colcon_core.package_identification:_identify(src) by extension 'python'
[0.551s] Level 1:colcon.colcon_core.package_identification:_identify(src) by extensions ['python_setup_py']
[0.551s] Level 1:colcon.colcon_core.package_identification:_identify(src) by extension 'python_setup_py'
[0.551s] Level 1:colcon.colcon_core.package_identification:_identify(src/custom_msgs) by extensions ['ignore', 'ignore_ament_install']
[0.551s] Level 1:colcon.colcon_core.package_identification:_identify(src/custom_msgs) by extension 'ignore'
[0.551s] Level 1:colcon.colcon_core.package_identification:_identify(src/custom_msgs) by extension 'ignore_ament_install'
[0.551s] Level 1:colcon.colcon_core.package_identification:_identify(src/custom_msgs) by extensions ['colcon_pkg']
[0.551s] Level 1:colcon.colcon_core.package_identification:_identify(src/custom_msgs) by extension 'colcon_pkg'
[0.551s] Level 1:colcon.colcon_core.package_identification:_identify(src/custom_msgs) by extensions ['colcon_meta']
[0.551s] Level 1:colcon.colcon_core.package_identification:_identify(src/custom_msgs) by extension 'colcon_meta'
[0.552s] Level 1:colcon.colcon_core.package_identification:_identify(src/custom_msgs) by extensions ['ros']
[0.552s] Level 1:colcon.colcon_core.package_identification:_identify(src/custom_msgs) by extension 'ros'
[0.553s] DEBUG:colcon.colcon_core.package_identification:Package 'src/custom_msgs' with type 'ros.ament_cmake' and name 'custom_msgs'
[0.553s] Level 1:colcon.colcon_core.package_identification:_identify(src/more_interfaces) by extensions ['ignore', 'ignore_ament_install']
[0.553s] Level 1:colcon.colcon_core.package_identification:_identify(src/more_interfaces) by extension 'ignore'
[0.553s] Level 1:colcon.colcon_core.package_identification:_identify(src/more_interfaces) by extension 'ignore_ament_install'
[0.553s] Level 1:colcon.colcon_core.package_identification:_identify(src/more_interfaces) by extensions ['colcon_pkg']
[0.553s] Level 1:colcon.colcon_core.package_identification:_identify(src/more_interfaces) by extension 'colcon_pkg'
[0.553s] Level 1:colcon.colcon_core.package_identification:_identify(src/more_interfaces) by extensions ['colcon_meta']
[0.553s] Level 1:colcon.colcon_core.package_identification:_identify(src/more_interfaces) by extension 'colcon_meta'
[0.553s] Level 1:colcon.colcon_core.package_identification:_identify(src/more_interfaces) by extensions ['ros']
[0.553s] Level 1:colcon.colcon_core.package_identification:_identify(src/more_interfaces) by extension 'ros'
[0.554s] DEBUG:colcon.colcon_core.package_identification:Package 'src/more_interfaces' with type 'ros.ament_cmake' and name 'more_interfaces'
[0.554s] Level 1:colcon.colcon_core.package_identification:_identify(src/py_srvcli) by extensions ['ignore', 'ignore_ament_install']
[0.554s] Level 1:colcon.colcon_core.package_identification:_identify(src/py_srvcli) by extension 'ignore'
[0.554s] Level 1:colcon.colcon_core.package_identification:_identify(src/py_srvcli) by extension 'ignore_ament_install'
[0.554s] Level 1:colcon.colcon_core.package_identification:_identify(src/py_srvcli) by extensions ['colcon_pkg']
[0.554s] Level 1:colcon.colcon_core.package_identification:_identify(src/py_srvcli) by extension 'colcon_pkg'
[0.554s] Level 1:colcon.colcon_core.package_identification:_identify(src/py_srvcli) by extensions ['colcon_meta']
[0.554s] Level 1:colcon.colcon_core.package_identification:_identify(src/py_srvcli) by extension 'colcon_meta'
[0.554s] Level 1:colcon.colcon_core.package_identification:_identify(src/py_srvcli) by extensions ['ros']
[0.554s] Level 1:colcon.colcon_core.package_identification:_identify(src/py_srvcli) by extension 'ros'
[0.555s] DEBUG:colcon.colcon_core.package_identification:Package 'src/py_srvcli' with type 'ros.ament_python' and name 'py_srvcli'
[0.555s] Level 1:colcon.colcon_core.package_discovery:discover_packages(recursive) using defaults
[0.555s] Level 1:colcon.colcon_core.package_discovery:discover_packages(ignore) discover
[0.555s] Level 1:colcon.colcon_core.package_discovery:discover_packages(ignore) using defaults
[0.555s] Level 1:colcon.colcon_core.package_discovery:discover_packages(path) discover
[0.555s] Level 1:colcon.colcon_core.package_discovery:discover_packages(path) using defaults
[0.606s] Level 1:colcon.colcon_core.package_discovery:discover_packages(prefix_path) check parameters
[0.606s] Level 1:colcon.colcon_core.package_discovery:discover_packages(prefix_path) discover
[0.624s] DEBUG:colcon.colcon_installed_package_information.package_discovery:Found 271 installed packages in /opt/ros/humble
[0.625s] Level 1:colcon.colcon_core.package_discovery:discover_packages(prefix_path) using defaults
[0.682s] Level 5:colcon.colcon_core.verb:set package 'custom_msgs' build argument 'cmake_args' from command line to 'None'
[0.682s] Level 5:colcon.colcon_core.verb:set package 'custom_msgs' build argument 'cmake_target' from command line to 'None'
[0.682s] Level 5:colcon.colcon_core.verb:set package 'custom_msgs' build argument 'cmake_target_skip_unavailable' from command line to 'False'
[0.682s] Level 5:colcon.colcon_core.verb:set package 'custom_msgs' build argument 'cmake_clean_cache' from command line to 'False'
[0.682s] Level 5:colcon.colcon_core.verb:set package 'custom_msgs' build argument 'cmake_clean_first' from command line to 'False'
[0.682s] Level 5:colcon.colcon_core.verb:set package 'custom_msgs' build argument 'cmake_force_configure' from command line to 'False'
[0.682s] Level 5:colcon.colcon_core.verb:set package 'custom_msgs' build argument 'ament_cmake_args' from command line to 'None'
[0.682s] Level 5:colcon.colcon_core.verb:set package 'custom_msgs' build argument 'catkin_cmake_args' from command line to 'None'
[0.682s] Level 5:colcon.colcon_core.verb:set package 'custom_msgs' build argument 'catkin_skip_building_tests' from command line to 'False'
[0.682s] DEBUG:colcon.colcon_core.verb:Building package 'custom_msgs' with the following arguments: {'ament_cmake_args': None, 'build_base': '/home/rishith/MRT/MRT_ASSIGNMENT_4/build/custom_msgs', 'catkin_cmake_args': None, 'catkin_skip_building_tests': False, 'cmake_args': None, 'cmake_clean_cache': False, 'cmake_clean_first': False, 'cmake_force_configure': False, 'cmake_target': None, 'cmake_target_skip_unavailable': False, 'install_base': '/home/rishith/MRT/MRT_ASSIGNMENT_4/install/custom_msgs', 'merge_install': False, 'path': '/home/rishith/MRT/MRT_ASSIGNMENT_4/src/custom_msgs', 'symlink_install': False, 'test_result_base': None}
[0.690s] Level 5:colcon.colcon_core.verb:set package 'more_interfaces' build argument 'cmake_args' from command line to 'None'
[0.690s] Level 5:colcon.colcon_core.verb:set package 'more_interfaces' build argument 'cmake_target' from command line to 'None'
[0.690s] Level 5:colcon.colcon_core.verb:set package 'more_interfaces' build argument 'cmake_target_skip_unavailable' from command line to 'False'
[0.690s] Level 5:colcon.colcon_core.verb:set package 'more_interfaces' build argument 'cmake_clean_cache' from command line to 'False'
[0.690s] Level 5:colcon.colcon_core.verb:set package 'more_interfaces' build argument 'cmake_clean_first' from command line to 'False'
[0.690s] Level 5:colcon.colcon_core.verb:set package 'more_interfaces' build argument 'cmake_force_configure' from command line to 'False'
[0.690s] Level 5:colcon.colcon_core.verb:set package 'more_interfaces' build argument 'ament_cmake_args' from command line to 'None'
[0.690s] Level 5:colcon.colcon_core.verb:set package 'more_interfaces' build argument 'catkin_cmake_args' from command line to 'None'
[0.690s] Level 5:colcon.colcon_core.verb:set package 'more_interfaces' build argument 'catkin_skip_building_tests' from command line to 'False'
[0.690s] DEBUG:colcon.colcon_core.verb:Building package 'more_interfaces' with the following arguments: {'ament_cmake_args': None, 'build_base': '/home/rishith/MRT/MRT_ASSIGNMENT_4/build/more_interfaces', 'catkin_cmake_args': None, 'catkin_skip_building_tests': False, 'cmake_args': None, 'cmake_clean_cache': False, 'cmake_clean_first': False, 'cmake_force_configure': False, 'cmake_target': None, 'cmake_target_skip_unavailable': False, 'install_base': '/home/rishith/MRT/MRT_ASSIGNMENT_4/install/more_interfaces', 'merge_install': False, 'path': '/home/rishith/MRT/MRT_ASSIGNMENT_4/src/more_interfaces', 'symlink_install': False, 'test_result_base': None}
[0.697s] Level 5:colcon.colcon_core.verb:set package 'py_srvcli' build argument 'cmake_args' from command line to 'None'
[0.697s] Level 5:colcon.colcon_core.verb:set package 'py_srvcli' build argument 'cmake_target' from command line to 'None'
[0.697s] Level 5:colcon.colcon_core.verb:set package 'py_srvcli' build argument 'cmake_target_skip_unavailable' from command line to 'False'
[0.697s] Level 5:colcon.colcon_core.verb:set package 'py_srvcli' build argument 'cmake_clean_cache' from command line to 'False'
[0.697s] Level 5:colcon.colcon_core.verb:set package 'py_srvcli' build argument 'cmake_clean_first' from command line to 'False'
[0.697s] Level 5:colcon.colcon_core.verb:set package 'py_srvcli' build argument 'cmake_force_configure' from command line to 'False'
[0.697s] Level 5:colcon.colcon_core.verb:set package 'py_srvcli' build argument 'ament_cmake_args' from command line to 'None'
[0.697s] Level 5:colcon.colcon_core.verb:set package 'py_srvcli' build argument 'catkin_cmake_args' from command line to 'None'
[0.697s] Level 5:colcon.colcon_core.verb:set package 'py_srvcli' build argument 'catkin_skip_building_tests' from command line to 'False'
[0.697s] DEBUG:colcon.colcon_core.verb:Building package 'py_srvcli' with the following arguments: {'ament_cmake_args': None, 'build_base': '/home/rishith/MRT/MRT_ASSIGNMENT_4/build/py_srvcli', 'catkin_cmake_args': None, 'catkin_skip_building_tests': False, 'cmake_args': None, 'cmake_clean_cache': False, 'cmake_clean_first': False, 'cmake_force_configure': False, 'cmake_target': None, 'cmake_target_skip_unavailable': False, 'install_base': '/home/rishith/MRT/MRT_ASSIGNMENT_4/install/py_srvcli', 'merge_install': False, 'path': '/home/rishith/MRT/MRT_ASSIGNMENT_4/src/py_srvcli', 'symlink_install': False, 'test_result_base': None}
[0.705s] INFO:colcon.colcon_core.executor:Executing jobs using 'parallel' executor
[0.713s] DEBUG:colcon.colcon_parallel_executor.executor.parallel:run_until_complete
[0.713s] INFO:colcon.colcon_ros.task.ament_cmake.build:Building ROS package in '/home/rishith/MRT/MRT_ASSIGNMENT_4/src/custom_msgs' with build type 'ament_cmake'
[0.713s] INFO:colcon.colcon_cmake.task.cmake.build:Building CMake package in '/home/rishith/MRT/MRT_ASSIGNMENT_4/src/custom_msgs'
[0.726s] INFO:colcon.colcon_core.plugin_system:Skipping extension 'colcon_core.shell.bat': Not used on non-Windows systems
[0.726s] INFO:colcon.colcon_core.shell:Skip shell extension 'powershell' for command environment: Not usable outside of PowerShell
[0.726s] DEBUG:colcon.colcon_core.shell:Skip shell extension 'dsv' for command environment
[0.743s] INFO:colcon.colcon_ros.task.ament_cmake.build:Building ROS package in '/home/rishith/MRT/MRT_ASSIGNMENT_4/src/more_interfaces' with build type 'ament_cmake'
[0.743s] INFO:colcon.colcon_cmake.task.cmake.build:Building CMake package in '/home/rishith/MRT/MRT_ASSIGNMENT_4/src/more_interfaces'
[0.751s] INFO:colcon.colcon_core.shell:Skip shell extension 'powershell' for command environment: Not usable outside of PowerShell
[0.751s] DEBUG:colcon.colcon_core.shell:Skip shell extension 'dsv' for command environment
[0.771s] DEBUG:colcon.colcon_core.event_handler.log_command:Invoking command in '/home/rishith/MRT/MRT_ASSIGNMENT_4/build/custom_msgs': CMAKE_PREFIX_PATH=/opt/ros/humble /usr/bin/cmake --build /home/rishith/MRT/MRT_ASSIGNMENT_4/build/custom_msgs -- -j12 -l12
[0.774s] DEBUG:colcon.colcon_core.event_handler.log_command:Invoking command in '/home/rishith/MRT/MRT_ASSIGNMENT_4/build/more_interfaces': CMAKE_PREFIX_PATH=/opt/ros/humble /usr/bin/cmake --build /home/rishith/MRT/MRT_ASSIGNMENT_4/build/more_interfaces -- -j12 -l12
[0.795s] DEBUG:colcon.colcon_core.event_handler.log_command:Invoked command in '/home/rishith/MRT/MRT_ASSIGNMENT_4/build/more_interfaces' returned '0': CMAKE_PREFIX_PATH=/opt/ros/humble /usr/bin/cmake --build /home/rishith/MRT/MRT_ASSIGNMENT_4/build/more_interfaces -- -j12 -l12
[0.818s] DEBUG:colcon.colcon_core.event_handler.log_command:Invoking command in '/home/rishith/MRT/MRT_ASSIGNMENT_4/build/more_interfaces': CMAKE_PREFIX_PATH=/opt/ros/humble /usr/bin/cmake --install /home/rishith/MRT/MRT_ASSIGNMENT_4/build/more_interfaces
[0.826s] Level 1:colcon.colcon_core.environment:create_environment_scripts_only(more_interfaces)
[0.827s] DEBUG:colcon.colcon_core.event_handler.log_command:Invoked command in '/home/rishith/MRT/MRT_ASSIGNMENT_4/build/more_interfaces' returned '0': CMAKE_PREFIX_PATH=/opt/ros/humble /usr/bin/cmake --install /home/rishith/MRT/MRT_ASSIGNMENT_4/build/more_interfaces
[0.846s] Level 1:colcon.colcon_core.environment:checking '/home/rishith/MRT/MRT_ASSIGNMENT_4/install/more_interfaces' for CMake module files
[0.846s] Level 1:colcon.colcon_core.environment:checking '/home/rishith/MRT/MRT_ASSIGNMENT_4/install/more_interfaces' for CMake config files
[0.846s] Level 1:colcon.colcon_core.shell:create_environment_hook('more_interfaces', 'cmake_prefix_path')
[0.858s] INFO:colcon.colcon_core.shell:Creating environment hook '/home/rishith/MRT/MRT_ASSIGNMENT_4/install/more_interfaces/share/more_interfaces/hook/cmake_prefix_path.ps1'
[0.859s] INFO:colcon.colcon_core.shell:Creating environment descriptor '/home/rishith/MRT/MRT_ASSIGNMENT_4/install/more_interfaces/share/more_interfaces/hook/cmake_prefix_path.dsv'
[0.859s] INFO:colcon.colcon_core.shell:Creating environment hook '/home/rishith/MRT/MRT_ASSIGNMENT_4/install/more_interfaces/share/more_interfaces/hook/cmake_prefix_path.sh'
[0.860s] Level 1:colcon.colcon_core.environment:checking '/home/rishith/MRT/MRT_ASSIGNMENT_4/install/more_interfaces/bin'
[0.860s] Level 1:colcon.colcon_core.environment:checking '/home/rishith/MRT/MRT_ASSIGNMENT_4/install/more_interfaces/lib/pkgconfig/more_interfaces.pc'
[0.860s] Level 1:colcon.colcon_core.environment:checking '/home/rishith/MRT/MRT_ASSIGNMENT_4/install/more_interfaces/lib/python3.10/site-packages'
[0.860s] Level 1:colcon.colcon_core.environment:checking '/home/rishith/MRT/MRT_ASSIGNMENT_4/install/more_interfaces/bin'
[0.882s] INFO:colcon.colcon_core.shell:Creating package script '/home/rishith/MRT/MRT_ASSIGNMENT_4/install/more_interfaces/share/more_interfaces/package.ps1'
[0.883s] INFO:colcon.colcon_core.shell:Creating package descriptor '/home/rishith/MRT/MRT_ASSIGNMENT_4/install/more_interfaces/share/more_interfaces/package.dsv'
[0.884s] INFO:colcon.colcon_core.shell:Creating package script '/home/rishith/MRT/MRT_ASSIGNMENT_4/install/more_interfaces/share/more_interfaces/package.sh'
[0.884s] INFO:colcon.colcon_core.shell:Creating package script '/home/rishith/MRT/MRT_ASSIGNMENT_4/install/more_interfaces/share/more_interfaces/package.bash'
[0.885s] INFO:colcon.colcon_core.shell:Creating package script '/home/rishith/MRT/MRT_ASSIGNMENT_4/install/more_interfaces/share/more_interfaces/package.zsh'
[0.886s] Level 1:colcon.colcon_core.environment:create_file_with_runtime_dependencies(/home/rishith/MRT/MRT_ASSIGNMENT_4/install/more_interfaces/share/colcon-core/packages/more_interfaces)
[0.910s] Level 1:colcon.colcon_core.environment:create_environment_scripts_only(more_interfaces)
[0.919s] Level 1:colcon.colcon_core.environment:checking '/home/rishith/MRT/MRT_ASSIGNMENT_4/install/more_interfaces' for CMake module files
[0.919s] Level 1:colcon.colcon_core.environment:checking '/home/rishith/MRT/MRT_ASSIGNMENT_4/install/more_interfaces' for CMake config files
[0.919s] Level 1:colcon.colcon_core.shell:create_environment_hook('more_interfaces', 'cmake_prefix_path')
[0.927s] INFO:colcon.colcon_core.shell:Creating environment hook '/home/rishith/MRT/MRT_ASSIGNMENT_4/install/more_interfaces/share/more_interfaces/hook/cmake_prefix_path.ps1'
[0.928s] INFO:colcon.colcon_core.shell:Creating environment descriptor '/home/rishith/MRT/MRT_ASSIGNMENT_4/install/more_interfaces/share/more_interfaces/hook/cmake_prefix_path.dsv'
[0.928s] INFO:colcon.colcon_core.shell:Creating environment hook '/home/rishith/MRT/MRT_ASSIGNMENT_4/install/more_interfaces/share/more_interfaces/hook/cmake_prefix_path.sh'
[0.928s] Level 1:colcon.colcon_core.environment:checking '/home/rishith/MRT/MRT_ASSIGNMENT_4/install/more_interfaces/bin'
[0.928s] Level 1:colcon.colcon_core.environment:checking '/home/rishith/MRT/MRT_ASSIGNMENT_4/install/more_interfaces/lib/pkgconfig/more_interfaces.pc'
[0.928s] Level 1:colcon.colcon_core.environment:checking '/home/rishith/MRT/MRT_ASSIGNMENT_4/install/more_interfaces/lib/python3.10/site-packages'
[0.929s] Level 1:colcon.colcon_core.environment:checking '/home/rishith/MRT/MRT_ASSIGNMENT_4/install/more_interfaces/bin'
[0.936s] INFO:colcon.colcon_core.shell:Creating package script '/home/rishith/MRT/MRT_ASSIGNMENT_4/install/more_interfaces/share/more_interfaces/package.ps1'
[0.937s] INFO:colcon.colcon_core.shell:Creating package descriptor '/home/rishith/MRT/MRT_ASSIGNMENT_4/install/more_interfaces/share/more_interfaces/package.dsv'
[0.937s] INFO:colcon.colcon_core.shell:Creating package script '/home/rishith/MRT/MRT_ASSIGNMENT_4/install/more_interfaces/share/more_interfaces/package.sh'
[0.937s] INFO:colcon.colcon_core.shell:Creating package script '/home/rishith/MRT/MRT_ASSIGNMENT_4/install/more_interfaces/share/more_interfaces/package.bash'
[0.937s] INFO:colcon.colcon_core.shell:Creating package script '/home/rishith/MRT/MRT_ASSIGNMENT_4/install/more_interfaces/share/more_interfaces/package.zsh'
[0.937s] Level 1:colcon.colcon_core.environment:create_file_with_runtime_dependencies(/home/rishith/MRT/MRT_ASSIGNMENT_4/install/more_interfaces/share/colcon-core/packages/more_interfaces)
[0.994s] DEBUG:colcon.colcon_core.event_handler.log_command:Invoked command in '/home/rishith/MRT/MRT_ASSIGNMENT_4/build/custom_msgs' returned '0': CMAKE_PREFIX_PATH=/opt/ros/humble /usr/bin/cmake --build /home/rishith/MRT/MRT_ASSIGNMENT_4/build/custom_msgs -- -j12 -l12
[1.030s] DEBUG:colcon.colcon_core.event_handler.log_command:Invoking command in '/home/rishith/MRT/MRT_ASSIGNMENT_4/build/custom_msgs': CMAKE_PREFIX_PATH=/opt/ros/humble /usr/bin/cmake --install /home/rishith/MRT/MRT_ASSIGNMENT_4/build/custom_msgs
[1.062s] Level 1:colcon.colcon_core.environment:create_environment_scripts_only(custom_msgs)
[1.063s] DEBUG:colcon.colcon_core.event_handler.log_command:Invoked command in '/home/rishith/MRT/MRT_ASSIGNMENT_4/build/custom_msgs' returned '0': CMAKE_PREFIX_PATH=/opt/ros/humble /usr/bin/cmake --install /home/rishith/MRT/MRT_ASSIGNMENT_4/build/custom_msgs
[1.080s] Level 1:colcon.colcon_core.environment:checking '/home/rishith/MRT/MRT_ASSIGNMENT_4/install/custom_msgs' for CMake module files
[1.081s] Level 1:colcon.colcon_core.environment:checking '/home/rishith/MRT/MRT_ASSIGNMENT_4/install/custom_msgs' for CMake config files
[1.081s] Level 1:colcon.colcon_core.shell:create_environment_hook('custom_msgs', 'cmake_prefix_path')
[1.088s] INFO:colcon.colcon_core.shell:Creating environment hook '/home/rishith/MRT/MRT_ASSIGNMENT_4/install/custom_msgs/share/custom_msgs/hook/cmake_prefix_path.ps1'
[1.089s] INFO:colcon.colcon_core.shell:Creating environment descriptor '/home/rishith/MRT/MRT_ASSIGNMENT_4/install/custom_msgs/share/custom_msgs/hook/cmake_prefix_path.dsv'
[1.089s] INFO:colcon.colcon_core.shell:Creating environment hook '/home/rishith/MRT/MRT_ASSIGNMENT_4/install/custom_msgs/share/custom_msgs/hook/cmake_prefix_path.sh'
[1.089s] Level 1:colcon.colcon_core.environment:checking '/home/rishith/MRT/MRT_ASSIGNMENT_4/install/custom_msgs/lib'
[1.089s] Level 1:colcon.colcon_core.shell:create_environment_hook('custom_msgs', 'ld_library_path_lib')
[1.097s] INFO:colcon.colcon_core.shell:Creating environment hook '/home/rishith/MRT/MRT_ASSIGNMENT_4/install/custom_msgs/share/custom_msgs/hook/ld_library_path_lib.ps1'
[1.097s] INFO:colcon.colcon_core.shell:Creating environment descriptor '/home/rishith/MRT/MRT_ASSIGNMENT_4/install/custom_msgs/share/custom_msgs/hook/ld_library_path_lib.dsv'
[1.097s] INFO:colcon.colcon_core.shell:Creating environment hook '/home/rishith/MRT/MRT_ASSIGNMENT_4/install/custom_msgs/share/custom_msgs/hook/ld_library_path_lib.sh'
[1.098s] Level 1:colcon.colcon_core.environment:checking '/home/rishith/MRT/MRT_ASSIGNMENT_4/install/custom_msgs/bin'
[1.098s] Level 1:colcon.colcon_core.environment:checking '/home/rishith/MRT/MRT_ASSIGNMENT_4/install/custom_msgs/lib/pkgconfig/custom_msgs.pc'
[1.098s] Level 1:colcon.colcon_core.environment:checking '/home/rishith/MRT/MRT_ASSIGNMENT_4/install/custom_msgs/lib/python3.10/site-packages'
[1.098s] Level 1:colcon.colcon_core.environment:checking '/home/rishith/MRT/MRT_ASSIGNMENT_4/install/custom_msgs/bin'
[1.106s] INFO:colcon.colcon_core.shell:Creating package script '/home/rishith/MRT/MRT_ASSIGNMENT_4/install/custom_msgs/share/custom_msgs/package.ps1'
[1.107s] INFO:colcon.colcon_core.shell:Creating package descriptor '/home/rishith/MRT/MRT_ASSIGNMENT_4/install/custom_msgs/share/custom_msgs/package.dsv'
[1.107s] INFO:colcon.colcon_core.shell:Creating package script '/home/rishith/MRT/MRT_ASSIGNMENT_4/install/custom_msgs/share/custom_msgs/package.sh'
[1.107s] INFO:colcon.colcon_core.shell:Creating package script '/home/rishith/MRT/MRT_ASSIGNMENT_4/install/custom_msgs/share/custom_msgs/package.bash'
[1.107s] INFO:colcon.colcon_core.shell:Creating package script '/home/rishith/MRT/MRT_ASSIGNMENT_4/install/custom_msgs/share/custom_msgs/package.zsh'
[1.107s] Level 1:colcon.colcon_core.environment:create_file_with_runtime_dependencies(/home/rishith/MRT/MRT_ASSIGNMENT_4/install/custom_msgs/share/colcon-core/packages/custom_msgs)
[1.150s] Level 1:colcon.colcon_core.environment:create_environment_scripts_only(custom_msgs)
[1.158s] Level 1:colcon.colcon_core.environment:checking '/home/rishith/MRT/MRT_ASSIGNMENT_4/install/custom_msgs' for CMake module files
[1.158s] Level 1:colcon.colcon_core.environment:checking '/home/rishith/MRT/MRT_ASSIGNMENT_4/install/custom_msgs' for CMake config files
[1.158s] Level 1:colcon.colcon_core.shell:create_environment_hook('custom_msgs', 'cmake_prefix_path')
[1.165s] INFO:colcon.colcon_core.shell:Creating environment hook '/home/rishith/MRT/MRT_ASSIGNMENT_4/install/custom_msgs/share/custom_msgs/hook/cmake_prefix_path.ps1'
[1.166s] INFO:colcon.colcon_core.shell:Creating environment descriptor '/home/rishith/MRT/MRT_ASSIGNMENT_4/install/custom_msgs/share/custom_msgs/hook/cmake_prefix_path.dsv'
[1.166s] INFO:colcon.colcon_core.shell:Creating environment hook '/home/rishith/MRT/MRT_ASSIGNMENT_4/install/custom_msgs/share/custom_msgs/hook/cmake_prefix_path.sh'
[1.166s] Level 1:colcon.colcon_core.environment:checking '/home/rishith/MRT/MRT_ASSIGNMENT_4/install/custom_msgs/lib'
[1.166s] Level 1:colcon.colcon_core.shell:create_environment_hook('custom_msgs', 'ld_library_path_lib')
[1.174s] INFO:colcon.colcon_core.shell:Creating environment hook '/home/rishith/MRT/MRT_ASSIGNMENT_4/install/custom_msgs/share/custom_msgs/hook/ld_library_path_lib.ps1'
[1.174s] INFO:colcon.colcon_core.shell:Creating environment descriptor '/home/rishith/MRT/MRT_ASSIGNMENT_4/install/custom_msgs/share/custom_msgs/hook/ld_library_path_lib.dsv'
[1.174s] INFO:colcon.colcon_core.shell:Creating environment hook '/home/rishith/MRT/MRT_ASSIGNMENT_4/install/custom_msgs/share/custom_msgs/hook/ld_library_path_lib.sh'
[1.174s] Level 1:colcon.colcon_core.environment:checking '/home/rishith/MRT/MRT_ASSIGNMENT_4/install/custom_msgs/bin'
[1.174s] Level 1:colcon.colcon_core.environment:checking '/home/rishith/MRT/MRT_ASSIGNMENT_4/install/custom_msgs/lib/pkgconfig/custom_msgs.pc'
[1.174s] Level 1:colcon.colcon_core.environment:checking '/home/rishith/MRT/MRT_ASSIGNMENT_4/install/custom_msgs/lib/python3.10/site-packages'
[1.175s] Level 1:colcon.colcon_core.environment:checking '/home/rishith/MRT/MRT_ASSIGNMENT_4/install/custom_msgs/bin'
[1.182s] INFO:colcon.colcon_core.shell:Creating package script '/home/rishith/MRT/MRT_ASSIGNMENT_4/install/custom_msgs/share/custom_msgs/package.ps1'
[1.183s] INFO:colcon.colcon_core.shell:Creating package descriptor '/home/rishith/MRT/MRT_ASSIGNMENT_4/install/custom_msgs/share/custom_msgs/package.dsv'
[1.183s] INFO:colcon.colcon_core.shell:Creating package script '/home/rishith/MRT/MRT_ASSIGNMENT_4/install/custom_msgs/share/custom_msgs/package.sh'
[1.183s] INFO:colcon.colcon_core.shell:Creating package script '/home/rishith/MRT/MRT_ASSIGNMENT_4/install/custom_msgs/share/custom_msgs/package.bash'
[1.183s] INFO:colcon.colcon_core.shell:Creating package script '/home/rishith/MRT/MRT_ASSIGNMENT_4/install/custom_msgs/share/custom_msgs/package.zsh'
[1.183s] Level 1:colcon.colcon_core.environment:create_file_with_runtime_dependencies(/home/rishith/MRT/MRT_ASSIGNMENT_4/install/custom_msgs/share/colcon-core/packages/custom_msgs)
[1.184s] INFO:colcon.colcon_ros.task.ament_python.build:Building ROS package in '/home/rishith/MRT/MRT_ASSIGNMENT_4/src/py_srvcli' with build type 'ament_python'
[1.184s] Level 1:colcon.colcon_core.shell:create_environment_hook('py_srvcli', 'ament_prefix_path')
[1.192s] INFO:colcon.colcon_core.shell:Creating environment hook '/home/rishith/MRT/MRT_ASSIGNMENT_4/install/py_srvcli/share/py_srvcli/hook/ament_prefix_path.ps1'
[1.192s] INFO:colcon.colcon_core.shell:Creating environment descriptor '/home/rishith/MRT/MRT_ASSIGNMENT_4/install/py_srvcli/share/py_srvcli/hook/ament_prefix_path.dsv'
[1.192s] INFO:colcon.colcon_core.shell:Creating environment hook '/home/rishith/MRT/MRT_ASSIGNMENT_4/install/py_srvcli/share/py_srvcli/hook/ament_prefix_path.sh'
[1.200s] INFO:colcon.colcon_core.shell:Skip shell extension 'powershell' for command environment: Not usable outside of PowerShell
[1.200s] DEBUG:colcon.colcon_core.shell:Skip shell extension 'dsv' for command environment
[1.363s] INFO:colcon.colcon_core.task.python.build:Building Python package in '/home/rishith/MRT/MRT_ASSIGNMENT_4/src/py_srvcli'
[1.378s] INFO:colcon.colcon_core.shell:Skip shell extension 'powershell' for command environment: Not usable outside of PowerShell
[1.378s] DEBUG:colcon.colcon_core.shell:Skip shell extension 'dsv' for command environment
[1.631s] DEBUG:colcon.colcon_core.event_handler.log_command:Invoking command in '/home/rishith/MRT/MRT_ASSIGNMENT_4/src/py_srvcli': AMENT_PREFIX_PATH=/home/rishith/MRT/MRT_ASSIGNMENT_4/install/custom_msgs:${AMENT_PREFIX_PATH} CMAKE_PREFIX_PATH=/home/rishith/MRT/MRT_ASSIGNMENT_4/install/custom_msgs LD_LIBRARY_PATH=/home/rishith/MRT/MRT_ASSIGNMENT_4/install/custom_msgs/lib:${LD_LIBRARY_PATH} PYTHONPATH=/home/rishith/MRT/MRT_ASSIGNMENT_4/build/py_srvcli/prefix_override:/home/rishith/MRT/MRT_ASSIGNMENT_4/install/py_srvcli/lib/python3.10/site-packages:/home/rishith/MRT/MRT_ASSIGNMENT_4/install/custom_msgs/local/lib/python3.10/dist-packages:${PYTHONPATH} /usr/bin/python3 setup.py egg_info --egg-base ../../build/py_srvcli build --build-base /home/rishith/MRT/MRT_ASSIGNMENT_4/build/py_srvcli/build install --record /home/rishith/MRT/MRT_ASSIGNMENT_4/build/py_srvcli/install.log --single-version-externally-managed
[1.797s] DEBUG:colcon.colcon_core.event_handler.log_command:Invoked command in '/home/rishith/MRT/MRT_ASSIGNMENT_4/src/py_srvcli' returned '0': AMENT_PREFIX_PATH=/home/rishith/MRT/MRT_ASSIGNMENT_4/install/custom_msgs:${AMENT_PREFIX_PATH} CMAKE_PREFIX_PATH=/home/rishith/MRT/MRT_ASSIGNMENT_4/install/custom_msgs LD_LIBRARY_PATH=/home/rishith/MRT/MRT_ASSIGNMENT_4/install/custom_msgs/lib:${LD_LIBRARY_PATH} PYTHONPATH=/home/rishith/MRT/MRT_ASSIGNMENT_4/build/py_srvcli/prefix_override:/home/rishith/MRT/MRT_ASSIGNMENT_4/install/py_srvcli/lib/python3.10/site-packages:/home/rishith/MRT/MRT_ASSIGNMENT_4/install/custom_msgs/local/lib/python3.10/dist-packages:${PYTHONPATH} /usr/bin/python3 setup.py egg_info --egg-base ../../build/py_srvcli build --build-base /home/rishith/MRT/MRT_ASSIGNMENT_4/build/py_srvcli/build install --record /home/rishith/MRT/MRT_ASSIGNMENT_4/build/py_srvcli/install.log --single-version-externally-managed
[1.808s] Level 1:colcon.colcon_core.environment:checking '/home/rishith/MRT/MRT_ASSIGNMENT_4/install/py_srvcli' for CMake module files
[1.809s] Level 1:colcon.colcon_core.environment:checking '/home/rishith/MRT/MRT_ASSIGNMENT_4/install/py_srvcli' for CMake config files
[1.809s] Level 1:colcon.colcon_core.environment:checking '/home/rishith/MRT/MRT_ASSIGNMENT_4/install/py_srvcli/lib'
[1.809s] Level 1:colcon.colcon_core.environment:checking '/home/rishith/MRT/MRT_ASSIGNMENT_4/install/py_srvcli/bin'
[1.809s] Level 1:colcon.colcon_core.environment:checking '/home/rishith/MRT/MRT_ASSIGNMENT_4/install/py_srvcli/lib/pkgconfig/py_srvcli.pc'
[1.809s] Level 1:colcon.colcon_core.environment:checking '/home/rishith/MRT/MRT_ASSIGNMENT_4/install/py_srvcli/lib/python3.10/site-packages'
[1.809s] Level 1:colcon.colcon_core.shell:create_environment_hook('py_srvcli', 'pythonpath')
[1.818s] INFO:colcon.colcon_core.shell:Creating environment hook '/home/rishith/MRT/MRT_ASSIGNMENT_4/install/py_srvcli/share/py_srvcli/hook/pythonpath.ps1'
[1.818s] INFO:colcon.colcon_core.shell:Creating environment descriptor '/home/rishith/MRT/MRT_ASSIGNMENT_4/install/py_srvcli/share/py_srvcli/hook/pythonpath.dsv'
[1.818s] INFO:colcon.colcon_core.shell:Creating environment hook '/home/rishith/MRT/MRT_ASSIGNMENT_4/install/py_srvcli/share/py_srvcli/hook/pythonpath.sh'
[1.819s] Level 1:colcon.colcon_core.environment:checking '/home/rishith/MRT/MRT_ASSIGNMENT_4/install/py_srvcli/bin'
[1.819s] Level 1:colcon.colcon_core.environment:create_environment_scripts_only(py_srvcli)
[1.827s] INFO:colcon.colcon_core.shell:Creating package script '/home/rishith/MRT/MRT_ASSIGNMENT_4/install/py_srvcli/share/py_srvcli/package.ps1'
[1.828s] INFO:colcon.colcon_core.shell:Creating package descriptor '/home/rishith/MRT/MRT_ASSIGNMENT_4/install/py_srvcli/share/py_srvcli/package.dsv'
[1.828s] INFO:colcon.colcon_core.shell:Creating package script '/home/rishith/MRT/MRT_ASSIGNMENT_4/install/py_srvcli/share/py_srvcli/package.sh'
[1.828s] INFO:colcon.colcon_core.shell:Creating package script '/home/rishith/MRT/MRT_ASSIGNMENT_4/install/py_srvcli/share/py_srvcli/package.bash'
[1.829s] INFO:colcon.colcon_core.shell:Creating package script '/home/rishith/MRT/MRT_ASSIGNMENT_4/install/py_srvcli/share/py_srvcli/package.zsh'
[1.829s] Level 1:colcon.colcon_core.environment:create_file_with_runtime_dependencies(/home/rishith/MRT/MRT_ASSIGNMENT_4/install/py_srvcli/share/colcon-core/packages/py_srvcli)
[1.829s] DEBUG:colcon.colcon_parallel_executor.executor.parallel:closing loop
[1.829s] DEBUG:colcon.colcon_parallel_executor.executor.parallel:loop closed
[1.829s] DEBUG:colcon.colcon_parallel_executor.executor.parallel:run_until_complete finished with '0'
[1.830s] DEBUG:colcon.colcon_core.event_reactor:joining thread
[1.851s] INFO:colcon.colcon_core.plugin_system:Skipping extension 'colcon_notification.desktop_notification.terminal_notifier': Not used on non-Darwin systems
[1.851s] INFO:colcon.colcon_core.plugin_system:Skipping extension 'colcon_notification.desktop_notification.win32': Not used on non-Windows systems
[1.851s] INFO:colcon.colcon_notification.desktop_notification:Sending desktop notification using 'notify2'
[1.859s] DEBUG:colcon.colcon_core.event_reactor:joined thread
[1.868s] INFO:colcon.colcon_core.shell:Creating prefix script '/home/rishith/MRT/MRT_ASSIGNMENT_4/install/local_setup.ps1'
[1.868s] INFO:colcon.colcon_core.shell:Creating prefix util module '/home/rishith/MRT/MRT_ASSIGNMENT_4/install/_local_setup_util_ps1.py'
[1.869s] INFO:colcon.colcon_core.shell:Creating prefix chain script '/home/rishith/MRT/MRT_ASSIGNMENT_4/install/setup.ps1'
[1.878s] INFO:colcon.colcon_core.shell:Creating prefix script '/home/rishith/MRT/MRT_ASSIGNMENT_4/install/local_setup.sh'
[1.878s] INFO:colcon.colcon_core.shell:Creating prefix util module '/home/rishith/MRT/MRT_ASSIGNMENT_4/install/_local_setup_util_sh.py'
[1.878s] INFO:colcon.colcon_core.shell:Creating prefix chain script '/home/rishith/MRT/MRT_ASSIGNMENT_4/install/setup.sh'
[1.887s] INFO:colcon.colcon_core.shell:Creating prefix script '/home/rishith/MRT/MRT_ASSIGNMENT_4/install/local_setup.bash'
[1.887s] INFO:colcon.colcon_core.shell:Creating prefix chain script '/home/rishith/MRT/MRT_ASSIGNMENT_4/install/setup.bash'
[1.896s] INFO:colcon.colcon_core.shell:Creating prefix script '/home/rishith/MRT/MRT_ASSIGNMENT_4/install/local_setup.zsh'
[1.896s] INFO:colcon.colcon_core.shell:Creating prefix chain script '/home/rishith/MRT/MRT_ASSIGNMENT_4/install/setup.zsh'
