[0.705s] Invoking command in '/home/rishith/MRT/MRT_ASSIGNMENT_4/build/py_srvcli': AMENT_PREFIX_PATH=/home/rishith/MRT/MRT_ASSIGNMENT_4/install/custom_msgs:${AMENT_PREFIX_PATH} CMAKE_PREFIX_PATH=/home/rishith/MRT/MRT_ASSIGNMENT_4/install/custom_msgs LD_LIBRARY_PATH=/home/rishith/MRT/MRT_ASSIGNMENT_4/install/custom_msgs/lib:${LD_LIBRARY_PATH} PYTHONPATH=/home/rishith/MRT/MRT_ASSIGNMENT_4/build/py_srvcli/prefix_override:/home/rishith/MRT/MRT_ASSIGNMENT_4/install/py_srvcli/lib/python3.10/site-packages:/home/rishith/MRT/MRT_ASSIGNMENT_4/install/custom_msgs/local/lib/python3.10/dist-packages:${PYTHONPATH} /usr/bin/python3 setup.py develop --editable --build-directory /home/rishith/MRT/MRT_ASSIGNMENT_4/build/py_srvcli/build --no-deps install_data
[0.893s] running develop
[0.893s] /usr/lib/python3/dist-packages/setuptools/command/easy_install.py:158: EasyInstallDeprecationWarning: easy_install command is deprecated. Use build and pip and other standards-based tools.
[0.893s]   warnings.warn(
[0.895s] /usr/lib/python3/dist-packages/setuptools/command/install.py:34: SetuptoolsDeprecationWarning: setup.py install is deprecated. Use build and pip and other standards-based tools.
[0.895s]   warnings.warn(
[1.011s] running egg_info
[1.011s] writing py_srvcli.egg-info/PKG-INFO
[1.012s] writing dependency_links to py_srvcli.egg-info/dependency_links.txt
[1.012s] writing entry points to py_srvcli.egg-info/entry_points.txt
[1.012s] writing requirements to py_srvcli.egg-info/requires.txt
[1.012s] writing top-level names to py_srvcli.egg-info/top_level.txt
[1.013s] reading manifest file 'py_srvcli.egg-info/SOURCES.txt'
[1.014s] writing manifest file 'py_srvcli.egg-info/SOURCES.txt'
[1.015s] running build_ext
[1.016s] Creating /home/rishith/MRT/MRT_ASSIGNMENT_4/install/py_srvcli/lib/python3.10/site-packages/py-srvcli.egg-link (link to .)
[1.016s] Installing client script to /home/rishith/MRT/MRT_ASSIGNMENT_4/install/py_srvcli/lib/py_srvcli
[1.016s] Installing server script to /home/rishith/MRT/MRT_ASSIGNMENT_4/install/py_srvcli/lib/py_srvcli
[1.017s] 
[1.017s] Installed /home/rishith/MRT/MRT_ASSIGNMENT_4/build/py_srvcli
[1.017s] running install_data
[1.042s] Invoked command in '/home/rishith/MRT/MRT_ASSIGNMENT_4/build/py_srvcli' returned '0': AMENT_PREFIX_PATH=/home/rishith/MRT/MRT_ASSIGNMENT_4/install/custom_msgs:${AMENT_PREFIX_PATH} CMAKE_PREFIX_PATH=/home/rishith/MRT/MRT_ASSIGNMENT_4/install/custom_msgs LD_LIBRARY_PATH=/home/rishith/MRT/MRT_ASSIGNMENT_4/install/custom_msgs/lib:${LD_LIBRARY_PATH} PYTHONPATH=/home/rishith/MRT/MRT_ASSIGNMENT_4/build/py_srvcli/prefix_override:/home/rishith/MRT/MRT_ASSIGNMENT_4/install/py_srvcli/lib/python3.10/site-packages:/home/rishith/MRT/MRT_ASSIGNMENT_4/install/custom_msgs/local/lib/python3.10/dist-packages:${PYTHONPATH} /usr/bin/python3 setup.py develop --editable --build-directory /home/rishith/MRT/MRT_ASSIGNMENT_4/build/py_srvcli/build --no-deps install_data
