[0.447s] Invoking command in '/home/rishith/MRT/MRT_ASSIGNMENT_4/src/py_srvcli': AMENT_PREFIX_PATH=/home/rishith/MRT/MRT_ASSIGNMENT_4/install/custom_msgs:${AMENT_PREFIX_PATH} CMAKE_PREFIX_PATH=/home/rishith/MRT/MRT_ASSIGNMENT_4/install/custom_msgs LD_LIBRARY_PATH=/home/rishith/MRT/MRT_ASSIGNMENT_4/install/custom_msgs/lib:${LD_LIBRARY_PATH} PYTHONPATH=/home/rishith/MRT/MRT_ASSIGNMENT_4/build/py_srvcli/prefix_override:/home/rishith/MRT/MRT_ASSIGNMENT_4/install/py_srvcli/lib/python3.10/site-packages:/home/rishith/MRT/MRT_ASSIGNMENT_4/install/custom_msgs/local/lib/python3.10/dist-packages:${PYTHONPATH} /usr/bin/python3 setup.py egg_info --egg-base ../../build/py_srvcli build --build-base /home/rishith/MRT/MRT_ASSIGNMENT_4/build/py_srvcli/build install --record /home/rishith/MRT/MRT_ASSIGNMENT_4/build/py_srvcli/install.log --single-version-externally-managed
[0.580s] running egg_info
[0.580s] creating ../../build/py_srvcli/py_srvcli.egg-info
[0.581s] writing ../../build/py_srvcli/py_srvcli.egg-info/PKG-INFO
[0.581s] writing dependency_links to ../../build/py_srvcli/py_srvcli.egg-info/dependency_links.txt
[0.581s] writing entry points to ../../build/py_srvcli/py_srvcli.egg-info/entry_points.txt
[0.581s] writing requirements to ../../build/py_srvcli/py_srvcli.egg-info/requires.txt
[0.581s] writing top-level names to ../../build/py_srvcli/py_srvcli.egg-info/top_level.txt
[0.581s] writing manifest file '../../build/py_srvcli/py_srvcli.egg-info/SOURCES.txt'
[0.582s] reading manifest file '../../build/py_srvcli/py_srvcli.egg-info/SOURCES.txt'
[0.582s] adding license file 'LICENSE'
[0.584s] writing manifest file '../../build/py_srvcli/py_srvcli.egg-info/SOURCES.txt'
[0.585s] running build
[0.585s] running build_py
[0.585s] creating /home/rishith/MRT/MRT_ASSIGNMENT_4/build/py_srvcli/build
[0.585s] creating /home/rishith/MRT/MRT_ASSIGNMENT_4/build/py_srvcli/build/lib
[0.585s] creating /home/rishith/MRT/MRT_ASSIGNMENT_4/build/py_srvcli/build/lib/py_srvcli
[0.586s] copying py_srvcli/server.py -> /home/rishith/MRT/MRT_ASSIGNMENT_4/build/py_srvcli/build/lib/py_srvcli
[0.586s] copying py_srvcli/client.py -> /home/rishith/MRT/MRT_ASSIGNMENT_4/build/py_srvcli/build/lib/py_srvcli
[0.586s] copying py_srvcli/__init__.py -> /home/rishith/MRT/MRT_ASSIGNMENT_4/build/py_srvcli/build/lib/py_srvcli
[0.586s] copying py_srvcli/path_planning.py -> /home/rishith/MRT/MRT_ASSIGNMENT_4/build/py_srvcli/build/lib/py_srvcli
[0.586s] running install
[0.587s] /usr/lib/python3/dist-packages/setuptools/command/install.py:34: SetuptoolsDeprecationWarning: setup.py install is deprecated. Use build and pip and other standards-based tools.
[0.587s]   warnings.warn(
[0.587s] running install_lib
[0.587s] creating /home/rishith/MRT/MRT_ASSIGNMENT_4/install/py_srvcli/lib/python3.10/site-packages/py_srvcli
[0.587s] copying /home/rishith/MRT/MRT_ASSIGNMENT_4/build/py_srvcli/build/lib/py_srvcli/server.py -> /home/rishith/MRT/MRT_ASSIGNMENT_4/install/py_srvcli/lib/python3.10/site-packages/py_srvcli
[0.588s] copying /home/rishith/MRT/MRT_ASSIGNMENT_4/build/py_srvcli/build/lib/py_srvcli/client.py -> /home/rishith/MRT/MRT_ASSIGNMENT_4/install/py_srvcli/lib/python3.10/site-packages/py_srvcli
[0.588s] copying /home/rishith/MRT/MRT_ASSIGNMENT_4/build/py_srvcli/build/lib/py_srvcli/__init__.py -> /home/rishith/MRT/MRT_ASSIGNMENT_4/install/py_srvcli/lib/python3.10/site-packages/py_srvcli
[0.588s] copying /home/rishith/MRT/MRT_ASSIGNMENT_4/build/py_srvcli/build/lib/py_srvcli/path_planning.py -> /home/rishith/MRT/MRT_ASSIGNMENT_4/install/py_srvcli/lib/python3.10/site-packages/py_srvcli
[0.588s] byte-compiling /home/rishith/MRT/MRT_ASSIGNMENT_4/install/py_srvcli/lib/python3.10/site-packages/py_srvcli/server.py to server.cpython-310.pyc
[0.589s] byte-compiling /home/rishith/MRT/MRT_ASSIGNMENT_4/install/py_srvcli/lib/python3.10/site-packages/py_srvcli/client.py to client.cpython-310.pyc
[0.590s] byte-compiling /home/rishith/MRT/MRT_ASSIGNMENT_4/install/py_srvcli/lib/python3.10/site-packages/py_srvcli/__init__.py to __init__.cpython-310.pyc
[0.590s] byte-compiling /home/rishith/MRT/MRT_ASSIGNMENT_4/install/py_srvcli/lib/python3.10/site-packages/py_srvcli/path_planning.py to path_planning.cpython-310.pyc
[0.591s] running install_data
[0.592s] creating /home/rishith/MRT/MRT_ASSIGNMENT_4/install/py_srvcli/share/ament_index
[0.592s] creating /home/rishith/MRT/MRT_ASSIGNMENT_4/install/py_srvcli/share/ament_index/resource_index
[0.592s] creating /home/rishith/MRT/MRT_ASSIGNMENT_4/install/py_srvcli/share/ament_index/resource_index/packages
[0.592s] copying resource/py_srvcli -> /home/rishith/MRT/MRT_ASSIGNMENT_4/install/py_srvcli/share/ament_index/resource_index/packages
[0.592s] copying package.xml -> /home/rishith/MRT/MRT_ASSIGNMENT_4/install/py_srvcli/share/py_srvcli
[0.593s] running install_egg_info
[0.594s] Copying ../../build/py_srvcli/py_srvcli.egg-info to /home/rishith/MRT/MRT_ASSIGNMENT_4/install/py_srvcli/lib/python3.10/site-packages/py_srvcli-0.0.0-py3.10.egg-info
[0.595s] running install_scripts
[0.615s] Installing client script to /home/rishith/MRT/MRT_ASSIGNMENT_4/install/py_srvcli/lib/py_srvcli
[0.616s] Installing server script to /home/rishith/MRT/MRT_ASSIGNMENT_4/install/py_srvcli/lib/py_srvcli
[0.616s] writing list of installed files to '/home/rishith/MRT/MRT_ASSIGNMENT_4/build/py_srvcli/install.log'
[0.635s] Invoked command in '/home/rishith/MRT/MRT_ASSIGNMENT_4/src/py_srvcli' returned '0': AMENT_PREFIX_PATH=/home/rishith/MRT/MRT_ASSIGNMENT_4/install/custom_msgs:${AMENT_PREFIX_PATH} CMAKE_PREFIX_PATH=/home/rishith/MRT/MRT_ASSIGNMENT_4/install/custom_msgs LD_LIBRARY_PATH=/home/rishith/MRT/MRT_ASSIGNMENT_4/install/custom_msgs/lib:${LD_LIBRARY_PATH} PYTHONPATH=/home/rishith/MRT/MRT_ASSIGNMENT_4/build/py_srvcli/prefix_override:/home/rishith/MRT/MRT_ASSIGNMENT_4/install/py_srvcli/lib/python3.10/site-packages:/home/rishith/MRT/MRT_ASSIGNMENT_4/install/custom_msgs/local/lib/python3.10/dist-packages:${PYTHONPATH} /usr/bin/python3 setup.py egg_info --egg-base ../../build/py_srvcli build --build-base /home/rishith/MRT/MRT_ASSIGNMENT_4/build/py_srvcli/build install --record /home/rishith/MRT/MRT_ASSIGNMENT_4/build/py_srvcli/install.log --single-version-externally-managed
