[0.062s] Invoking command in '/home/rishith/MRT/MRT_ASSIGNMENT_4/build/custom_msgs': /usr/bin/cmake /home/rishith/MRT/MRT_ASSIGNMENT_4/src/custom_msgs -DCMAKE_INSTALL_PREFIX=/home/rishith/MRT/MRT_ASSIGNMENT_4/install/custom_msgs
[0.070s] -- Found ament_cmake: 1.3.8 (/opt/ros/humble/share/ament_cmake/cmake)
[0.175s] -- Found rosidl_default_generators: 1.2.0 (/opt/ros/humble/share/rosidl_default_generators/cmake)
[0.175s] -- Using all available rosidl_typesupport_c: rosidl_typesupport_fastrtps_c;rosidl_typesupport_introspection_c
[0.178s] -- Found rosidl_adapter: 3.1.5 (/opt/ros/humble/share/rosidl_adapter/cmake)
[0.201s] -- Using all available rosidl_typesupport_cpp: rosidl_typesupport_fastrtps_cpp;rosidl_typesupport_introspection_cpp
[0.222s] -- Found sensor_msgs: 4.2.3 (/opt/ros/humble/share/sensor_msgs/cmake)
[0.364s] -- Found cv_bridge: 3.2.1 (/opt/ros/humble/share/cv_bridge/cmake)
[0.510s] Error parsing '/home/rishith/MRT/MRT_ASSIGNMENT_4/src/custom_msgs/package.xml':
[0.550s] Traceback (most recent call last):
[0.550s]   File "/opt/ros/humble/share/ament_cmake_core/cmake/core/package_xml_2_cmake.py", line 150, in <module>
[0.550s]     main()
[0.550s]   File "/opt/ros/humble/share/ament_cmake_core/cmake/core/package_xml_2_cmake.py", line 53, in main
[0.551s]     raise e
[0.551s]   File "/opt/ros/humble/share/ament_cmake_core/cmake/core/package_xml_2_cmake.py", line 49, in main
[0.551s]     package = parse_package_string(
[0.551s]   File "/usr/lib/python3/dist-packages/catkin_pkg/package.py", line 786, in parse_package_string
[0.551s]     raise InvalidPackage('Error(s):%s' % (''.join(['\n- %s' % e for e in errors])), filename)
[0.551s] catkin_pkg.package.InvalidPackage: Error(s) in package '/home/rishith/MRT/MRT_ASSIGNMENT_4/src/custom_msgs/package.xml':
[0.551s] Error(s):
[0.551s] - The generic dependency on 'sensor_msgs' is redundant with: exec_depend
[0.551s] - The generic dependency on 'std_msgs' is redundant with: exec_depend
[0.551s] - The generic dependency on 'cv_bridge' is redundant with: exec_depend
[0.560s] [31mCMake Error at /opt/ros/humble/share/ament_cmake_core/cmake/core/ament_package_xml.cmake:95 (message):
[0.560s]   execute_process(/usr/bin/python3
[0.560s]   /opt/ros/humble/share/ament_cmake_core/cmake/core/package_xml_2_cmake.py
[0.560s]   /home/rishith/MRT/MRT_ASSIGNMENT_4/src/custom_msgs/package.xml
[0.560s]   /home/rishith/MRT/MRT_ASSIGNMENT_4/build/custom_msgs/ament_cmake_core/package.cmake)
[0.560s]   returned error code 1
[0.560s] Call Stack (most recent call first):
[0.560s]   /opt/ros/humble/share/ament_cmake_core/cmake/core/ament_package_xml.cmake:49 (_ament_package_xml)
[0.560s]   /opt/ros/humble/share/rosidl_cmake/cmake/rosidl_generate_interfaces.cmake:226 (ament_package_xml)
[0.560s]   CMakeLists.txt:20 (rosidl_generate_interfaces)
[0.560s] 
[0.560s] [0m
[0.561s] -- Configuring incomplete, errors occurred!
[0.561s] See also "/home/rishith/MRT/MRT_ASSIGNMENT_4/build/custom_msgs/CMakeFiles/CMakeOutput.log".
[0.564s] Invoked command in '/home/rishith/MRT/MRT_ASSIGNMENT_4/build/custom_msgs' returned '1': /usr/bin/cmake /home/rishith/MRT/MRT_ASSIGNMENT_4/src/custom_msgs -DCMAKE_INSTALL_PREFIX=/home/rishith/MRT/MRT_ASSIGNMENT_4/install/custom_msgs
