[0.739s] Invoking command in '/home/rishith/MRT/MRT_ASSIGNMENT_4/build/RRT': AMENT_PREFIX_PATH=/home/rishith/MRT/MRT_ASSIGNMENT_4/install/custom_msgs:${AMENT_PREFIX_PATH} CMAKE_PREFIX_PATH=/home/rishith/MRT/MRT_ASSIGNMENT_4/install/custom_msgs LD_LIBRARY_PATH=/home/rishith/MRT/MRT_ASSIGNMENT_4/install/custom_msgs/lib:${LD_LIBRARY_PATH} PYTHONPATH=/home/rishith/MRT/MRT_ASSIGNMENT_4/build/RRT/prefix_override:/home/rishith/MRT/MRT_ASSIGNMENT_4/install/RRT/lib/python3.10/site-packages:/home/rishith/MRT/MRT_ASSIGNMENT_4/install/custom_msgs/local/lib/python3.10/dist-packages:${PYTHONPATH} /usr/bin/python3 setup.py develop --editable --build-directory /home/rishith/MRT/MRT_ASSIGNMENT_4/build/RRT/build --no-deps install_data
[0.931s] running develop
[0.931s] /usr/lib/python3/dist-packages/setuptools/command/easy_install.py:158: EasyInstallDeprecationWarning: easy_install command is deprecated. Use build and pip and other standards-based tools.
[0.931s]   warnings.warn(
[0.932s] /usr/lib/python3/dist-packages/setuptools/command/install.py:34: SetuptoolsDeprecationWarning: setup.py install is deprecated. Use build and pip and other standards-based tools.
[0.932s]   warnings.warn(
[1.049s] running egg_info
[1.050s] writing RRT.egg-info/PKG-INFO
[1.050s] writing dependency_links to RRT.egg-info/dependency_links.txt
[1.050s] writing entry points to RRT.egg-info/entry_points.txt
[1.051s] writing requirements to RRT.egg-info/requires.txt
[1.051s] writing top-level names to RRT.egg-info/top_level.txt
[1.052s] reading manifest file 'RRT.egg-info/SOURCES.txt'
[1.052s] writing manifest file 'RRT.egg-info/SOURCES.txt'
[1.054s] running build_ext
[1.054s] Creating /home/rishith/MRT/MRT_ASSIGNMENT_4/install/RRT/lib/python3.10/site-packages/RRT.egg-link (link to .)
[1.055s] Installing client script to /home/rishith/MRT/MRT_ASSIGNMENT_4/install/RRT/lib/RRT
[1.055s] Installing server = RRT.server:mainpath_planning script to /home/rishith/MRT/MRT_ASSIGNMENT_4/install/RRT/lib/RRT
[1.055s] 
[1.055s] Installed /home/rishith/MRT/MRT_ASSIGNMENT_4/build/RRT
[1.056s] running install_data
[1.129s] Invoked command in '/home/rishith/MRT/MRT_ASSIGNMENT_4/build/RRT' returned '0': AMENT_PREFIX_PATH=/home/rishith/MRT/MRT_ASSIGNMENT_4/install/custom_msgs:${AMENT_PREFIX_PATH} CMAKE_PREFIX_PATH=/home/rishith/MRT/MRT_ASSIGNMENT_4/install/custom_msgs LD_LIBRARY_PATH=/home/rishith/MRT/MRT_ASSIGNMENT_4/install/custom_msgs/lib:${LD_LIBRARY_PATH} PYTHONPATH=/home/rishith/MRT/MRT_ASSIGNMENT_4/build/RRT/prefix_override:/home/rishith/MRT/MRT_ASSIGNMENT_4/install/RRT/lib/python3.10/site-packages:/home/rishith/MRT/MRT_ASSIGNMENT_4/install/custom_msgs/local/lib/python3.10/dist-packages:${PYTHONPATH} /usr/bin/python3 setup.py develop --editable --build-directory /home/rishith/MRT/MRT_ASSIGNMENT_4/build/RRT/build --no-deps install_data
