[35m[1mConsolidate compiler generated dependencies of target custom_msgs__rosidl_generator_c[0m
[  2%] Built target custom_msgs__cpp
[  5%] [32mBuilding C object CMakeFiles/custom_msgs__rosidl_generator_c.dir/rosidl_generator_c/custom_msgs/srv/detail/corners__functions.c.o[0m
[35m[1mConsolidate compiler generated dependencies of target custom_msgs__rosidl_typesupport_cpp[0m
[35m[1mConsolidate compiler generated dependencies of target custom_msgs__rosidl_typesupport_fastrtps_cpp[0m
[35m[1mConsolidate compiler generated dependencies of target custom_msgs__rosidl_typesupport_introspection_cpp[0m
[  5%] Built target ament_cmake_python_symlink_custom_msgs
In file included from [01m[K/home/rishith/MRT/MRT_ASSIGNMENT_4/build/custom_msgs/rosidl_generator_c/custom_msgs/srv/detail/corners__functions.h:19[m[K,
                 from [01m[K/home/rishith/MRT/MRT_ASSIGNMENT_4/build/custom_msgs/rosidl_generator_c/custom_msgs/srv/detail/corners__functions.c:4[m[K:
[01m[K/home/rishith/MRT/MRT_ASSIGNMENT_4/build/custom_msgs/rosidl_generator_c/custom_msgs/srv/detail/corners__struct.h:22:10:[m[K [01;31m[Kfatal error: [m[Ksensor_msgs/msg/detail/image__struct.h: No such file or directory
   22 | #include [01;31m[K"sensor_msgs/msg/detail/image__struct.h"[m[K
      |          [01;31m[K^~~~~~~~~~~~~~~~~~~~~~~~~~~~~~~~~~~~~~~~[m[K
compilation terminated.
gmake[2]: *** [CMakeFiles/custom_msgs__rosidl_generator_c.dir/build.make:121: CMakeFiles/custom_msgs__rosidl_generator_c.dir/rosidl_generator_c/custom_msgs/srv/detail/corners__functions.c.o] Error 1
gmake[1]: *** [CMakeFiles/Makefile2:213: CMakeFiles/custom_msgs__rosidl_generator_c.dir/all] Error 2
gmake[1]: *** Waiting for unfinished jobs....
[  7%] [32mBuilding CXX object CMakeFiles/custom_msgs__rosidl_typesupport_cpp.dir/rosidl_typesupport_cpp/custom_msgs/srv/corners__type_support.cpp.o[0m
[ 10%] [32mBuilding CXX object CMakeFiles/custom_msgs__rosidl_typesupport_fastrtps_cpp.dir/rosidl_typesupport_fastrtps_cpp/custom_msgs/srv/detail/dds_fastrtps/corners__type_support.cpp.o[0m
[ 12%] [32mBuilding CXX object CMakeFiles/custom_msgs__rosidl_typesupport_introspection_cpp.dir/rosidl_typesupport_introspection_cpp/custom_msgs/srv/detail/corners__type_support.cpp.o[0m
In file included from [01m[K/home/rishith/MRT/MRT_ASSIGNMENT_4/build/custom_msgs/rosidl_typesupport_fastrtps_cpp/custom_msgs/srv/detail/corners__rosidl_typesupport_fastrtps_cpp.hpp:11[m[K,
                 from [01m[K/home/rishith/MRT/MRT_ASSIGNMENT_4/build/custom_msgs/rosidl_typesupport_fastrtps_cpp/custom_msgs/srv/detail/dds_fastrtps/corners__type_support.cpp:4[m[K:
[01m[K/home/rishith/MRT/MRT_ASSIGNMENT_4/build/custom_msgs/rosidl_generator_cpp/custom_msgs/srv/detail/corners__struct.hpp:20:10:[m[K [01;31m[Kfatal error: [m[Ksensor_msgs/msg/detail/image__struct.hpp: No such file or directory
   20 | #include [01;31m[K"sensor_msgs/msg/detail/image__struct.hpp"[m[K
      |          [01;31m[K^~~~~~~~~~~~~~~~~~~~~~~~~~~~~~~~~~~~~~~~~~[m[K
compilation terminated.
gmake[2]: *** [CMakeFiles/custom_msgs__rosidl_typesupport_fastrtps_cpp.dir/build.make:98: CMakeFiles/custom_msgs__rosidl_typesupport_fastrtps_cpp.dir/rosidl_typesupport_fastrtps_cpp/custom_msgs/srv/detail/dds_fastrtps/corners__type_support.cpp.o] Error 1
gmake[1]: *** [CMakeFiles/Makefile2:343: CMakeFiles/custom_msgs__rosidl_typesupport_fastrtps_cpp.dir/all] Error 2
In file included from [01m[K/home/rishith/MRT/MRT_ASSIGNMENT_4/build/custom_msgs/rosidl_typesupport_cpp/custom_msgs/srv/corners__type_support.cpp:7[m[K:
[01m[K/home/rishith/MRT/MRT_ASSIGNMENT_4/build/custom_msgs/rosidl_generator_cpp/custom_msgs/srv/detail/corners__struct.hpp:20:10:[m[K [01;31m[Kfatal error: [m[Ksensor_msgs/msg/detail/image__struct.hpp: No such file or directory
   20 | #include [01;31m[K"sensor_msgs/msg/detail/image__struct.hpp"[m[K
      |          [01;31m[K^~~~~~~~~~~~~~~~~~~~~~~~~~~~~~~~~~~~~~~~~~[m[K
compilation terminated.
gmake[2]: *** [CMakeFiles/custom_msgs__rosidl_typesupport_cpp.dir/build.make:90: CMakeFiles/custom_msgs__rosidl_typesupport_cpp.dir/rosidl_typesupport_cpp/custom_msgs/srv/corners__type_support.cpp.o] Error 1
gmake[1]: *** [CMakeFiles/Makefile2:395: CMakeFiles/custom_msgs__rosidl_typesupport_cpp.dir/all] Error 2
In file included from [01m[K/home/rishith/MRT/MRT_ASSIGNMENT_4/build/custom_msgs/rosidl_typesupport_introspection_cpp/custom_msgs/srv/detail/corners__type_support.cpp:12[m[K:
[01m[K/home/rishith/MRT/MRT_ASSIGNMENT_4/build/custom_msgs/rosidl_generator_cpp/custom_msgs/srv/detail/corners__struct.hpp:20:10:[m[K [01;31m[Kfatal error: [m[Ksensor_msgs/msg/detail/image__struct.hpp: No such file or directory
   20 | #include [01;31m[K"sensor_msgs/msg/detail/image__struct.hpp"[m[K
      |          [01;31m[K^~~~~~~~~~~~~~~~~~~~~~~~~~~~~~~~~~~~~~~~~~[m[K
compilation terminated.
gmake[2]: *** [CMakeFiles/custom_msgs__rosidl_typesupport_introspection_cpp.dir/build.make:98: CMakeFiles/custom_msgs__rosidl_typesupport_introspection_cpp.dir/rosidl_typesupport_introspection_cpp/custom_msgs/srv/detail/corners__type_support.cpp.o] Error 1
gmake[1]: *** [CMakeFiles/Makefile2:369: CMakeFiles/custom_msgs__rosidl_typesupport_introspection_cpp.dir/all] Error 2
running egg_info
writing custom_msgs.egg-info/PKG-INFO
writing dependency_links to custom_msgs.egg-info/dependency_links.txt
writing top-level names to custom_msgs.egg-info/top_level.txt
reading manifest file 'custom_msgs.egg-info/SOURCES.txt'
writing manifest file 'custom_msgs.egg-info/SOURCES.txt'
[ 12%] Built target ament_cmake_python_build_custom_msgs_egg
gmake: *** [Makefile:146: all] Error 2
