[0.079s] Invoking command in '/home/rishith/MRT/MRT_ASSIGNMENT_4/build/custom_msgs': CMAKE_PREFIX_PATH=${CMAKE_PREFIX_PATH}:/home/rishith/MRT/MRT_ASSIGNMENT_4/install/py_srvcli:/home/rishith/MRT/MRT_ASSIGNMENT_4/install/RRT:/opt/ros/humble /usr/bin/cmake --build /home/rishith/MRT/MRT_ASSIGNMENT_4/build/custom_msgs -- -j12 -l12
[0.114s] [35m[1mConsolidate compiler generated dependencies of target custom_msgs__rosidl_generator_c[0m
[0.120s] [  2%] Built target custom_msgs__cpp
[0.128s] [  5%] [32mBuilding C object CMakeFiles/custom_msgs__rosidl_generator_c.dir/rosidl_generator_c/custom_msgs/srv/detail/corners__functions.c.o[0m
[0.132s] [35m[1mConsolidate compiler generated dependencies of target custom_msgs__rosidl_typesupport_cpp[0m
[0.137s] [35m[1mConsolidate compiler generated dependencies of target custom_msgs__rosidl_typesupport_fastrtps_cpp[0m
[0.137s] [35m[1mConsolidate compiler generated dependencies of target custom_msgs__rosidl_typesupport_introspection_cpp[0m
[0.140s] [  5%] Built target ament_cmake_python_symlink_custom_msgs
[0.142s] In file included from [01m[K/home/rishith/MRT/MRT_ASSIGNMENT_4/build/custom_msgs/rosidl_generator_c/custom_msgs/srv/detail/corners__functions.h:19[m[K,
[0.142s]                  from [01m[K/home/rishith/MRT/MRT_ASSIGNMENT_4/build/custom_msgs/rosidl_generator_c/custom_msgs/srv/detail/corners__functions.c:4[m[K:
[0.143s] [01m[K/home/rishith/MRT/MRT_ASSIGNMENT_4/build/custom_msgs/rosidl_generator_c/custom_msgs/srv/detail/corners__struct.h:22:10:[m[K [01;31m[Kfatal error: [m[Ksensor_msgs/msg/detail/image__struct.h: No such file or directory
[0.143s]    22 | #include [01;31m[K"sensor_msgs/msg/detail/image__struct.h"[m[K
[0.143s]       |          [01;31m[K^~~~~~~~~~~~~~~~~~~~~~~~~~~~~~~~~~~~~~~~[m[K
[0.143s] compilation terminated.
[0.143s] gmake[2]: *** [CMakeFiles/custom_msgs__rosidl_generator_c.dir/build.make:121: CMakeFiles/custom_msgs__rosidl_generator_c.dir/rosidl_generator_c/custom_msgs/srv/detail/corners__functions.c.o] Error 1
[0.143s] gmake[1]: *** [CMakeFiles/Makefile2:213: CMakeFiles/custom_msgs__rosidl_generator_c.dir/all] Error 2
[0.144s] gmake[1]: *** Waiting for unfinished jobs....
[0.151s] [  7%] [32mBuilding CXX object CMakeFiles/custom_msgs__rosidl_typesupport_cpp.dir/rosidl_typesupport_cpp/custom_msgs/srv/corners__type_support.cpp.o[0m
[0.153s] [ 10%] [32mBuilding CXX object CMakeFiles/custom_msgs__rosidl_typesupport_fastrtps_cpp.dir/rosidl_typesupport_fastrtps_cpp/custom_msgs/srv/detail/dds_fastrtps/corners__type_support.cpp.o[0m
[0.153s] [ 12%] [32mBuilding CXX object CMakeFiles/custom_msgs__rosidl_typesupport_introspection_cpp.dir/rosidl_typesupport_introspection_cpp/custom_msgs/srv/detail/corners__type_support.cpp.o[0m
[0.201s] In file included from [01m[K/home/rishith/MRT/MRT_ASSIGNMENT_4/build/custom_msgs/rosidl_typesupport_fastrtps_cpp/custom_msgs/srv/detail/corners__rosidl_typesupport_fastrtps_cpp.hpp:11[m[K,
[0.202s]                  from [01m[K/home/rishith/MRT/MRT_ASSIGNMENT_4/build/custom_msgs/rosidl_typesupport_fastrtps_cpp/custom_msgs/srv/detail/dds_fastrtps/corners__type_support.cpp:4[m[K:
[0.202s] [01m[K/home/rishith/MRT/MRT_ASSIGNMENT_4/build/custom_msgs/rosidl_generator_cpp/custom_msgs/srv/detail/corners__struct.hpp:20:10:[m[K [01;31m[Kfatal error: [m[Ksensor_msgs/msg/detail/image__struct.hpp: No such file or directory
[0.203s]    20 | #include [01;31m[K"sensor_msgs/msg/detail/image__struct.hpp"[m[K
[0.203s]       |          [01;31m[K^~~~~~~~~~~~~~~~~~~~~~~~~~~~~~~~~~~~~~~~~~[m[K
[0.203s] compilation terminated.
[0.204s] gmake[2]: *** [CMakeFiles/custom_msgs__rosidl_typesupport_fastrtps_cpp.dir/build.make:98: CMakeFiles/custom_msgs__rosidl_typesupport_fastrtps_cpp.dir/rosidl_typesupport_fastrtps_cpp/custom_msgs/srv/detail/dds_fastrtps/corners__type_support.cpp.o] Error 1
[0.204s] gmake[1]: *** [CMakeFiles/Makefile2:343: CMakeFiles/custom_msgs__rosidl_typesupport_fastrtps_cpp.dir/all] Error 2
[0.209s] In file included from [01m[K/home/rishith/MRT/MRT_ASSIGNMENT_4/build/custom_msgs/rosidl_typesupport_cpp/custom_msgs/srv/corners__type_support.cpp:7[m[K:
[0.210s] [01m[K/home/rishith/MRT/MRT_ASSIGNMENT_4/build/custom_msgs/rosidl_generator_cpp/custom_msgs/srv/detail/corners__struct.hpp:20:10:[m[K [01;31m[Kfatal error: [m[Ksensor_msgs/msg/detail/image__struct.hpp: No such file or directory
[0.211s]    20 | #include [01;31m[K"sensor_msgs/msg/detail/image__struct.hpp"[m[K
[0.211s]       |          [01;31m[K^~~~~~~~~~~~~~~~~~~~~~~~~~~~~~~~~~~~~~~~~~[m[K
[0.211s] compilation terminated.
[0.212s] gmake[2]: *** [CMakeFiles/custom_msgs__rosidl_typesupport_cpp.dir/build.make:90: CMakeFiles/custom_msgs__rosidl_typesupport_cpp.dir/rosidl_typesupport_cpp/custom_msgs/srv/corners__type_support.cpp.o] Error 1
[0.212s] gmake[1]: *** [CMakeFiles/Makefile2:395: CMakeFiles/custom_msgs__rosidl_typesupport_cpp.dir/all] Error 2
[0.222s] In file included from [01m[K/home/rishith/MRT/MRT_ASSIGNMENT_4/build/custom_msgs/rosidl_typesupport_introspection_cpp/custom_msgs/srv/detail/corners__type_support.cpp:12[m[K:
[0.222s] [01m[K/home/rishith/MRT/MRT_ASSIGNMENT_4/build/custom_msgs/rosidl_generator_cpp/custom_msgs/srv/detail/corners__struct.hpp:20:10:[m[K [01;31m[Kfatal error: [m[Ksensor_msgs/msg/detail/image__struct.hpp: No such file or directory
[0.222s]    20 | #include [01;31m[K"sensor_msgs/msg/detail/image__struct.hpp"[m[K
[0.222s]       |          [01;31m[K^~~~~~~~~~~~~~~~~~~~~~~~~~~~~~~~~~~~~~~~~~[m[K
[0.222s] compilation terminated.
[0.223s] gmake[2]: *** [CMakeFiles/custom_msgs__rosidl_typesupport_introspection_cpp.dir/build.make:98: CMakeFiles/custom_msgs__rosidl_typesupport_introspection_cpp.dir/rosidl_typesupport_introspection_cpp/custom_msgs/srv/detail/corners__type_support.cpp.o] Error 1
[0.223s] gmake[1]: *** [CMakeFiles/Makefile2:369: CMakeFiles/custom_msgs__rosidl_typesupport_introspection_cpp.dir/all] Error 2
[0.405s] running egg_info
[0.406s] writing custom_msgs.egg-info/PKG-INFO
[0.407s] writing dependency_links to custom_msgs.egg-info/dependency_links.txt
[0.407s] writing top-level names to custom_msgs.egg-info/top_level.txt
[0.410s] reading manifest file 'custom_msgs.egg-info/SOURCES.txt'
[0.410s] writing manifest file 'custom_msgs.egg-info/SOURCES.txt'
[0.435s] [ 12%] Built target ament_cmake_python_build_custom_msgs_egg
[0.437s] gmake: *** [Makefile:146: all] Error 2
[0.441s] Invoked command in '/home/rishith/MRT/MRT_ASSIGNMENT_4/build/custom_msgs' returned '2': CMAKE_PREFIX_PATH=${CMAKE_PREFIX_PATH}:/home/rishith/MRT/MRT_ASSIGNMENT_4/install/py_srvcli:/home/rishith/MRT/MRT_ASSIGNMENT_4/install/RRT:/opt/ros/humble /usr/bin/cmake --build /home/rishith/MRT/MRT_ASSIGNMENT_4/build/custom_msgs -- -j12 -l12
