[0.063s] Invoking command in '/home/rishith/MRT/MRT_ASSIGNMENT_4/build/custom_msgs': CMAKE_PREFIX_PATH=/opt/ros/humble /usr/bin/cmake /home/rishith/MRT/MRT_ASSIGNMENT_4/src/custom_msgs -DCMAKE_INSTALL_PREFIX=/home/rishith/MRT/MRT_ASSIGNMENT_4/install/custom_msgs
[0.123s] -- The C compiler identification is GNU 11.4.0
[0.170s] -- The CXX compiler identification is GNU 11.4.0
[0.178s] -- Detecting C compiler ABI info
[0.229s] -- Detecting C compiler ABI info - done
[0.235s] -- Check for working C compiler: /usr/bin/cc - skipped
[0.236s] -- Detecting C compile features
[0.237s] -- Detecting C compile features - done
[0.241s] -- Detecting CXX compiler ABI info
[0.301s] -- Detecting CXX compiler ABI info - done
[0.308s] -- Check for working CXX compiler: /usr/bin/c++ - skipped
[0.308s] -- Detecting CXX compile features
[0.309s] -- Detecting CXX compile features - done
[0.311s] -- Found ament_cmake: 1.3.8 (/opt/ros/humble/share/ament_cmake/cmake)
[0.440s] -- Found Python3: /usr/bin/python3 (found version "3.10.12") found components: Interpreter 
[0.517s] -- Found rosidl_default_generators: 1.2.0 (/opt/ros/humble/share/rosidl_default_generators/cmake)
[0.519s] -- Using all available rosidl_typesupport_c: rosidl_typesupport_fastrtps_c;rosidl_typesupport_introspection_c
[0.523s] -- Found rosidl_adapter: 3.1.5 (/opt/ros/humble/share/rosidl_adapter/cmake)
[0.553s] -- Using all available rosidl_typesupport_cpp: rosidl_typesupport_fastrtps_cpp;rosidl_typesupport_introspection_cpp
[0.579s] -- Found sensor_msgs: 4.2.3 (/opt/ros/humble/share/sensor_msgs/cmake)
[0.751s] -- Found cv_bridge: 3.2.1 (/opt/ros/humble/share/cv_bridge/cmake)
[0.920s] -- Found ament_cmake_ros: 0.10.0 (/opt/ros/humble/share/ament_cmake_ros/cmake)
[1.043s] -- Using all available rosidl_typesupport_c: rosidl_typesupport_fastrtps_c;rosidl_typesupport_introspection_c
[1.194s] -- Using all available rosidl_typesupport_cpp: rosidl_typesupport_fastrtps_cpp;rosidl_typesupport_introspection_cpp
[1.208s] -- Found PythonInterp: /usr/bin/python3 (found suitable version "3.10.12", minimum required is "3.6") 
[1.209s] -- Found python_cmake_module: 0.10.0 (/opt/ros/humble/share/python_cmake_module/cmake)
[1.225s] -- Found PythonLibs: /usr/lib/x86_64-linux-gnu/libpython3.10.so (found suitable version "3.10.12", minimum required is "3.5") 
[1.225s] -- Using PYTHON_EXECUTABLE: /usr/bin/python3
[1.225s] -- Using PYTHON_INCLUDE_DIRS: /usr/include/python3.10
[1.225s] -- Using PYTHON_LIBRARIES: /usr/lib/x86_64-linux-gnu/libpython3.10.so
[1.238s] -- Found PythonExtra: .so  
[1.260s] -- Found ament_lint_auto: 0.12.10 (/opt/ros/humble/share/ament_lint_auto/cmake)
[1.270s] -- Added test 'lint_cmake' to check CMake code style
[1.270s] -- Added test 'xmllint' to check XML markup files
[1.272s] -- Configuring done
[1.290s] -- Generating done
[1.292s] -- Build files have been written to: /home/rishith/MRT/MRT_ASSIGNMENT_4/build/custom_msgs
[1.299s] Invoked command in '/home/rishith/MRT/MRT_ASSIGNMENT_4/build/custom_msgs' returned '0': CMAKE_PREFIX_PATH=/opt/ros/humble /usr/bin/cmake /home/rishith/MRT/MRT_ASSIGNMENT_4/src/custom_msgs -DCMAKE_INSTALL_PREFIX=/home/rishith/MRT/MRT_ASSIGNMENT_4/install/custom_msgs
[1.300s] Invoking command in '/home/rishith/MRT/MRT_ASSIGNMENT_4/build/custom_msgs': CMAKE_PREFIX_PATH=/opt/ros/humble /usr/bin/cmake --build /home/rishith/MRT/MRT_ASSIGNMENT_4/build/custom_msgs -- -j12 -l12
[1.324s] [  2%] [34m[1mGenerating C code for ROS interfaces[0m
[1.332s] [  5%] [34m[1mGenerating C++ code for ROS interfaces[0m
[1.348s] [  5%] Built target ament_cmake_python_copy_custom_msgs
[1.628s] [  5%] Built target custom_msgs__cpp
[1.633s] [  7%] [32mBuilding C object CMakeFiles/custom_msgs__rosidl_generator_c.dir/rosidl_generator_c/custom_msgs/srv/detail/path__functions.c.o[0m
[1.633s] [ 10%] [32mBuilding C object CMakeFiles/custom_msgs__rosidl_generator_c.dir/rosidl_generator_c/custom_msgs/srv/detail/corners__functions.c.o[0m
[1.638s] [ 12%] [34m[1mGenerating C++ type support dispatch for ROS interfaces[0m
[1.642s] [ 15%] [34m[1mGenerating C++ introspection for ROS interfaces[0m
[1.642s] [ 17%] [34m[1mGenerating C++ type support for eProsima Fast-RTPS[0m
[1.652s] In file included from [01m[K/home/rishith/MRT/MRT_ASSIGNMENT_4/build/custom_msgs/rosidl_generator_c/custom_msgs/srv/detail/corners__functions.h:19[m[K,
[1.652s]                  from [01m[K/home/rishith/MRT/MRT_ASSIGNMENT_4/build/custom_msgs/rosidl_generator_c/custom_msgs/srv/detail/corners__functions.c:4[m[K:
[1.652s] [01m[K/home/rishith/MRT/MRT_ASSIGNMENT_4/build/custom_msgs/rosidl_generator_c/custom_msgs/srv/detail/corners__struct.h:22:10:[m[K [01;31m[Kfatal error: [m[Ksensor_msgs/msg/detail/image__struct.h: No such file or directory
[1.652s]    22 | #include [01;31m[K"sensor_msgs/msg/detail/image__struct.h"[m[K
[1.653s]       |          [01;31m[K^~~~~~~~~~~~~~~~~~~~~~~~~~~~~~~~~~~~~~~~[m[K
[1.653s] compilation terminated.
[1.653s] gmake[2]: *** [CMakeFiles/custom_msgs__rosidl_generator_c.dir/build.make:121: CMakeFiles/custom_msgs__rosidl_generator_c.dir/rosidl_generator_c/custom_msgs/srv/detail/corners__functions.c.o] Error 1
[1.653s] gmake[2]: *** Waiting for unfinished jobs....
[1.656s] running egg_info
[1.657s] creating custom_msgs.egg-info
[1.657s] writing custom_msgs.egg-info/PKG-INFO
[1.657s] writing dependency_links to custom_msgs.egg-info/dependency_links.txt
[1.657s] writing top-level names to custom_msgs.egg-info/top_level.txt
[1.657s] writing manifest file 'custom_msgs.egg-info/SOURCES.txt'
[1.660s] reading manifest file 'custom_msgs.egg-info/SOURCES.txt'
[1.660s] writing manifest file 'custom_msgs.egg-info/SOURCES.txt'
[1.688s] [ 17%] Built target ament_cmake_python_build_custom_msgs_egg
[1.704s] gmake[1]: *** [CMakeFiles/Makefile2:213: CMakeFiles/custom_msgs__rosidl_generator_c.dir/all] Error 2
[1.704s] gmake[1]: *** Waiting for unfinished jobs....
[1.864s] [ 20%] [32mBuilding CXX object CMakeFiles/custom_msgs__rosidl_typesupport_cpp.dir/rosidl_typesupport_cpp/custom_msgs/srv/corners__type_support.cpp.o[0m
[1.866s] [ 23%] [32mBuilding CXX object CMakeFiles/custom_msgs__rosidl_typesupport_cpp.dir/rosidl_typesupport_cpp/custom_msgs/srv/path__type_support.cpp.o[0m
[1.906s] [ 25%] [32mBuilding CXX object CMakeFiles/custom_msgs__rosidl_typesupport_introspection_cpp.dir/rosidl_typesupport_introspection_cpp/custom_msgs/srv/detail/corners__type_support.cpp.o[0m
[1.908s] [ 28%] [32mBuilding CXX object CMakeFiles/custom_msgs__rosidl_typesupport_introspection_cpp.dir/rosidl_typesupport_introspection_cpp/custom_msgs/srv/detail/path__type_support.cpp.o[0m
[1.909s] In file included from [01m[K/home/rishith/MRT/MRT_ASSIGNMENT_4/build/custom_msgs/rosidl_typesupport_cpp/custom_msgs/srv/corners__type_support.cpp:7[m[K:
[1.909s] [01m[K/home/rishith/MRT/MRT_ASSIGNMENT_4/build/custom_msgs/rosidl_generator_cpp/custom_msgs/srv/detail/corners__struct.hpp:20:10:[m[K [01;31m[Kfatal error: [m[Ksensor_msgs/msg/detail/image__struct.hpp: No such file or directory
[1.909s]    20 | #include [01;31m[K"sensor_msgs/msg/detail/image__struct.hpp"[m[K
[1.909s]       |          [01;31m[K^~~~~~~~~~~~~~~~~~~~~~~~~~~~~~~~~~~~~~~~~~[m[K
[1.909s] compilation terminated.
[1.911s] gmake[2]: *** [CMakeFiles/custom_msgs__rosidl_typesupport_cpp.dir/build.make:90: CMakeFiles/custom_msgs__rosidl_typesupport_cpp.dir/rosidl_typesupport_cpp/custom_msgs/srv/corners__type_support.cpp.o] Error 1
[1.911s] gmake[2]: *** Waiting for unfinished jobs....
[1.957s] In file included from [01m[K/home/rishith/MRT/MRT_ASSIGNMENT_4/build/custom_msgs/rosidl_typesupport_introspection_cpp/custom_msgs/srv/detail/corners__type_support.cpp:12[m[K:
[1.957s] [01m[K/home/rishith/MRT/MRT_ASSIGNMENT_4/build/custom_msgs/rosidl_generator_cpp/custom_msgs/srv/detail/corners__struct.hpp:20:10:[m[K [01;31m[Kfatal error: [m[Ksensor_msgs/msg/detail/image__struct.hpp: No such file or directory
[1.957s]    20 | #include [01;31m[K"sensor_msgs/msg/detail/image__struct.hpp"[m[K
[1.957s]       |          [01;31m[K^~~~~~~~~~~~~~~~~~~~~~~~~~~~~~~~~~~~~~~~~~[m[K
[1.958s] compilation terminated.
[1.958s] gmake[2]: *** [CMakeFiles/custom_msgs__rosidl_typesupport_introspection_cpp.dir/build.make:98: CMakeFiles/custom_msgs__rosidl_typesupport_introspection_cpp.dir/rosidl_typesupport_introspection_cpp/custom_msgs/srv/detail/corners__type_support.cpp.o] Error 1
[1.959s] gmake[2]: *** Waiting for unfinished jobs....
[2.057s] [ 33%] [32mBuilding CXX object CMakeFiles/custom_msgs__rosidl_typesupport_fastrtps_cpp.dir/rosidl_typesupport_fastrtps_cpp/custom_msgs/srv/detail/dds_fastrtps/corners__type_support.cpp.o[0m
[2.057s] [ 33%] [32mBuilding CXX object CMakeFiles/custom_msgs__rosidl_typesupport_fastrtps_cpp.dir/rosidl_typesupport_fastrtps_cpp/custom_msgs/srv/detail/dds_fastrtps/path__type_support.cpp.o[0m
[2.104s] gmake[1]: *** [CMakeFiles/Makefile2:395: CMakeFiles/custom_msgs__rosidl_typesupport_cpp.dir/all] Error 2
[2.113s] In file included from [01m[K/home/rishith/MRT/MRT_ASSIGNMENT_4/build/custom_msgs/rosidl_typesupport_fastrtps_cpp/custom_msgs/srv/detail/corners__rosidl_typesupport_fastrtps_cpp.hpp:11[m[K,
[2.113s]                  from [01m[K/home/rishith/MRT/MRT_ASSIGNMENT_4/build/custom_msgs/rosidl_typesupport_fastrtps_cpp/custom_msgs/srv/detail/dds_fastrtps/corners__type_support.cpp:4[m[K:
[2.113s] [01m[K/home/rishith/MRT/MRT_ASSIGNMENT_4/build/custom_msgs/rosidl_generator_cpp/custom_msgs/srv/detail/corners__struct.hpp:20:10:[m[K [01;31m[Kfatal error: [m[Ksensor_msgs/msg/detail/image__struct.hpp: No such file or directory
[2.113s]    20 | #include [01;31m[K"sensor_msgs/msg/detail/image__struct.hpp"[m[K
[2.113s]       |          [01;31m[K^~~~~~~~~~~~~~~~~~~~~~~~~~~~~~~~~~~~~~~~~~[m[K
[2.114s] compilation terminated.
[2.114s] gmake[2]: *** [CMakeFiles/custom_msgs__rosidl_typesupport_fastrtps_cpp.dir/build.make:98: CMakeFiles/custom_msgs__rosidl_typesupport_fastrtps_cpp.dir/rosidl_typesupport_fastrtps_cpp/custom_msgs/srv/detail/dds_fastrtps/corners__type_support.cpp.o] Error 1
[2.114s] gmake[2]: *** Waiting for unfinished jobs....
[2.213s] gmake[1]: *** [CMakeFiles/Makefile2:369: CMakeFiles/custom_msgs__rosidl_typesupport_introspection_cpp.dir/all] Error 2
[2.349s] gmake[1]: *** [CMakeFiles/Makefile2:343: CMakeFiles/custom_msgs__rosidl_typesupport_fastrtps_cpp.dir/all] Error 2
[2.350s] gmake: *** [Makefile:146: all] Error 2
[2.353s] Invoked command in '/home/rishith/MRT/MRT_ASSIGNMENT_4/build/custom_msgs' returned '2': CMAKE_PREFIX_PATH=/opt/ros/humble /usr/bin/cmake --build /home/rishith/MRT/MRT_ASSIGNMENT_4/build/custom_msgs -- -j12 -l12
