[0.804s] Invoking command in '/home/rishith/MRT/MRT_ASSIGNMENT_4/src/py_srvcli': CMAKE_PREFIX_PATH=/home/rishith/MRT/MRT_ASSIGNMENT_4/install/custom_msgs:/home/rishith/MRT/MRT_ASSIGNMENT_4/install/more_interfaces PYTHONPATH=/home/rishith/MRT/MRT_ASSIGNMENT_4/build/py_srvcli/prefix_override:/home/rishith/MRT/MRT_ASSIGNMENT_4/install/py_srvcli/lib/python3.10/site-packages:${PYTHONPATH} /usr/bin/python3 setup.py egg_info --egg-base ../../build/py_srvcli build --build-base /home/rishith/MRT/MRT_ASSIGNMENT_4/build/py_srvcli/build install --record /home/rishith/MRT/MRT_ASSIGNMENT_4/build/py_srvcli/install.log --single-version-externally-managed
[1.037s] running egg_info
[1.037s] writing ../../build/py_srvcli/py_srvcli.egg-info/PKG-INFO
[1.038s] writing dependency_links to ../../build/py_srvcli/py_srvcli.egg-info/dependency_links.txt
[1.038s] writing entry points to ../../build/py_srvcli/py_srvcli.egg-info/entry_points.txt
[1.038s] writing requirements to ../../build/py_srvcli/py_srvcli.egg-info/requires.txt
[1.038s] writing top-level names to ../../build/py_srvcli/py_srvcli.egg-info/top_level.txt
[1.040s] reading manifest file '../../build/py_srvcli/py_srvcli.egg-info/SOURCES.txt'
[1.041s] adding license file 'LICENSE'
[1.041s] writing manifest file '../../build/py_srvcli/py_srvcli.egg-info/SOURCES.txt'
[1.041s] running build
[1.041s] running build_py
[1.041s] copying py_srvcli/client.py -> /home/rishith/MRT/MRT_ASSIGNMENT_4/build/py_srvcli/build/lib/py_srvcli
[1.042s] copying py_srvcli/path_planning.py -> /home/rishith/MRT/MRT_ASSIGNMENT_4/build/py_srvcli/build/lib/py_srvcli
[1.042s] running install
[1.042s] /usr/lib/python3/dist-packages/setuptools/command/install.py:34: SetuptoolsDeprecationWarning: setup.py install is deprecated. Use build and pip and other standards-based tools.
[1.042s]   warnings.warn(
[1.042s] running install_lib
[1.043s] copying /home/rishith/MRT/MRT_ASSIGNMENT_4/build/py_srvcli/build/lib/py_srvcli/client.py -> /home/rishith/MRT/MRT_ASSIGNMENT_4/install/py_srvcli/lib/python3.10/site-packages/py_srvcli
[1.044s] copying /home/rishith/MRT/MRT_ASSIGNMENT_4/build/py_srvcli/build/lib/py_srvcli/path_planning.py -> /home/rishith/MRT/MRT_ASSIGNMENT_4/install/py_srvcli/lib/python3.10/site-packages/py_srvcli
[1.044s] byte-compiling /home/rishith/MRT/MRT_ASSIGNMENT_4/install/py_srvcli/lib/python3.10/site-packages/py_srvcli/client.py to client.cpython-310.pyc
[1.045s] byte-compiling /home/rishith/MRT/MRT_ASSIGNMENT_4/install/py_srvcli/lib/python3.10/site-packages/py_srvcli/path_planning.py to path_planning.cpython-310.pyc
[1.048s] running install_data
[1.049s] running install_egg_info
[1.051s] removing '/home/rishith/MRT/MRT_ASSIGNMENT_4/install/py_srvcli/lib/python3.10/site-packages/py_srvcli-0.0.0-py3.10.egg-info' (and everything under it)
[1.052s] Copying ../../build/py_srvcli/py_srvcli.egg-info to /home/rishith/MRT/MRT_ASSIGNMENT_4/install/py_srvcli/lib/python3.10/site-packages/py_srvcli-0.0.0-py3.10.egg-info
[1.052s] running install_scripts
[1.078s] Installing client script to /home/rishith/MRT/MRT_ASSIGNMENT_4/install/py_srvcli/lib/py_srvcli
[1.078s] Installing server script to /home/rishith/MRT/MRT_ASSIGNMENT_4/install/py_srvcli/lib/py_srvcli
[1.078s] writing list of installed files to '/home/rishith/MRT/MRT_ASSIGNMENT_4/build/py_srvcli/install.log'
[1.107s] Invoked command in '/home/rishith/MRT/MRT_ASSIGNMENT_4/src/py_srvcli' returned '0': CMAKE_PREFIX_PATH=/home/rishith/MRT/MRT_ASSIGNMENT_4/install/custom_msgs:/home/rishith/MRT/MRT_ASSIGNMENT_4/install/more_interfaces PYTHONPATH=/home/rishith/MRT/MRT_ASSIGNMENT_4/build/py_srvcli/prefix_override:/home/rishith/MRT/MRT_ASSIGNMENT_4/install/py_srvcli/lib/python3.10/site-packages:${PYTHONPATH} /usr/bin/python3 setup.py egg_info --egg-base ../../build/py_srvcli build --build-base /home/rishith/MRT/MRT_ASSIGNMENT_4/build/py_srvcli/build install --record /home/rishith/MRT/MRT_ASSIGNMENT_4/build/py_srvcli/install.log --single-version-externally-managed
