[0.062s] Invoking command in '/home/rishith/MRT/MRT_ASSIGNMENT_4/build/custom_msgs': /usr/bin/cmake /home/rishith/MRT/MRT_ASSIGNMENT_4/src/custom_msgs -DCMAKE_INSTALL_PREFIX=/home/rishith/MRT/MRT_ASSIGNMENT_4/install/custom_msgs
[0.073s] -- Found ament_cmake: 1.3.8 (/opt/ros/humble/share/ament_cmake/cmake)
[0.172s] -- Override CMake install command with custom implementation using symlinks instead of copying resources
[0.177s] -- Found rosidl_default_generators: 1.2.0 (/opt/ros/humble/share/rosidl_default_generators/cmake)
[0.179s] -- Using all available rosidl_typesupport_c: rosidl_typesupport_fastrtps_c;rosidl_typesupport_introspection_c
[0.181s] -- Found rosidl_adapter: 3.1.5 (/opt/ros/humble/share/rosidl_adapter/cmake)
[0.205s] -- Using all available rosidl_typesupport_cpp: rosidl_typesupport_fastrtps_cpp;rosidl_typesupport_introspection_cpp
[0.225s] -- Found sensor_msgs: 4.2.3 (/opt/ros/humble/share/sensor_msgs/cmake)
[0.369s] -- Found cv_bridge: 3.2.1 (/opt/ros/humble/share/cv_bridge/cmake)
[0.513s] Error parsing '/home/rishith/MRT/MRT_ASSIGNMENT_4/src/custom_msgs/package.xml':
[0.544s] Traceback (most recent call last):
[0.544s]   File "/usr/lib/python3/dist-packages/catkin_pkg/package.py", line 610, in parse_package_string
[0.544s]     root = dom.parseString(data)
[0.544s]   File "/usr/lib/python3.10/xml/dom/minidom.py", line 2000, in parseString
[0.544s]     return expatbuilder.parseString(string)
[0.544s]   File "/usr/lib/python3.10/xml/dom/expatbuilder.py", line 925, in parseString
[0.544s]     return builder.parseString(string)
[0.544s]   File "/usr/lib/python3.10/xml/dom/expatbuilder.py", line 223, in parseString
[0.544s]     parser.Parse(string, True)
[0.544s] xml.parsers.expat.ExpatError: mismatched tag: line 31, column 2
[0.544s] 
[0.544s] During handling of the above exception, another exception occurred:
[0.544s] 
[0.545s] Traceback (most recent call last):
[0.545s]   File "/opt/ros/humble/share/ament_cmake_core/cmake/core/package_xml_2_cmake.py", line 150, in <module>
[0.545s]     main()
[0.545s]   File "/opt/ros/humble/share/ament_cmake_core/cmake/core/package_xml_2_cmake.py", line 53, in main
[0.545s]     raise e
[0.545s]   File "/opt/ros/humble/share/ament_cmake_core/cmake/core/package_xml_2_cmake.py", line 49, in main
[0.545s]     package = parse_package_string(
[0.545s]   File "/usr/lib/python3/dist-packages/catkin_pkg/package.py", line 612, in parse_package_string
[0.545s]     raise InvalidPackage('The manifest contains invalid XML:\n%s' % ex, filename)
[0.545s] catkin_pkg.package.InvalidPackage: Error(s) in package '/home/rishith/MRT/MRT_ASSIGNMENT_4/src/custom_msgs/package.xml':
[0.545s] The manifest contains invalid XML:
[0.545s] mismatched tag: line 31, column 2
[0.554s] [31mCMake Error at /opt/ros/humble/share/ament_cmake_core/cmake/core/ament_package_xml.cmake:95 (message):
[0.554s]   execute_process(/usr/bin/python3
[0.555s]   /opt/ros/humble/share/ament_cmake_core/cmake/core/package_xml_2_cmake.py
[0.555s]   /home/rishith/MRT/MRT_ASSIGNMENT_4/src/custom_msgs/package.xml
[0.555s]   /home/rishith/MRT/MRT_ASSIGNMENT_4/build/custom_msgs/ament_cmake_core/package.cmake)
[0.555s]   returned error code 1
[0.555s] Call Stack (most recent call first):
[0.555s]   /opt/ros/humble/share/ament_cmake_core/cmake/core/ament_package_xml.cmake:49 (_ament_package_xml)
[0.555s]   /opt/ros/humble/share/rosidl_cmake/cmake/rosidl_generate_interfaces.cmake:226 (ament_package_xml)
[0.555s]   CMakeLists.txt:20 (rosidl_generate_interfaces)
[0.555s] 
[0.555s] [0m
[0.556s] -- Configuring incomplete, errors occurred!
[0.556s] See also "/home/rishith/MRT/MRT_ASSIGNMENT_4/build/custom_msgs/CMakeFiles/CMakeOutput.log".
[0.559s] Invoked command in '/home/rishith/MRT/MRT_ASSIGNMENT_4/build/custom_msgs' returned '1': /usr/bin/cmake /home/rishith/MRT/MRT_ASSIGNMENT_4/src/custom_msgs -DCMAKE_INSTALL_PREFIX=/home/rishith/MRT/MRT_ASSIGNMENT_4/install/custom_msgs
