[0.040s] Invoking command in '/home/rishith/MRT/MRT_ASSIGNMENT_4/build/more_interfaces': CMAKE_PREFIX_PATH=/opt/ros/humble /usr/bin/cmake /home/rishith/MRT/MRT_ASSIGNMENT_4/src/more_interfaces -DCMAKE_INSTALL_PREFIX=/home/rishith/MRT/MRT_ASSIGNMENT_4/install/more_interfaces
[0.079s] -- The C compiler identification is GNU 11.4.0
[0.126s] -- The CXX compiler identification is GNU 11.4.0
[0.133s] -- Detecting C compiler ABI info
[0.189s] -- Detecting C compiler ABI info - done
[0.199s] -- Check for working C compiler: /usr/bin/cc - skipped
[0.199s] -- Detecting C compile features
[0.200s] -- Detecting C compile features - done
[0.204s] -- Detecting CXX compiler ABI info
[0.270s] -- Detecting CXX compiler ABI info - done
[0.278s] -- Check for working CXX compiler: /usr/bin/c++ - skipped
[0.278s] -- Detecting CXX compile features
[0.279s] -- Detecting CXX compile features - done
[0.281s] -- Found ament_cmake: 1.3.8 (/opt/ros/humble/share/ament_cmake/cmake)
[0.412s] -- Found Python3: /usr/bin/python3 (found version "3.10.12") found components: Interpreter 
[0.490s] -- Found ament_lint_auto: 0.12.10 (/opt/ros/humble/share/ament_lint_auto/cmake)
[0.547s] -- Added test 'lint_cmake' to check CMake code style
[0.548s] -- Added test 'xmllint' to check XML markup files
[0.548s] -- Configuring done
[0.550s] -- Generating done
[0.551s] -- Build files have been written to: /home/rishith/MRT/MRT_ASSIGNMENT_4/build/more_interfaces
[0.555s] Invoked command in '/home/rishith/MRT/MRT_ASSIGNMENT_4/build/more_interfaces' returned '0': CMAKE_PREFIX_PATH=/opt/ros/humble /usr/bin/cmake /home/rishith/MRT/MRT_ASSIGNMENT_4/src/more_interfaces -DCMAKE_INSTALL_PREFIX=/home/rishith/MRT/MRT_ASSIGNMENT_4/install/more_interfaces
[0.557s] Invoking command in '/home/rishith/MRT/MRT_ASSIGNMENT_4/build/more_interfaces': CMAKE_PREFIX_PATH=/opt/ros/humble /usr/bin/cmake --build /home/rishith/MRT/MRT_ASSIGNMENT_4/build/more_interfaces -- -j12 -l12
[0.582s] Invoked command in '/home/rishith/MRT/MRT_ASSIGNMENT_4/build/more_interfaces' returned '0': CMAKE_PREFIX_PATH=/opt/ros/humble /usr/bin/cmake --build /home/rishith/MRT/MRT_ASSIGNMENT_4/build/more_interfaces -- -j12 -l12
[0.601s] Invoking command in '/home/rishith/MRT/MRT_ASSIGNMENT_4/build/more_interfaces': CMAKE_PREFIX_PATH=/opt/ros/humble /usr/bin/cmake --install /home/rishith/MRT/MRT_ASSIGNMENT_4/build/more_interfaces
[0.607s] -- Install configuration: ""
[0.607s] -- Installing: /home/rishith/MRT/MRT_ASSIGNMENT_4/install/more_interfaces/share/ament_index/resource_index/package_run_dependencies/more_interfaces
[0.607s] -- Installing: /home/rishith/MRT/MRT_ASSIGNMENT_4/install/more_interfaces/share/ament_index/resource_index/parent_prefix_path/more_interfaces
[0.607s] -- Installing: /home/rishith/MRT/MRT_ASSIGNMENT_4/install/more_interfaces/share/more_interfaces/environment/ament_prefix_path.sh
[0.607s] -- Installing: /home/rishith/MRT/MRT_ASSIGNMENT_4/install/more_interfaces/share/more_interfaces/environment/ament_prefix_path.dsv
[0.608s] -- Installing: /home/rishith/MRT/MRT_ASSIGNMENT_4/install/more_interfaces/share/more_interfaces/environment/path.sh
[0.608s] -- Installing: /home/rishith/MRT/MRT_ASSIGNMENT_4/install/more_interfaces/share/more_interfaces/environment/path.dsv
[0.608s] -- Installing: /home/rishith/MRT/MRT_ASSIGNMENT_4/install/more_interfaces/share/more_interfaces/local_setup.bash
[0.608s] -- Installing: /home/rishith/MRT/MRT_ASSIGNMENT_4/install/more_interfaces/share/more_interfaces/local_setup.sh
[0.608s] -- Installing: /home/rishith/MRT/MRT_ASSIGNMENT_4/install/more_interfaces/share/more_interfaces/local_setup.zsh
[0.609s] -- Installing: /home/rishith/MRT/MRT_ASSIGNMENT_4/install/more_interfaces/share/more_interfaces/local_setup.dsv
[0.609s] -- Installing: /home/rishith/MRT/MRT_ASSIGNMENT_4/install/more_interfaces/share/more_interfaces/package.dsv
[0.610s] -- Installing: /home/rishith/MRT/MRT_ASSIGNMENT_4/install/more_interfaces/share/ament_index/resource_index/packages/more_interfaces
[0.610s] -- Installing: /home/rishith/MRT/MRT_ASSIGNMENT_4/install/more_interfaces/share/more_interfaces/cmake/more_interfacesConfig.cmake
[0.610s] -- Installing: /home/rishith/MRT/MRT_ASSIGNMENT_4/install/more_interfaces/share/more_interfaces/cmake/more_interfacesConfig-version.cmake
[0.611s] -- Installing: /home/rishith/MRT/MRT_ASSIGNMENT_4/install/more_interfaces/share/more_interfaces/package.xml
[0.611s] Invoked command in '/home/rishith/MRT/MRT_ASSIGNMENT_4/build/more_interfaces' returned '0': CMAKE_PREFIX_PATH=/opt/ros/humble /usr/bin/cmake --install /home/rishith/MRT/MRT_ASSIGNMENT_4/build/more_interfaces
