[0.439s] Invoking command in '/home/rishith/MRT/MRT_ASSIGNMENT_4/src/py_srvcli': CMAKE_PREFIX_PATH=/home/rishith/MRT/MRT_ASSIGNMENT_4/install/custom_msgs:/home/rishith/MRT/MRT_ASSIGNMENT_4/install/more_interfaces PYTHONPATH=/home/rishith/MRT/MRT_ASSIGNMENT_4/build/py_srvcli/prefix_override:/home/rishith/MRT/MRT_ASSIGNMENT_4/install/py_srvcli/lib/python3.10/site-packages:${PYTHONPATH} /usr/bin/python3 setup.py egg_info --egg-base ../../build/py_srvcli build --build-base /home/rishith/MRT/MRT_ASSIGNMENT_4/build/py_srvcli/build install --record /home/rishith/MRT/MRT_ASSIGNMENT_4/build/py_srvcli/install.log --single-version-externally-managed
[0.574s] running egg_info
[0.574s] writing ../../build/py_srvcli/py_srvcli.egg-info/PKG-INFO
[0.574s] writing dependency_links to ../../build/py_srvcli/py_srvcli.egg-info/dependency_links.txt
[0.574s] writing entry points to ../../build/py_srvcli/py_srvcli.egg-info/entry_points.txt
[0.575s] writing requirements to ../../build/py_srvcli/py_srvcli.egg-info/requires.txt
[0.575s] writing top-level names to ../../build/py_srvcli/py_srvcli.egg-info/top_level.txt
[0.576s] reading manifest file '../../build/py_srvcli/py_srvcli.egg-info/SOURCES.txt'
[0.576s] adding license file 'LICENSE'
[0.577s] writing manifest file '../../build/py_srvcli/py_srvcli.egg-info/SOURCES.txt'
[0.578s] running build
[0.578s] running build_py
[0.578s] copying py_srvcli/client.py -> /home/rishith/MRT/MRT_ASSIGNMENT_4/build/py_srvcli/build/lib/py_srvcli
[0.578s] running install
[0.578s] /usr/lib/python3/dist-packages/setuptools/command/install.py:34: SetuptoolsDeprecationWarning: setup.py install is deprecated. Use build and pip and other standards-based tools.
[0.578s]   warnings.warn(
[0.579s] running install_lib
[0.579s] copying /home/rishith/MRT/MRT_ASSIGNMENT_4/build/py_srvcli/build/lib/py_srvcli/client.py -> /home/rishith/MRT/MRT_ASSIGNMENT_4/install/py_srvcli/lib/python3.10/site-packages/py_srvcli
[0.579s] byte-compiling /home/rishith/MRT/MRT_ASSIGNMENT_4/install/py_srvcli/lib/python3.10/site-packages/py_srvcli/client.py to client.cpython-310.pyc
[0.580s] running install_data
[0.580s] running install_egg_info
[0.581s] removing '/home/rishith/MRT/MRT_ASSIGNMENT_4/install/py_srvcli/lib/python3.10/site-packages/py_srvcli-0.0.0-py3.10.egg-info' (and everything under it)
[0.581s] Copying ../../build/py_srvcli/py_srvcli.egg-info to /home/rishith/MRT/MRT_ASSIGNMENT_4/install/py_srvcli/lib/python3.10/site-packages/py_srvcli-0.0.0-py3.10.egg-info
[0.582s] running install_scripts
[0.594s] Installing client script to /home/rishith/MRT/MRT_ASSIGNMENT_4/install/py_srvcli/lib/py_srvcli
[0.594s] Installing server script to /home/rishith/MRT/MRT_ASSIGNMENT_4/install/py_srvcli/lib/py_srvcli
[0.594s] writing list of installed files to '/home/rishith/MRT/MRT_ASSIGNMENT_4/build/py_srvcli/install.log'
[0.608s] Invoked command in '/home/rishith/MRT/MRT_ASSIGNMENT_4/src/py_srvcli' returned '0': CMAKE_PREFIX_PATH=/home/rishith/MRT/MRT_ASSIGNMENT_4/install/custom_msgs:/home/rishith/MRT/MRT_ASSIGNMENT_4/install/more_interfaces PYTHONPATH=/home/rishith/MRT/MRT_ASSIGNMENT_4/build/py_srvcli/prefix_override:/home/rishith/MRT/MRT_ASSIGNMENT_4/install/py_srvcli/lib/python3.10/site-packages:${PYTHONPATH} /usr/bin/python3 setup.py egg_info --egg-base ../../build/py_srvcli build --build-base /home/rishith/MRT/MRT_ASSIGNMENT_4/build/py_srvcli/build install --record /home/rishith/MRT/MRT_ASSIGNMENT_4/build/py_srvcli/install.log --single-version-externally-managed
