-- Found ament_cmake: 1.3.8 (/opt/ros/humble/share/ament_cmake/cmake)
-- Override CMake install command with custom implementation using symlinks instead of copying resources
-- Found rosidl_default_generators: 1.2.0 (/opt/ros/humble/share/rosidl_default_generators/cmake)
-- Using all available rosidl_typesupport_c: rosidl_typesupport_fastrtps_c;rosidl_typesupport_introspection_c
-- Found rosidl_adapter: 3.1.5 (/opt/ros/humble/share/rosidl_adapter/cmake)
-- Using all available rosidl_typesupport_cpp: rosidl_typesupport_fastrtps_cpp;rosidl_typesupport_introspection_cpp
-- Found sensor_msgs: 4.2.3 (/opt/ros/humble/share/sensor_msgs/cmake)
-- Found cv_bridge: 3.2.1 (/opt/ros/humble/share/cv_bridge/cmake)
-- Found ament_cmake_ros: 0.10.0 (/opt/ros/humble/share/ament_cmake_ros/cmake)
-- Using all available rosidl_typesupport_c: rosidl_typesupport_fastrtps_c;rosidl_typesupport_introspection_c
-- Using all available rosidl_typesupport_cpp: rosidl_typesupport_fastrtps_cpp;rosidl_typesupport_introspection_cpp
-- Found PythonInterp: /usr/bin/python3 (found suitable version "3.10.12", minimum required is "3.6") 
-- Found python_cmake_module: 0.10.0 (/opt/ros/humble/share/python_cmake_module/cmake)
-- Found PythonLibs: /usr/lib/x86_64-linux-gnu/libpython3.10.so (found suitable version "3.10.12", minimum required is "3.5") 
-- Using PYTHON_EXECUTABLE: /usr/bin/python3
-- Using PYTHON_INCLUDE_DIRS: /usr/include/python3.10
-- Using PYTHON_LIBRARIES: /usr/lib/x86_64-linux-gnu/libpython3.10.so
-- Found PythonExtra: .so  
-- Found ament_lint_auto: 0.12.10 (/opt/ros/humble/share/ament_lint_auto/cmake)
-- Added test 'lint_cmake' to check CMake code style
-- Added test 'xmllint' to check XML markup files
-- Configuring done
-- Generating done
-- Build files have been written to: /home/rishith/MRT/MRT_ASSIGNMENT_4/build/custom_msgs
[  2%] [34m[1mGenerating C code for ROS interfaces[0m
[  5%] [34m[1mGenerating C++ code for ROS interfaces[0m
[  5%] Built target ament_cmake_python_symlink_custom_msgs
[  5%] Built target custom_msgs__cpp
running egg_info
creating custom_msgs.egg-info
writing custom_msgs.egg-info/PKG-INFO
writing dependency_links to custom_msgs.egg-info/dependency_links.txt
writing top-level names to custom_msgs.egg-info/top_level.txt
writing manifest file 'custom_msgs.egg-info/SOURCES.txt'
reading manifest file 'custom_msgs.egg-info/SOURCES.txt'
writing manifest file 'custom_msgs.egg-info/SOURCES.txt'
[  7%] [34m[1mGenerating C++ type support dispatch for ROS interfaces[0m
[ 10%] [34m[1mGenerating C++ introspection for ROS interfaces[0m
[ 12%] [34m[1mGenerating C++ type support for eProsima Fast-RTPS[0m
[ 12%] Built target ament_cmake_python_build_custom_msgs_egg
[ 17%] [32mBuilding C object CMakeFiles/custom_msgs__rosidl_generator_c.dir/rosidl_generator_c/custom_msgs/srv/detail/corners__functions.c.o[0m
[ 17%] [32mBuilding C object CMakeFiles/custom_msgs__rosidl_generator_c.dir/rosidl_generator_c/custom_msgs/srv/detail/path__functions.c.o[0m
[ 20%] [32m[1mLinking C shared library libcustom_msgs__rosidl_generator_c.so[0m
[ 20%] Built target custom_msgs__rosidl_generator_c
[ 25%] [34m[1mGenerating C type support dispatch for ROS interfaces[0m
[ 25%] [34m[1mGenerating C type support for eProsima Fast-RTPS[0m
[ 28%] [34m[1mGenerating C introspection for ROS interfaces[0m
[ 30%] [32mBuilding CXX object CMakeFiles/custom_msgs__rosidl_typesupport_cpp.dir/rosidl_typesupport_cpp/custom_msgs/srv/corners__type_support.cpp.o[0m
[ 33%] [32mBuilding CXX object CMakeFiles/custom_msgs__rosidl_typesupport_cpp.dir/rosidl_typesupport_cpp/custom_msgs/srv/path__type_support.cpp.o[0m
[ 35%] [32mBuilding CXX object CMakeFiles/custom_msgs__rosidl_typesupport_fastrtps_cpp.dir/rosidl_typesupport_fastrtps_cpp/custom_msgs/srv/detail/dds_fastrtps/corners__type_support.cpp.o[0m
[ 38%] [32mBuilding CXX object CMakeFiles/custom_msgs__rosidl_typesupport_fastrtps_cpp.dir/rosidl_typesupport_fastrtps_cpp/custom_msgs/srv/detail/dds_fastrtps/path__type_support.cpp.o[0m
[ 41%] [32mBuilding CXX object CMakeFiles/custom_msgs__rosidl_typesupport_introspection_cpp.dir/rosidl_typesupport_introspection_cpp/custom_msgs/srv/detail/corners__type_support.cpp.o[0m
[ 43%] [32mBuilding CXX object CMakeFiles/custom_msgs__rosidl_typesupport_introspection_cpp.dir/rosidl_typesupport_introspection_cpp/custom_msgs/srv/detail/path__type_support.cpp.o[0m
[ 48%] [32mBuilding CXX object CMakeFiles/custom_msgs__rosidl_typesupport_c.dir/rosidl_typesupport_c/custom_msgs/srv/corners__type_support.cpp.o[0m
[ 48%] [32mBuilding CXX object CMakeFiles/custom_msgs__rosidl_typesupport_c.dir/rosidl_typesupport_c/custom_msgs/srv/path__type_support.cpp.o[0m
[ 51%] [32m[1mLinking CXX shared library libcustom_msgs__rosidl_typesupport_c.so[0m
[ 53%] [32m[1mLinking CXX shared library libcustom_msgs__rosidl_typesupport_cpp.so[0m
[ 58%] [32mBuilding C object CMakeFiles/custom_msgs__rosidl_typesupport_introspection_c.dir/rosidl_typesupport_introspection_c/custom_msgs/srv/detail/path__type_support.c.o[0m
[ 58%] [32mBuilding C object CMakeFiles/custom_msgs__rosidl_typesupport_introspection_c.dir/rosidl_typesupport_introspection_c/custom_msgs/srv/detail/corners__type_support.c.o[0m
[ 61%] [32mBuilding CXX object CMakeFiles/custom_msgs__rosidl_typesupport_fastrtps_c.dir/rosidl_typesupport_fastrtps_c/custom_msgs/srv/detail/corners__type_support_c.cpp.o[0m
[ 64%] [32mBuilding CXX object CMakeFiles/custom_msgs__rosidl_typesupport_fastrtps_c.dir/rosidl_typesupport_fastrtps_c/custom_msgs/srv/detail/path__type_support_c.cpp.o[0m
[ 64%] Built target custom_msgs__rosidl_typesupport_c
[ 64%] Built target custom_msgs__rosidl_typesupport_cpp
[ 66%] [32m[1mLinking C shared library libcustom_msgs__rosidl_typesupport_introspection_c.so[0m
[ 66%] Built target custom_msgs__rosidl_typesupport_introspection_c
[ 69%] [32m[1mLinking CXX shared library libcustom_msgs__rosidl_typesupport_fastrtps_cpp.so[0m
[ 69%] Built target custom_msgs__rosidl_typesupport_fastrtps_cpp
[ 71%] [32m[1mLinking CXX shared library libcustom_msgs__rosidl_typesupport_introspection_cpp.so[0m
[ 71%] Built target custom_msgs__rosidl_typesupport_introspection_cpp
[ 74%] [32m[1mLinking CXX shared library libcustom_msgs__rosidl_typesupport_fastrtps_c.so[0m
[ 74%] Built target custom_msgs__rosidl_typesupport_fastrtps_c
[ 74%] Built target custom_msgs
[ 76%] [34m[1mGenerating Python code for ROS interfaces[0m
[ 76%] Built target custom_msgs__py
[ 82%] [32mBuilding C object CMakeFiles/custom_msgs__rosidl_generator_py.dir/rosidl_generator_py/custom_msgs/srv/_path_s.c.o[0m
[ 82%] [32mBuilding C object CMakeFiles/custom_msgs__rosidl_generator_py.dir/rosidl_generator_py/custom_msgs/srv/_corners_s.c.o[0m
[ 84%] [32m[1mLinking C shared library rosidl_generator_py/custom_msgs/libcustom_msgs__rosidl_generator_py.so[0m
[ 84%] Built target custom_msgs__rosidl_generator_py
[ 87%] [32mBuilding C object CMakeFiles/custom_msgs__rosidl_typesupport_introspection_c__pyext.dir/rosidl_generator_py/custom_msgs/_custom_msgs_s.ep.rosidl_typesupport_introspection_c.c.o[0m
[ 89%] [32mBuilding C object CMakeFiles/custom_msgs__rosidl_typesupport_fastrtps_c__pyext.dir/rosidl_generator_py/custom_msgs/_custom_msgs_s.ep.rosidl_typesupport_fastrtps_c.c.o[0m
[ 92%] [32mBuilding C object CMakeFiles/custom_msgs__rosidl_typesupport_c__pyext.dir/rosidl_generator_py/custom_msgs/_custom_msgs_s.ep.rosidl_typesupport_c.c.o[0m
[ 94%] [32m[1mLinking C shared library rosidl_generator_py/custom_msgs/custom_msgs_s__rosidl_typesupport_fastrtps_c.cpython-310-x86_64-linux-gnu.so[0m
[ 97%] [32m[1mLinking C shared library rosidl_generator_py/custom_msgs/custom_msgs_s__rosidl_typesupport_introspection_c.cpython-310-x86_64-linux-gnu.so[0m
[100%] [32m[1mLinking C shared library rosidl_generator_py/custom_msgs/custom_msgs_s__rosidl_typesupport_c.cpython-310-x86_64-linux-gnu.so[0m
[100%] Built target custom_msgs__rosidl_typesupport_fastrtps_c__pyext
[100%] Built target custom_msgs__rosidl_typesupport_introspection_c__pyext
[100%] Built target custom_msgs__rosidl_typesupport_c__pyext
-- Install configuration: ""
-- Execute custom install script
-- Symlinking: /home/rishith/MRT/MRT_ASSIGNMENT_4/install/custom_msgs/share/ament_index/resource_index/rosidl_interfaces/custom_msgs
-- Symlinking: /home/rishith/MRT/MRT_ASSIGNMENT_4/install/custom_msgs/include/custom_msgs/custom_msgs/msg/rosidl_generator_c__visibility_control.h
-- Symlinking: /home/rishith/MRT/MRT_ASSIGNMENT_4/install/custom_msgs/include/custom_msgs/custom_msgs/srv/corners.h
-- Symlinking: /home/rishith/MRT/MRT_ASSIGNMENT_4/install/custom_msgs/include/custom_msgs/custom_msgs/srv/detail/corners__functions.h
-- Symlinking: /home/rishith/MRT/MRT_ASSIGNMENT_4/install/custom_msgs/include/custom_msgs/custom_msgs/srv/detail/corners__struct.h
-- Symlinking: /home/rishith/MRT/MRT_ASSIGNMENT_4/install/custom_msgs/include/custom_msgs/custom_msgs/srv/detail/corners__type_support.h
-- Symlinking: /home/rishith/MRT/MRT_ASSIGNMENT_4/install/custom_msgs/include/custom_msgs/custom_msgs/srv/detail/path__functions.h
-- Symlinking: /home/rishith/MRT/MRT_ASSIGNMENT_4/install/custom_msgs/include/custom_msgs/custom_msgs/srv/detail/path__struct.h
-- Symlinking: /home/rishith/MRT/MRT_ASSIGNMENT_4/install/custom_msgs/include/custom_msgs/custom_msgs/srv/detail/path__type_support.h
-- Symlinking: /home/rishith/MRT/MRT_ASSIGNMENT_4/install/custom_msgs/include/custom_msgs/custom_msgs/srv/path.h
-- Symlinking: /home/rishith/MRT/MRT_ASSIGNMENT_4/install/custom_msgs/share/custom_msgs/environment/library_path.sh
-- Symlinking: /home/rishith/MRT/MRT_ASSIGNMENT_4/install/custom_msgs/share/custom_msgs/environment/library_path.dsv
-- Symlinking: /home/rishith/MRT/MRT_ASSIGNMENT_4/install/custom_msgs/include/custom_msgs/custom_msgs/msg/rosidl_typesupport_fastrtps_c__visibility_control.h
-- Symlinking: /home/rishith/MRT/MRT_ASSIGNMENT_4/install/custom_msgs/include/custom_msgs/custom_msgs/srv/detail/corners__rosidl_typesupport_fastrtps_c.h
-- Symlinking: /home/rishith/MRT/MRT_ASSIGNMENT_4/install/custom_msgs/include/custom_msgs/custom_msgs/srv/detail/path__rosidl_typesupport_fastrtps_c.h
-- Symlinking: /home/rishith/MRT/MRT_ASSIGNMENT_4/install/custom_msgs/include/custom_msgs/custom_msgs/msg/rosidl_typesupport_introspection_c__visibility_control.h
-- Symlinking: /home/rishith/MRT/MRT_ASSIGNMENT_4/install/custom_msgs/include/custom_msgs/custom_msgs/srv/detail/corners__rosidl_typesupport_introspection_c.h
-- Symlinking: /home/rishith/MRT/MRT_ASSIGNMENT_4/install/custom_msgs/include/custom_msgs/custom_msgs/srv/detail/path__rosidl_typesupport_introspection_c.h
-- Symlinking: /home/rishith/MRT/MRT_ASSIGNMENT_4/install/custom_msgs/include/custom_msgs/custom_msgs/srv/corners.hpp
-- Symlinking: /home/rishith/MRT/MRT_ASSIGNMENT_4/install/custom_msgs/include/custom_msgs/custom_msgs/srv/detail/corners__builder.hpp
-- Symlinking: /home/rishith/MRT/MRT_ASSIGNMENT_4/install/custom_msgs/include/custom_msgs/custom_msgs/srv/detail/corners__struct.hpp
-- Symlinking: /home/rishith/MRT/MRT_ASSIGNMENT_4/install/custom_msgs/include/custom_msgs/custom_msgs/srv/detail/corners__traits.hpp
-- Symlinking: /home/rishith/MRT/MRT_ASSIGNMENT_4/install/custom_msgs/include/custom_msgs/custom_msgs/srv/detail/path__builder.hpp
-- Symlinking: /home/rishith/MRT/MRT_ASSIGNMENT_4/install/custom_msgs/include/custom_msgs/custom_msgs/srv/detail/path__struct.hpp
-- Symlinking: /home/rishith/MRT/MRT_ASSIGNMENT_4/install/custom_msgs/include/custom_msgs/custom_msgs/srv/detail/path__traits.hpp
-- Symlinking: /home/rishith/MRT/MRT_ASSIGNMENT_4/install/custom_msgs/include/custom_msgs/custom_msgs/srv/path.hpp
-- Symlinking: /home/rishith/MRT/MRT_ASSIGNMENT_4/install/custom_msgs/include/custom_msgs/custom_msgs/msg/rosidl_typesupport_fastrtps_cpp__visibility_control.h
-- Symlinking: /home/rishith/MRT/MRT_ASSIGNMENT_4/install/custom_msgs/include/custom_msgs/custom_msgs/srv/detail/corners__rosidl_typesupport_fastrtps_cpp.hpp
-- Symlinking: /home/rishith/MRT/MRT_ASSIGNMENT_4/install/custom_msgs/include/custom_msgs/custom_msgs/srv/detail/path__rosidl_typesupport_fastrtps_cpp.hpp
-- Symlinking: /home/rishith/MRT/MRT_ASSIGNMENT_4/install/custom_msgs/include/custom_msgs/custom_msgs/srv/detail/corners__rosidl_typesupport_introspection_cpp.hpp
-- Symlinking: /home/rishith/MRT/MRT_ASSIGNMENT_4/install/custom_msgs/include/custom_msgs/custom_msgs/srv/detail/path__rosidl_typesupport_introspection_cpp.hpp
-- Symlinking: /home/rishith/MRT/MRT_ASSIGNMENT_4/install/custom_msgs/share/custom_msgs/environment/pythonpath.sh
-- Symlinking: /home/rishith/MRT/MRT_ASSIGNMENT_4/install/custom_msgs/share/custom_msgs/environment/pythonpath.dsv
-- Symlinking: /home/rishith/MRT/MRT_ASSIGNMENT_4/install/custom_msgs/local/lib/python3.10/dist-packages/custom_msgs-0.0.0-py3.10.egg-info/PKG-INFO
-- Symlinking: /home/rishith/MRT/MRT_ASSIGNMENT_4/install/custom_msgs/local/lib/python3.10/dist-packages/custom_msgs-0.0.0-py3.10.egg-info/SOURCES.txt
-- Symlinking: /home/rishith/MRT/MRT_ASSIGNMENT_4/install/custom_msgs/local/lib/python3.10/dist-packages/custom_msgs-0.0.0-py3.10.egg-info/dependency_links.txt
-- Symlinking: /home/rishith/MRT/MRT_ASSIGNMENT_4/install/custom_msgs/local/lib/python3.10/dist-packages/custom_msgs-0.0.0-py3.10.egg-info/top_level.txt
-- Symlinking: /home/rishith/MRT/MRT_ASSIGNMENT_4/install/custom_msgs/local/lib/python3.10/dist-packages/custom_msgs/__init__.py
-- Symlinking: /home/rishith/MRT/MRT_ASSIGNMENT_4/install/custom_msgs/local/lib/python3.10/dist-packages/custom_msgs/_custom_msgs_s.ep.rosidl_typesupport_c.c
-- Symlinking: /home/rishith/MRT/MRT_ASSIGNMENT_4/install/custom_msgs/local/lib/python3.10/dist-packages/custom_msgs/_custom_msgs_s.ep.rosidl_typesupport_fastrtps_c.c
-- Symlinking: /home/rishith/MRT/MRT_ASSIGNMENT_4/install/custom_msgs/local/lib/python3.10/dist-packages/custom_msgs/_custom_msgs_s.ep.rosidl_typesupport_introspection_c.c
-- Symlinking: /home/rishith/MRT/MRT_ASSIGNMENT_4/install/custom_msgs/local/lib/python3.10/dist-packages/custom_msgs/custom_msgs_s__rosidl_typesupport_c.cpython-310-x86_64-linux-gnu.so
-- Symlinking: /home/rishith/MRT/MRT_ASSIGNMENT_4/install/custom_msgs/local/lib/python3.10/dist-packages/custom_msgs/custom_msgs_s__rosidl_typesupport_fastrtps_c.cpython-310-x86_64-linux-gnu.so
-- Symlinking: /home/rishith/MRT/MRT_ASSIGNMENT_4/install/custom_msgs/local/lib/python3.10/dist-packages/custom_msgs/custom_msgs_s__rosidl_typesupport_introspection_c.cpython-310-x86_64-linux-gnu.so
-- Symlinking: /home/rishith/MRT/MRT_ASSIGNMENT_4/install/custom_msgs/local/lib/python3.10/dist-packages/custom_msgs/libcustom_msgs__rosidl_generator_py.so
-- Symlinking: /home/rishith/MRT/MRT_ASSIGNMENT_4/install/custom_msgs/local/lib/python3.10/dist-packages/custom_msgs/srv/__init__.py
-- Symlinking: /home/rishith/MRT/MRT_ASSIGNMENT_4/install/custom_msgs/local/lib/python3.10/dist-packages/custom_msgs/srv/_corners.py
-- Symlinking: /home/rishith/MRT/MRT_ASSIGNMENT_4/install/custom_msgs/local/lib/python3.10/dist-packages/custom_msgs/srv/_corners_s.c
-- Symlinking: /home/rishith/MRT/MRT_ASSIGNMENT_4/install/custom_msgs/local/lib/python3.10/dist-packages/custom_msgs/srv/_path.py
-- Symlinking: /home/rishith/MRT/MRT_ASSIGNMENT_4/install/custom_msgs/local/lib/python3.10/dist-packages/custom_msgs/srv/_path_s.c
-- Up-to-date symlink: /home/rishith/MRT/MRT_ASSIGNMENT_4/install/custom_msgs/local/lib/python3.10/dist-packages/custom_msgs/custom_msgs_s__rosidl_typesupport_fastrtps_c.cpython-310-x86_64-linux-gnu.so
-- Up-to-date symlink: /home/rishith/MRT/MRT_ASSIGNMENT_4/install/custom_msgs/local/lib/python3.10/dist-packages/custom_msgs/custom_msgs_s__rosidl_typesupport_introspection_c.cpython-310-x86_64-linux-gnu.so
-- Up-to-date symlink: /home/rishith/MRT/MRT_ASSIGNMENT_4/install/custom_msgs/local/lib/python3.10/dist-packages/custom_msgs/custom_msgs_s__rosidl_typesupport_c.cpython-310-x86_64-linux-gnu.so
-- Symlinking: /home/rishith/MRT/MRT_ASSIGNMENT_4/install/custom_msgs/share/custom_msgs/srv/Corners.idl
-- Symlinking: /home/rishith/MRT/MRT_ASSIGNMENT_4/install/custom_msgs/share/custom_msgs/srv/Path.idl
-- Symlinking: /home/rishith/MRT/MRT_ASSIGNMENT_4/install/custom_msgs/share/custom_msgs/srv/Corners.srv
-- Symlinking: /home/rishith/MRT/MRT_ASSIGNMENT_4/install/custom_msgs/share/custom_msgs/srv/Corners_Request.msg
-- Symlinking: /home/rishith/MRT/MRT_ASSIGNMENT_4/install/custom_msgs/share/custom_msgs/srv/Corners_Response.msg
-- Symlinking: /home/rishith/MRT/MRT_ASSIGNMENT_4/install/custom_msgs/share/custom_msgs/srv/Path.srv
-- Symlinking: /home/rishith/MRT/MRT_ASSIGNMENT_4/install/custom_msgs/share/custom_msgs/srv/Path_Request.msg
-- Symlinking: /home/rishith/MRT/MRT_ASSIGNMENT_4/install/custom_msgs/share/custom_msgs/srv/Path_Response.msg
-- Symlinking: /home/rishith/MRT/MRT_ASSIGNMENT_4/install/custom_msgs/share/ament_index/resource_index/package_run_dependencies/custom_msgs
-- Symlinking: /home/rishith/MRT/MRT_ASSIGNMENT_4/install/custom_msgs/share/ament_index/resource_index/parent_prefix_path/custom_msgs
-- Symlinking: /home/rishith/MRT/MRT_ASSIGNMENT_4/install/custom_msgs/share/custom_msgs/environment/ament_prefix_path.sh
-- Symlinking: /home/rishith/MRT/MRT_ASSIGNMENT_4/install/custom_msgs/share/custom_msgs/environment/ament_prefix_path.dsv
-- Symlinking: /home/rishith/MRT/MRT_ASSIGNMENT_4/install/custom_msgs/share/custom_msgs/environment/path.sh
-- Symlinking: /home/rishith/MRT/MRT_ASSIGNMENT_4/install/custom_msgs/share/custom_msgs/environment/path.dsv
-- Symlinking: /home/rishith/MRT/MRT_ASSIGNMENT_4/install/custom_msgs/share/custom_msgs/local_setup.bash
-- Symlinking: /home/rishith/MRT/MRT_ASSIGNMENT_4/install/custom_msgs/share/custom_msgs/local_setup.sh
-- Symlinking: /home/rishith/MRT/MRT_ASSIGNMENT_4/install/custom_msgs/share/custom_msgs/local_setup.zsh
-- Symlinking: /home/rishith/MRT/MRT_ASSIGNMENT_4/install/custom_msgs/share/custom_msgs/local_setup.dsv
-- Symlinking: /home/rishith/MRT/MRT_ASSIGNMENT_4/install/custom_msgs/share/custom_msgs/package.dsv
-- Symlinking: /home/rishith/MRT/MRT_ASSIGNMENT_4/install/custom_msgs/share/ament_index/resource_index/packages/custom_msgs
-- Symlinking: /home/rishith/MRT/MRT_ASSIGNMENT_4/install/custom_msgs/share/custom_msgs/cmake/rosidl_cmake-extras.cmake
-- Symlinking: /home/rishith/MRT/MRT_ASSIGNMENT_4/install/custom_msgs/share/custom_msgs/cmake/ament_cmake_export_dependencies-extras.cmake
-- Symlinking: /home/rishith/MRT/MRT_ASSIGNMENT_4/install/custom_msgs/share/custom_msgs/cmake/ament_cmake_export_include_directories-extras.cmake
-- Symlinking: /home/rishith/MRT/MRT_ASSIGNMENT_4/install/custom_msgs/share/custom_msgs/cmake/ament_cmake_export_libraries-extras.cmake
-- Symlinking: /home/rishith/MRT/MRT_ASSIGNMENT_4/install/custom_msgs/share/custom_msgs/cmake/ament_cmake_export_targets-extras.cmake
-- Symlinking: /home/rishith/MRT/MRT_ASSIGNMENT_4/install/custom_msgs/share/custom_msgs/cmake/rosidl_cmake_export_typesupport_targets-extras.cmake
-- Symlinking: /home/rishith/MRT/MRT_ASSIGNMENT_4/install/custom_msgs/share/custom_msgs/cmake/rosidl_cmake_export_typesupport_libraries-extras.cmake
-- Symlinking: /home/rishith/MRT/MRT_ASSIGNMENT_4/install/custom_msgs/share/custom_msgs/cmake/custom_msgsConfig.cmake
-- Symlinking: /home/rishith/MRT/MRT_ASSIGNMENT_4/install/custom_msgs/share/custom_msgs/cmake/custom_msgsConfig-version.cmake
-- Symlinking: /home/rishith/MRT/MRT_ASSIGNMENT_4/install/custom_msgs/share/custom_msgs/package.xml
-- Installing: /home/rishith/MRT/MRT_ASSIGNMENT_4/install/custom_msgs/lib/libcustom_msgs__rosidl_generator_c.so
-- Set runtime path of "/home/rishith/MRT/MRT_ASSIGNMENT_4/install/custom_msgs/lib/libcustom_msgs__rosidl_generator_c.so" to ""
-- Installing: /home/rishith/MRT/MRT_ASSIGNMENT_4/install/custom_msgs/lib/libcustom_msgs__rosidl_typesupport_fastrtps_c.so
-- Set runtime path of "/home/rishith/MRT/MRT_ASSIGNMENT_4/install/custom_msgs/lib/libcustom_msgs__rosidl_typesupport_fastrtps_c.so" to ""
-- Installing: /home/rishith/MRT/MRT_ASSIGNMENT_4/install/custom_msgs/lib/libcustom_msgs__rosidl_typesupport_introspection_c.so
-- Set runtime path of "/home/rishith/MRT/MRT_ASSIGNMENT_4/install/custom_msgs/lib/libcustom_msgs__rosidl_typesupport_introspection_c.so" to ""
-- Installing: /home/rishith/MRT/MRT_ASSIGNMENT_4/install/custom_msgs/lib/libcustom_msgs__rosidl_typesupport_c.so
-- Set runtime path of "/home/rishith/MRT/MRT_ASSIGNMENT_4/install/custom_msgs/lib/libcustom_msgs__rosidl_typesupport_c.so" to ""
-- Installing: /home/rishith/MRT/MRT_ASSIGNMENT_4/install/custom_msgs/lib/libcustom_msgs__rosidl_typesupport_fastrtps_cpp.so
-- Set runtime path of "/home/rishith/MRT/MRT_ASSIGNMENT_4/install/custom_msgs/lib/libcustom_msgs__rosidl_typesupport_fastrtps_cpp.so" to ""
-- Installing: /home/rishith/MRT/MRT_ASSIGNMENT_4/install/custom_msgs/lib/libcustom_msgs__rosidl_typesupport_introspection_cpp.so
-- Set runtime path of "/home/rishith/MRT/MRT_ASSIGNMENT_4/install/custom_msgs/lib/libcustom_msgs__rosidl_typesupport_introspection_cpp.so" to ""
-- Installing: /home/rishith/MRT/MRT_ASSIGNMENT_4/install/custom_msgs/lib/libcustom_msgs__rosidl_typesupport_cpp.so
-- Set runtime path of "/home/rishith/MRT/MRT_ASSIGNMENT_4/install/custom_msgs/lib/libcustom_msgs__rosidl_typesupport_cpp.so" to ""
Listing '/home/rishith/MRT/MRT_ASSIGNMENT_4/install/custom_msgs/local/lib/python3.10/dist-packages/custom_msgs'...
Compiling '/home/rishith/MRT/MRT_ASSIGNMENT_4/install/custom_msgs/local/lib/python3.10/dist-packages/custom_msgs/__init__.py'...
Listing '/home/rishith/MRT/MRT_ASSIGNMENT_4/install/custom_msgs/local/lib/python3.10/dist-packages/custom_msgs/srv'...
Compiling '/home/rishith/MRT/MRT_ASSIGNMENT_4/install/custom_msgs/local/lib/python3.10/dist-packages/custom_msgs/srv/__init__.py'...
Compiling '/home/rishith/MRT/MRT_ASSIGNMENT_4/install/custom_msgs/local/lib/python3.10/dist-packages/custom_msgs/srv/_corners.py'...
Compiling '/home/rishith/MRT/MRT_ASSIGNMENT_4/install/custom_msgs/local/lib/python3.10/dist-packages/custom_msgs/srv/_path.py'...
-- Installing: /home/rishith/MRT/MRT_ASSIGNMENT_4/install/custom_msgs/lib/libcustom_msgs__rosidl_generator_py.so
-- Set runtime path of "/home/rishith/MRT/MRT_ASSIGNMENT_4/install/custom_msgs/lib/libcustom_msgs__rosidl_generator_py.so" to ""
-- Installing: /home/rishith/MRT/MRT_ASSIGNMENT_4/install/custom_msgs/share/custom_msgs/cmake/export_custom_msgs__rosidl_generator_cExport.cmake
-- Installing: /home/rishith/MRT/MRT_ASSIGNMENT_4/install/custom_msgs/share/custom_msgs/cmake/export_custom_msgs__rosidl_generator_cExport-noconfig.cmake
-- Installing: /home/rishith/MRT/MRT_ASSIGNMENT_4/install/custom_msgs/share/custom_msgs/cmake/export_custom_msgs__rosidl_typesupport_fastrtps_cExport.cmake
-- Installing: /home/rishith/MRT/MRT_ASSIGNMENT_4/install/custom_msgs/share/custom_msgs/cmake/export_custom_msgs__rosidl_typesupport_fastrtps_cExport-noconfig.cmake
-- Installing: /home/rishith/MRT/MRT_ASSIGNMENT_4/install/custom_msgs/share/custom_msgs/cmake/custom_msgs__rosidl_typesupport_introspection_cExport.cmake
-- Installing: /home/rishith/MRT/MRT_ASSIGNMENT_4/install/custom_msgs/share/custom_msgs/cmake/custom_msgs__rosidl_typesupport_introspection_cExport-noconfig.cmake
-- Installing: /home/rishith/MRT/MRT_ASSIGNMENT_4/install/custom_msgs/share/custom_msgs/cmake/custom_msgs__rosidl_typesupport_cExport.cmake
-- Installing: /home/rishith/MRT/MRT_ASSIGNMENT_4/install/custom_msgs/share/custom_msgs/cmake/custom_msgs__rosidl_typesupport_cExport-noconfig.cmake
-- Installing: /home/rishith/MRT/MRT_ASSIGNMENT_4/install/custom_msgs/share/custom_msgs/cmake/export_custom_msgs__rosidl_generator_cppExport.cmake
-- Installing: /home/rishith/MRT/MRT_ASSIGNMENT_4/install/custom_msgs/share/custom_msgs/cmake/export_custom_msgs__rosidl_typesupport_fastrtps_cppExport.cmake
-- Installing: /home/rishith/MRT/MRT_ASSIGNMENT_4/install/custom_msgs/share/custom_msgs/cmake/export_custom_msgs__rosidl_typesupport_fastrtps_cppExport-noconfig.cmake
-- Installing: /home/rishith/MRT/MRT_ASSIGNMENT_4/install/custom_msgs/share/custom_msgs/cmake/custom_msgs__rosidl_typesupport_introspection_cppExport.cmake
-- Installing: /home/rishith/MRT/MRT_ASSIGNMENT_4/install/custom_msgs/share/custom_msgs/cmake/custom_msgs__rosidl_typesupport_introspection_cppExport-noconfig.cmake
-- Installing: /home/rishith/MRT/MRT_ASSIGNMENT_4/install/custom_msgs/share/custom_msgs/cmake/custom_msgs__rosidl_typesupport_cppExport.cmake
-- Installing: /home/rishith/MRT/MRT_ASSIGNMENT_4/install/custom_msgs/share/custom_msgs/cmake/custom_msgs__rosidl_typesupport_cppExport-noconfig.cmake
-- Installing: /home/rishith/MRT/MRT_ASSIGNMENT_4/install/custom_msgs/share/custom_msgs/cmake/export_custom_msgs__rosidl_generator_pyExport.cmake
-- Installing: /home/rishith/MRT/MRT_ASSIGNMENT_4/install/custom_msgs/share/custom_msgs/cmake/export_custom_msgs__rosidl_generator_pyExport-noconfig.cmake
