[0.061s] Invoking command in '/home/rishith/MRT/MRT_ASSIGNMENT_4/build/custom_msgs': CMAKE_PREFIX_PATH=/opt/ros/humble /usr/bin/cmake /home/rishith/MRT/MRT_ASSIGNMENT_4/src/custom_msgs -DAMENT_CMAKE_SYMLINK_INSTALL=1 -DCMAKE_INSTALL_PREFIX=/home/rishith/MRT/MRT_ASSIGNMENT_4/install/custom_msgs
[0.072s] -- Found ament_cmake: 1.3.8 (/opt/ros/humble/share/ament_cmake/cmake)
[0.172s] -- Override CMake install command with custom implementation using symlinks instead of copying resources
[0.177s] -- Found rosidl_default_generators: 1.2.0 (/opt/ros/humble/share/rosidl_default_generators/cmake)
[0.179s] -- Using all available rosidl_typesupport_c: rosidl_typesupport_fastrtps_c;rosidl_typesupport_introspection_c
[0.181s] -- Found rosidl_adapter: 3.1.5 (/opt/ros/humble/share/rosidl_adapter/cmake)
[0.205s] -- Using all available rosidl_typesupport_cpp: rosidl_typesupport_fastrtps_cpp;rosidl_typesupport_introspection_cpp
[0.224s] -- Found sensor_msgs: 4.2.3 (/opt/ros/humble/share/sensor_msgs/cmake)
[0.366s] -- Found cv_bridge: 3.2.1 (/opt/ros/humble/share/cv_bridge/cmake)
[0.584s] -- Found ament_cmake_ros: 0.10.0 (/opt/ros/humble/share/ament_cmake_ros/cmake)
[0.761s] -- Using all available rosidl_typesupport_c: rosidl_typesupport_fastrtps_c;rosidl_typesupport_introspection_c
[0.994s] -- Using all available rosidl_typesupport_cpp: rosidl_typesupport_fastrtps_cpp;rosidl_typesupport_introspection_cpp
[1.008s] -- Found PythonInterp: /usr/bin/python3 (found suitable version "3.10.12", minimum required is "3.6") 
[1.010s] -- Found python_cmake_module: 0.10.0 (/opt/ros/humble/share/python_cmake_module/cmake)
[1.027s] -- Found PythonLibs: /usr/lib/x86_64-linux-gnu/libpython3.10.so (found suitable version "3.10.12", minimum required is "3.5") 
[1.027s] -- Using PYTHON_EXECUTABLE: /usr/bin/python3
[1.027s] -- Using PYTHON_INCLUDE_DIRS: /usr/include/python3.10
[1.027s] -- Using PYTHON_LIBRARIES: /usr/lib/x86_64-linux-gnu/libpython3.10.so
[1.044s] -- Found PythonExtra: .so  
[1.090s] -- Found ament_lint_auto: 0.12.10 (/opt/ros/humble/share/ament_lint_auto/cmake)
[1.103s] -- Added test 'lint_cmake' to check CMake code style
[1.104s] -- Added test 'xmllint' to check XML markup files
[1.106s] -- Configuring done
[1.131s] -- Generating done
[1.133s] -- Build files have been written to: /home/rishith/MRT/MRT_ASSIGNMENT_4/build/custom_msgs
[1.140s] Invoked command in '/home/rishith/MRT/MRT_ASSIGNMENT_4/build/custom_msgs' returned '0': CMAKE_PREFIX_PATH=/opt/ros/humble /usr/bin/cmake /home/rishith/MRT/MRT_ASSIGNMENT_4/src/custom_msgs -DAMENT_CMAKE_SYMLINK_INSTALL=1 -DCMAKE_INSTALL_PREFIX=/home/rishith/MRT/MRT_ASSIGNMENT_4/install/custom_msgs
[1.140s] Invoking command in '/home/rishith/MRT/MRT_ASSIGNMENT_4/build/custom_msgs': CMAKE_PREFIX_PATH=/opt/ros/humble /usr/bin/cmake --build /home/rishith/MRT/MRT_ASSIGNMENT_4/build/custom_msgs -- -j12 -l12
[1.169s] [  2%] [34m[1mGenerating C code for ROS interfaces[0m
[1.176s] [  5%] [34m[1mGenerating C++ code for ROS interfaces[0m
[1.189s] [  5%] Built target ament_cmake_python_symlink_custom_msgs
[1.456s] [  5%] Built target custom_msgs__cpp
[1.456s] running egg_info
[1.457s] creating custom_msgs.egg-info
[1.457s] writing custom_msgs.egg-info/PKG-INFO
[1.457s] writing dependency_links to custom_msgs.egg-info/dependency_links.txt
[1.457s] writing top-level names to custom_msgs.egg-info/top_level.txt
[1.457s] writing manifest file 'custom_msgs.egg-info/SOURCES.txt'
[1.460s] reading manifest file 'custom_msgs.egg-info/SOURCES.txt'
[1.461s] writing manifest file 'custom_msgs.egg-info/SOURCES.txt'
[1.465s] [  7%] [34m[1mGenerating C++ type support dispatch for ROS interfaces[0m
[1.468s] [ 10%] [34m[1mGenerating C++ introspection for ROS interfaces[0m
[1.468s] [ 12%] [34m[1mGenerating C++ type support for eProsima Fast-RTPS[0m
[1.491s] [ 12%] Built target ament_cmake_python_build_custom_msgs_egg
[1.527s] [ 17%] [32mBuilding C object CMakeFiles/custom_msgs__rosidl_generator_c.dir/rosidl_generator_c/custom_msgs/srv/detail/corners__functions.c.o[0m
[1.527s] [ 17%] [32mBuilding C object CMakeFiles/custom_msgs__rosidl_generator_c.dir/rosidl_generator_c/custom_msgs/srv/detail/path__functions.c.o[0m
[1.615s] [ 20%] [32m[1mLinking C shared library libcustom_msgs__rosidl_generator_c.so[0m
[1.664s] [ 20%] Built target custom_msgs__rosidl_generator_c
[1.676s] [ 25%] [34m[1mGenerating C type support dispatch for ROS interfaces[0m
[1.676s] [ 25%] [34m[1mGenerating C type support for eProsima Fast-RTPS[0m
[1.677s] [ 28%] [34m[1mGenerating C introspection for ROS interfaces[0m
[1.732s] [ 30%] [32mBuilding CXX object CMakeFiles/custom_msgs__rosidl_typesupport_cpp.dir/rosidl_typesupport_cpp/custom_msgs/srv/corners__type_support.cpp.o[0m
[1.735s] [ 33%] [32mBuilding CXX object CMakeFiles/custom_msgs__rosidl_typesupport_cpp.dir/rosidl_typesupport_cpp/custom_msgs/srv/path__type_support.cpp.o[0m
[1.806s] [ 35%] [32mBuilding CXX object CMakeFiles/custom_msgs__rosidl_typesupport_fastrtps_cpp.dir/rosidl_typesupport_fastrtps_cpp/custom_msgs/srv/detail/dds_fastrtps/corners__type_support.cpp.o[0m
[1.809s] [ 38%] [32mBuilding CXX object CMakeFiles/custom_msgs__rosidl_typesupport_fastrtps_cpp.dir/rosidl_typesupport_fastrtps_cpp/custom_msgs/srv/detail/dds_fastrtps/path__type_support.cpp.o[0m
[1.886s] [ 41%] [32mBuilding CXX object CMakeFiles/custom_msgs__rosidl_typesupport_introspection_cpp.dir/rosidl_typesupport_introspection_cpp/custom_msgs/srv/detail/corners__type_support.cpp.o[0m
[1.889s] [ 43%] [32mBuilding CXX object CMakeFiles/custom_msgs__rosidl_typesupport_introspection_cpp.dir/rosidl_typesupport_introspection_cpp/custom_msgs/srv/detail/path__type_support.cpp.o[0m
[2.115s] [ 48%] [32mBuilding CXX object CMakeFiles/custom_msgs__rosidl_typesupport_c.dir/rosidl_typesupport_c/custom_msgs/srv/corners__type_support.cpp.o[0m
[2.115s] [ 48%] [32mBuilding CXX object CMakeFiles/custom_msgs__rosidl_typesupport_c.dir/rosidl_typesupport_c/custom_msgs/srv/path__type_support.cpp.o[0m
[2.166s] [ 51%] [32m[1mLinking CXX shared library libcustom_msgs__rosidl_typesupport_c.so[0m
[2.197s] [ 53%] [32m[1mLinking CXX shared library libcustom_msgs__rosidl_typesupport_cpp.so[0m
[2.205s] [ 58%] [32mBuilding C object CMakeFiles/custom_msgs__rosidl_typesupport_introspection_c.dir/rosidl_typesupport_introspection_c/custom_msgs/srv/detail/path__type_support.c.o[0m
[2.205s] [ 58%] [32mBuilding C object CMakeFiles/custom_msgs__rosidl_typesupport_introspection_c.dir/rosidl_typesupport_introspection_c/custom_msgs/srv/detail/corners__type_support.c.o[0m
[2.218s] [ 61%] [32mBuilding CXX object CMakeFiles/custom_msgs__rosidl_typesupport_fastrtps_c.dir/rosidl_typesupport_fastrtps_c/custom_msgs/srv/detail/corners__type_support_c.cpp.o[0m
[2.218s] [ 64%] [32mBuilding CXX object CMakeFiles/custom_msgs__rosidl_typesupport_fastrtps_c.dir/rosidl_typesupport_fastrtps_c/custom_msgs/srv/detail/path__type_support_c.cpp.o[0m
[2.229s] [ 64%] Built target custom_msgs__rosidl_typesupport_c
[2.259s] [ 64%] Built target custom_msgs__rosidl_typesupport_cpp
[2.276s] [ 66%] [32m[1mLinking C shared library libcustom_msgs__rosidl_typesupport_introspection_c.so[0m
[2.322s] [ 66%] Built target custom_msgs__rosidl_typesupport_introspection_c
[2.464s] [ 69%] [32m[1mLinking CXX shared library libcustom_msgs__rosidl_typesupport_fastrtps_cpp.so[0m
[2.542s] [ 69%] Built target custom_msgs__rosidl_typesupport_fastrtps_cpp
[2.554s] [ 71%] [32m[1mLinking CXX shared library libcustom_msgs__rosidl_typesupport_introspection_cpp.so[0m
[2.621s] [ 71%] Built target custom_msgs__rosidl_typesupport_introspection_cpp
[2.677s] [ 74%] [32m[1mLinking CXX shared library libcustom_msgs__rosidl_typesupport_fastrtps_c.so[0m
[2.726s] [ 74%] Built target custom_msgs__rosidl_typesupport_fastrtps_c
[2.739s] [ 74%] Built target custom_msgs
[2.756s] [ 76%] [34m[1mGenerating Python code for ROS interfaces[0m
[3.039s] [ 76%] Built target custom_msgs__py
[3.055s] [ 82%] [32mBuilding C object CMakeFiles/custom_msgs__rosidl_generator_py.dir/rosidl_generator_py/custom_msgs/srv/_path_s.c.o[0m
[3.055s] [ 82%] [32mBuilding C object CMakeFiles/custom_msgs__rosidl_generator_py.dir/rosidl_generator_py/custom_msgs/srv/_corners_s.c.o[0m
[3.157s] [ 84%] [32m[1mLinking C shared library rosidl_generator_py/custom_msgs/libcustom_msgs__rosidl_generator_py.so[0m
[3.186s] [ 84%] Built target custom_msgs__rosidl_generator_py
[3.202s] [ 87%] [32mBuilding C object CMakeFiles/custom_msgs__rosidl_typesupport_introspection_c__pyext.dir/rosidl_generator_py/custom_msgs/_custom_msgs_s.ep.rosidl_typesupport_introspection_c.c.o[0m
[3.203s] [ 89%] [32mBuilding C object CMakeFiles/custom_msgs__rosidl_typesupport_fastrtps_c__pyext.dir/rosidl_generator_py/custom_msgs/_custom_msgs_s.ep.rosidl_typesupport_fastrtps_c.c.o[0m
[3.207s] [ 92%] [32mBuilding C object CMakeFiles/custom_msgs__rosidl_typesupport_c__pyext.dir/rosidl_generator_py/custom_msgs/_custom_msgs_s.ep.rosidl_typesupport_c.c.o[0m
[3.290s] [ 94%] [32m[1mLinking C shared library rosidl_generator_py/custom_msgs/custom_msgs_s__rosidl_typesupport_fastrtps_c.cpython-310-x86_64-linux-gnu.so[0m
[3.306s] [ 97%] [32m[1mLinking C shared library rosidl_generator_py/custom_msgs/custom_msgs_s__rosidl_typesupport_introspection_c.cpython-310-x86_64-linux-gnu.so[0m
[3.310s] [100%] [32m[1mLinking C shared library rosidl_generator_py/custom_msgs/custom_msgs_s__rosidl_typesupport_c.cpython-310-x86_64-linux-gnu.so[0m
[3.341s] [100%] Built target custom_msgs__rosidl_typesupport_fastrtps_c__pyext
[3.342s] [100%] Built target custom_msgs__rosidl_typesupport_introspection_c__pyext
[3.347s] [100%] Built target custom_msgs__rosidl_typesupport_c__pyext
[3.358s] Invoked command in '/home/rishith/MRT/MRT_ASSIGNMENT_4/build/custom_msgs' returned '0': CMAKE_PREFIX_PATH=/opt/ros/humble /usr/bin/cmake --build /home/rishith/MRT/MRT_ASSIGNMENT_4/build/custom_msgs -- -j12 -l12
[3.400s] Invoking command in '/home/rishith/MRT/MRT_ASSIGNMENT_4/build/custom_msgs': CMAKE_PREFIX_PATH=/opt/ros/humble /usr/bin/cmake --install /home/rishith/MRT/MRT_ASSIGNMENT_4/build/custom_msgs
[3.404s] -- Install configuration: ""
[3.405s] -- Execute custom install script
[3.405s] -- Symlinking: /home/rishith/MRT/MRT_ASSIGNMENT_4/install/custom_msgs/share/ament_index/resource_index/rosidl_interfaces/custom_msgs
[3.411s] -- Symlinking: /home/rishith/MRT/MRT_ASSIGNMENT_4/install/custom_msgs/include/custom_msgs/custom_msgs/msg/rosidl_generator_c__visibility_control.h
[3.417s] -- Symlinking: /home/rishith/MRT/MRT_ASSIGNMENT_4/install/custom_msgs/include/custom_msgs/custom_msgs/srv/corners.h
[3.422s] -- Symlinking: /home/rishith/MRT/MRT_ASSIGNMENT_4/install/custom_msgs/include/custom_msgs/custom_msgs/srv/detail/corners__functions.h
[3.427s] -- Symlinking: /home/rishith/MRT/MRT_ASSIGNMENT_4/install/custom_msgs/include/custom_msgs/custom_msgs/srv/detail/corners__struct.h
[3.431s] -- Symlinking: /home/rishith/MRT/MRT_ASSIGNMENT_4/install/custom_msgs/include/custom_msgs/custom_msgs/srv/detail/corners__type_support.h
[3.437s] -- Symlinking: /home/rishith/MRT/MRT_ASSIGNMENT_4/install/custom_msgs/include/custom_msgs/custom_msgs/srv/detail/path__functions.h
[3.442s] -- Symlinking: /home/rishith/MRT/MRT_ASSIGNMENT_4/install/custom_msgs/include/custom_msgs/custom_msgs/srv/detail/path__struct.h
[3.449s] -- Symlinking: /home/rishith/MRT/MRT_ASSIGNMENT_4/install/custom_msgs/include/custom_msgs/custom_msgs/srv/detail/path__type_support.h
[3.456s] -- Symlinking: /home/rishith/MRT/MRT_ASSIGNMENT_4/install/custom_msgs/include/custom_msgs/custom_msgs/srv/path.h
[3.462s] -- Symlinking: /home/rishith/MRT/MRT_ASSIGNMENT_4/install/custom_msgs/share/custom_msgs/environment/library_path.sh
[3.466s] -- Symlinking: /home/rishith/MRT/MRT_ASSIGNMENT_4/install/custom_msgs/share/custom_msgs/environment/library_path.dsv
[3.472s] -- Symlinking: /home/rishith/MRT/MRT_ASSIGNMENT_4/install/custom_msgs/include/custom_msgs/custom_msgs/msg/rosidl_typesupport_fastrtps_c__visibility_control.h
[3.477s] -- Symlinking: /home/rishith/MRT/MRT_ASSIGNMENT_4/install/custom_msgs/include/custom_msgs/custom_msgs/srv/detail/corners__rosidl_typesupport_fastrtps_c.h
[3.481s] -- Symlinking: /home/rishith/MRT/MRT_ASSIGNMENT_4/install/custom_msgs/include/custom_msgs/custom_msgs/srv/detail/path__rosidl_typesupport_fastrtps_c.h
[3.486s] -- Symlinking: /home/rishith/MRT/MRT_ASSIGNMENT_4/install/custom_msgs/include/custom_msgs/custom_msgs/msg/rosidl_typesupport_introspection_c__visibility_control.h
[3.492s] -- Symlinking: /home/rishith/MRT/MRT_ASSIGNMENT_4/install/custom_msgs/include/custom_msgs/custom_msgs/srv/detail/corners__rosidl_typesupport_introspection_c.h
[3.496s] -- Symlinking: /home/rishith/MRT/MRT_ASSIGNMENT_4/install/custom_msgs/include/custom_msgs/custom_msgs/srv/detail/path__rosidl_typesupport_introspection_c.h
[3.501s] -- Symlinking: /home/rishith/MRT/MRT_ASSIGNMENT_4/install/custom_msgs/include/custom_msgs/custom_msgs/srv/corners.hpp
[3.506s] -- Symlinking: /home/rishith/MRT/MRT_ASSIGNMENT_4/install/custom_msgs/include/custom_msgs/custom_msgs/srv/detail/corners__builder.hpp
[3.511s] -- Symlinking: /home/rishith/MRT/MRT_ASSIGNMENT_4/install/custom_msgs/include/custom_msgs/custom_msgs/srv/detail/corners__struct.hpp
[3.516s] -- Symlinking: /home/rishith/MRT/MRT_ASSIGNMENT_4/install/custom_msgs/include/custom_msgs/custom_msgs/srv/detail/corners__traits.hpp
[3.521s] -- Symlinking: /home/rishith/MRT/MRT_ASSIGNMENT_4/install/custom_msgs/include/custom_msgs/custom_msgs/srv/detail/path__builder.hpp
[3.525s] -- Symlinking: /home/rishith/MRT/MRT_ASSIGNMENT_4/install/custom_msgs/include/custom_msgs/custom_msgs/srv/detail/path__struct.hpp
[3.530s] -- Symlinking: /home/rishith/MRT/MRT_ASSIGNMENT_4/install/custom_msgs/include/custom_msgs/custom_msgs/srv/detail/path__traits.hpp
[3.535s] -- Symlinking: /home/rishith/MRT/MRT_ASSIGNMENT_4/install/custom_msgs/include/custom_msgs/custom_msgs/srv/path.hpp
[3.541s] -- Symlinking: /home/rishith/MRT/MRT_ASSIGNMENT_4/install/custom_msgs/include/custom_msgs/custom_msgs/msg/rosidl_typesupport_fastrtps_cpp__visibility_control.h
[3.547s] -- Symlinking: /home/rishith/MRT/MRT_ASSIGNMENT_4/install/custom_msgs/include/custom_msgs/custom_msgs/srv/detail/corners__rosidl_typesupport_fastrtps_cpp.hpp
[3.555s] -- Symlinking: /home/rishith/MRT/MRT_ASSIGNMENT_4/install/custom_msgs/include/custom_msgs/custom_msgs/srv/detail/path__rosidl_typesupport_fastrtps_cpp.hpp
[3.560s] -- Symlinking: /home/rishith/MRT/MRT_ASSIGNMENT_4/install/custom_msgs/include/custom_msgs/custom_msgs/srv/detail/corners__rosidl_typesupport_introspection_cpp.hpp
[3.566s] -- Symlinking: /home/rishith/MRT/MRT_ASSIGNMENT_4/install/custom_msgs/include/custom_msgs/custom_msgs/srv/detail/path__rosidl_typesupport_introspection_cpp.hpp
[3.571s] -- Symlinking: /home/rishith/MRT/MRT_ASSIGNMENT_4/install/custom_msgs/share/custom_msgs/environment/pythonpath.sh
[3.576s] -- Symlinking: /home/rishith/MRT/MRT_ASSIGNMENT_4/install/custom_msgs/share/custom_msgs/environment/pythonpath.dsv
[3.581s] -- Symlinking: /home/rishith/MRT/MRT_ASSIGNMENT_4/install/custom_msgs/local/lib/python3.10/dist-packages/custom_msgs-0.0.0-py3.10.egg-info/PKG-INFO
[3.587s] -- Symlinking: /home/rishith/MRT/MRT_ASSIGNMENT_4/install/custom_msgs/local/lib/python3.10/dist-packages/custom_msgs-0.0.0-py3.10.egg-info/SOURCES.txt
[3.592s] -- Symlinking: /home/rishith/MRT/MRT_ASSIGNMENT_4/install/custom_msgs/local/lib/python3.10/dist-packages/custom_msgs-0.0.0-py3.10.egg-info/dependency_links.txt
[3.597s] -- Symlinking: /home/rishith/MRT/MRT_ASSIGNMENT_4/install/custom_msgs/local/lib/python3.10/dist-packages/custom_msgs-0.0.0-py3.10.egg-info/top_level.txt
[3.602s] -- Symlinking: /home/rishith/MRT/MRT_ASSIGNMENT_4/install/custom_msgs/local/lib/python3.10/dist-packages/custom_msgs/__init__.py
[3.607s] -- Symlinking: /home/rishith/MRT/MRT_ASSIGNMENT_4/install/custom_msgs/local/lib/python3.10/dist-packages/custom_msgs/_custom_msgs_s.ep.rosidl_typesupport_c.c
[3.612s] -- Symlinking: /home/rishith/MRT/MRT_ASSIGNMENT_4/install/custom_msgs/local/lib/python3.10/dist-packages/custom_msgs/_custom_msgs_s.ep.rosidl_typesupport_fastrtps_c.c
[3.618s] -- Symlinking: /home/rishith/MRT/MRT_ASSIGNMENT_4/install/custom_msgs/local/lib/python3.10/dist-packages/custom_msgs/_custom_msgs_s.ep.rosidl_typesupport_introspection_c.c
[3.623s] -- Symlinking: /home/rishith/MRT/MRT_ASSIGNMENT_4/install/custom_msgs/local/lib/python3.10/dist-packages/custom_msgs/custom_msgs_s__rosidl_typesupport_c.cpython-310-x86_64-linux-gnu.so
[3.628s] -- Symlinking: /home/rishith/MRT/MRT_ASSIGNMENT_4/install/custom_msgs/local/lib/python3.10/dist-packages/custom_msgs/custom_msgs_s__rosidl_typesupport_fastrtps_c.cpython-310-x86_64-linux-gnu.so
[3.632s] -- Symlinking: /home/rishith/MRT/MRT_ASSIGNMENT_4/install/custom_msgs/local/lib/python3.10/dist-packages/custom_msgs/custom_msgs_s__rosidl_typesupport_introspection_c.cpython-310-x86_64-linux-gnu.so
[3.639s] -- Symlinking: /home/rishith/MRT/MRT_ASSIGNMENT_4/install/custom_msgs/local/lib/python3.10/dist-packages/custom_msgs/libcustom_msgs__rosidl_generator_py.so
[3.645s] -- Symlinking: /home/rishith/MRT/MRT_ASSIGNMENT_4/install/custom_msgs/local/lib/python3.10/dist-packages/custom_msgs/srv/__init__.py
[3.653s] -- Symlinking: /home/rishith/MRT/MRT_ASSIGNMENT_4/install/custom_msgs/local/lib/python3.10/dist-packages/custom_msgs/srv/_corners.py
[3.658s] -- Symlinking: /home/rishith/MRT/MRT_ASSIGNMENT_4/install/custom_msgs/local/lib/python3.10/dist-packages/custom_msgs/srv/_corners_s.c
[3.663s] -- Symlinking: /home/rishith/MRT/MRT_ASSIGNMENT_4/install/custom_msgs/local/lib/python3.10/dist-packages/custom_msgs/srv/_path.py
[3.668s] -- Symlinking: /home/rishith/MRT/MRT_ASSIGNMENT_4/install/custom_msgs/local/lib/python3.10/dist-packages/custom_msgs/srv/_path_s.c
[3.674s] -- Up-to-date symlink: /home/rishith/MRT/MRT_ASSIGNMENT_4/install/custom_msgs/local/lib/python3.10/dist-packages/custom_msgs/custom_msgs_s__rosidl_typesupport_fastrtps_c.cpython-310-x86_64-linux-gnu.so
[3.674s] -- Up-to-date symlink: /home/rishith/MRT/MRT_ASSIGNMENT_4/install/custom_msgs/local/lib/python3.10/dist-packages/custom_msgs/custom_msgs_s__rosidl_typesupport_introspection_c.cpython-310-x86_64-linux-gnu.so
[3.674s] -- Up-to-date symlink: /home/rishith/MRT/MRT_ASSIGNMENT_4/install/custom_msgs/local/lib/python3.10/dist-packages/custom_msgs/custom_msgs_s__rosidl_typesupport_c.cpython-310-x86_64-linux-gnu.so
[3.674s] -- Symlinking: /home/rishith/MRT/MRT_ASSIGNMENT_4/install/custom_msgs/share/custom_msgs/srv/Corners.idl
[3.679s] -- Symlinking: /home/rishith/MRT/MRT_ASSIGNMENT_4/install/custom_msgs/share/custom_msgs/srv/Path.idl
[3.684s] -- Symlinking: /home/rishith/MRT/MRT_ASSIGNMENT_4/install/custom_msgs/share/custom_msgs/srv/Corners.srv
[3.689s] -- Symlinking: /home/rishith/MRT/MRT_ASSIGNMENT_4/install/custom_msgs/share/custom_msgs/srv/Corners_Request.msg
[3.694s] -- Symlinking: /home/rishith/MRT/MRT_ASSIGNMENT_4/install/custom_msgs/share/custom_msgs/srv/Corners_Response.msg
[3.699s] -- Symlinking: /home/rishith/MRT/MRT_ASSIGNMENT_4/install/custom_msgs/share/custom_msgs/srv/Path.srv
[3.704s] -- Symlinking: /home/rishith/MRT/MRT_ASSIGNMENT_4/install/custom_msgs/share/custom_msgs/srv/Path_Request.msg
[3.709s] -- Symlinking: /home/rishith/MRT/MRT_ASSIGNMENT_4/install/custom_msgs/share/custom_msgs/srv/Path_Response.msg
[3.714s] -- Symlinking: /home/rishith/MRT/MRT_ASSIGNMENT_4/install/custom_msgs/share/ament_index/resource_index/package_run_dependencies/custom_msgs
[3.719s] -- Symlinking: /home/rishith/MRT/MRT_ASSIGNMENT_4/install/custom_msgs/share/ament_index/resource_index/parent_prefix_path/custom_msgs
[3.724s] -- Symlinking: /home/rishith/MRT/MRT_ASSIGNMENT_4/install/custom_msgs/share/custom_msgs/environment/ament_prefix_path.sh
[3.729s] -- Symlinking: /home/rishith/MRT/MRT_ASSIGNMENT_4/install/custom_msgs/share/custom_msgs/environment/ament_prefix_path.dsv
[3.735s] -- Symlinking: /home/rishith/MRT/MRT_ASSIGNMENT_4/install/custom_msgs/share/custom_msgs/environment/path.sh
[3.741s] -- Symlinking: /home/rishith/MRT/MRT_ASSIGNMENT_4/install/custom_msgs/share/custom_msgs/environment/path.dsv
[3.746s] -- Symlinking: /home/rishith/MRT/MRT_ASSIGNMENT_4/install/custom_msgs/share/custom_msgs/local_setup.bash
[3.755s] -- Symlinking: /home/rishith/MRT/MRT_ASSIGNMENT_4/install/custom_msgs/share/custom_msgs/local_setup.sh
[3.760s] -- Symlinking: /home/rishith/MRT/MRT_ASSIGNMENT_4/install/custom_msgs/share/custom_msgs/local_setup.zsh
[3.766s] -- Symlinking: /home/rishith/MRT/MRT_ASSIGNMENT_4/install/custom_msgs/share/custom_msgs/local_setup.dsv
[3.771s] -- Symlinking: /home/rishith/MRT/MRT_ASSIGNMENT_4/install/custom_msgs/share/custom_msgs/package.dsv
[3.776s] -- Symlinking: /home/rishith/MRT/MRT_ASSIGNMENT_4/install/custom_msgs/share/ament_index/resource_index/packages/custom_msgs
[3.781s] -- Symlinking: /home/rishith/MRT/MRT_ASSIGNMENT_4/install/custom_msgs/share/custom_msgs/cmake/rosidl_cmake-extras.cmake
[3.786s] -- Symlinking: /home/rishith/MRT/MRT_ASSIGNMENT_4/install/custom_msgs/share/custom_msgs/cmake/ament_cmake_export_dependencies-extras.cmake
[3.791s] -- Symlinking: /home/rishith/MRT/MRT_ASSIGNMENT_4/install/custom_msgs/share/custom_msgs/cmake/ament_cmake_export_include_directories-extras.cmake
[3.796s] -- Symlinking: /home/rishith/MRT/MRT_ASSIGNMENT_4/install/custom_msgs/share/custom_msgs/cmake/ament_cmake_export_libraries-extras.cmake
[3.801s] -- Symlinking: /home/rishith/MRT/MRT_ASSIGNMENT_4/install/custom_msgs/share/custom_msgs/cmake/ament_cmake_export_targets-extras.cmake
[3.806s] -- Symlinking: /home/rishith/MRT/MRT_ASSIGNMENT_4/install/custom_msgs/share/custom_msgs/cmake/rosidl_cmake_export_typesupport_targets-extras.cmake
[3.811s] -- Symlinking: /home/rishith/MRT/MRT_ASSIGNMENT_4/install/custom_msgs/share/custom_msgs/cmake/rosidl_cmake_export_typesupport_libraries-extras.cmake
[3.817s] -- Symlinking: /home/rishith/MRT/MRT_ASSIGNMENT_4/install/custom_msgs/share/custom_msgs/cmake/custom_msgsConfig.cmake
[3.822s] -- Symlinking: /home/rishith/MRT/MRT_ASSIGNMENT_4/install/custom_msgs/share/custom_msgs/cmake/custom_msgsConfig-version.cmake
[3.827s] -- Symlinking: /home/rishith/MRT/MRT_ASSIGNMENT_4/install/custom_msgs/share/custom_msgs/package.xml
[3.832s] -- Installing: /home/rishith/MRT/MRT_ASSIGNMENT_4/install/custom_msgs/lib/libcustom_msgs__rosidl_generator_c.so
[3.832s] -- Set runtime path of "/home/rishith/MRT/MRT_ASSIGNMENT_4/install/custom_msgs/lib/libcustom_msgs__rosidl_generator_c.so" to ""
[3.832s] -- Installing: /home/rishith/MRT/MRT_ASSIGNMENT_4/install/custom_msgs/lib/libcustom_msgs__rosidl_typesupport_fastrtps_c.so
[3.833s] -- Set runtime path of "/home/rishith/MRT/MRT_ASSIGNMENT_4/install/custom_msgs/lib/libcustom_msgs__rosidl_typesupport_fastrtps_c.so" to ""
[3.833s] -- Installing: /home/rishith/MRT/MRT_ASSIGNMENT_4/install/custom_msgs/lib/libcustom_msgs__rosidl_typesupport_introspection_c.so
[3.833s] -- Set runtime path of "/home/rishith/MRT/MRT_ASSIGNMENT_4/install/custom_msgs/lib/libcustom_msgs__rosidl_typesupport_introspection_c.so" to ""
[3.833s] -- Installing: /home/rishith/MRT/MRT_ASSIGNMENT_4/install/custom_msgs/lib/libcustom_msgs__rosidl_typesupport_c.so
[3.834s] -- Set runtime path of "/home/rishith/MRT/MRT_ASSIGNMENT_4/install/custom_msgs/lib/libcustom_msgs__rosidl_typesupport_c.so" to ""
[3.834s] -- Installing: /home/rishith/MRT/MRT_ASSIGNMENT_4/install/custom_msgs/lib/libcustom_msgs__rosidl_typesupport_fastrtps_cpp.so
[3.834s] -- Set runtime path of "/home/rishith/MRT/MRT_ASSIGNMENT_4/install/custom_msgs/lib/libcustom_msgs__rosidl_typesupport_fastrtps_cpp.so" to ""
[3.834s] -- Installing: /home/rishith/MRT/MRT_ASSIGNMENT_4/install/custom_msgs/lib/libcustom_msgs__rosidl_typesupport_introspection_cpp.so
[3.834s] -- Set runtime path of "/home/rishith/MRT/MRT_ASSIGNMENT_4/install/custom_msgs/lib/libcustom_msgs__rosidl_typesupport_introspection_cpp.so" to ""
[3.834s] -- Installing: /home/rishith/MRT/MRT_ASSIGNMENT_4/install/custom_msgs/lib/libcustom_msgs__rosidl_typesupport_cpp.so
[3.835s] -- Set runtime path of "/home/rishith/MRT/MRT_ASSIGNMENT_4/install/custom_msgs/lib/libcustom_msgs__rosidl_typesupport_cpp.so" to ""
[3.863s] Listing '/home/rishith/MRT/MRT_ASSIGNMENT_4/install/custom_msgs/local/lib/python3.10/dist-packages/custom_msgs'...
[3.863s] Compiling '/home/rishith/MRT/MRT_ASSIGNMENT_4/install/custom_msgs/local/lib/python3.10/dist-packages/custom_msgs/__init__.py'...
[3.863s] Listing '/home/rishith/MRT/MRT_ASSIGNMENT_4/install/custom_msgs/local/lib/python3.10/dist-packages/custom_msgs/srv'...
[3.863s] Compiling '/home/rishith/MRT/MRT_ASSIGNMENT_4/install/custom_msgs/local/lib/python3.10/dist-packages/custom_msgs/srv/__init__.py'...
[3.864s] Compiling '/home/rishith/MRT/MRT_ASSIGNMENT_4/install/custom_msgs/local/lib/python3.10/dist-packages/custom_msgs/srv/_corners.py'...
[3.864s] Compiling '/home/rishith/MRT/MRT_ASSIGNMENT_4/install/custom_msgs/local/lib/python3.10/dist-packages/custom_msgs/srv/_path.py'...
[3.866s] -- Installing: /home/rishith/MRT/MRT_ASSIGNMENT_4/install/custom_msgs/lib/libcustom_msgs__rosidl_generator_py.so
[3.867s] -- Set runtime path of "/home/rishith/MRT/MRT_ASSIGNMENT_4/install/custom_msgs/lib/libcustom_msgs__rosidl_generator_py.so" to ""
[3.867s] -- Installing: /home/rishith/MRT/MRT_ASSIGNMENT_4/install/custom_msgs/share/custom_msgs/cmake/export_custom_msgs__rosidl_generator_cExport.cmake
[3.867s] -- Installing: /home/rishith/MRT/MRT_ASSIGNMENT_4/install/custom_msgs/share/custom_msgs/cmake/export_custom_msgs__rosidl_generator_cExport-noconfig.cmake
[3.867s] -- Installing: /home/rishith/MRT/MRT_ASSIGNMENT_4/install/custom_msgs/share/custom_msgs/cmake/export_custom_msgs__rosidl_typesupport_fastrtps_cExport.cmake
[3.868s] -- Installing: /home/rishith/MRT/MRT_ASSIGNMENT_4/install/custom_msgs/share/custom_msgs/cmake/export_custom_msgs__rosidl_typesupport_fastrtps_cExport-noconfig.cmake
[3.868s] -- Installing: /home/rishith/MRT/MRT_ASSIGNMENT_4/install/custom_msgs/share/custom_msgs/cmake/custom_msgs__rosidl_typesupport_introspection_cExport.cmake
[3.868s] -- Installing: /home/rishith/MRT/MRT_ASSIGNMENT_4/install/custom_msgs/share/custom_msgs/cmake/custom_msgs__rosidl_typesupport_introspection_cExport-noconfig.cmake
[3.868s] -- Installing: /home/rishith/MRT/MRT_ASSIGNMENT_4/install/custom_msgs/share/custom_msgs/cmake/custom_msgs__rosidl_typesupport_cExport.cmake
[3.868s] -- Installing: /home/rishith/MRT/MRT_ASSIGNMENT_4/install/custom_msgs/share/custom_msgs/cmake/custom_msgs__rosidl_typesupport_cExport-noconfig.cmake
[3.869s] -- Installing: /home/rishith/MRT/MRT_ASSIGNMENT_4/install/custom_msgs/share/custom_msgs/cmake/export_custom_msgs__rosidl_generator_cppExport.cmake
[3.869s] -- Installing: /home/rishith/MRT/MRT_ASSIGNMENT_4/install/custom_msgs/share/custom_msgs/cmake/export_custom_msgs__rosidl_typesupport_fastrtps_cppExport.cmake
[3.869s] -- Installing: /home/rishith/MRT/MRT_ASSIGNMENT_4/install/custom_msgs/share/custom_msgs/cmake/export_custom_msgs__rosidl_typesupport_fastrtps_cppExport-noconfig.cmake
[3.869s] -- Installing: /home/rishith/MRT/MRT_ASSIGNMENT_4/install/custom_msgs/share/custom_msgs/cmake/custom_msgs__rosidl_typesupport_introspection_cppExport.cmake
[3.869s] -- Installing: /home/rishith/MRT/MRT_ASSIGNMENT_4/install/custom_msgs/share/custom_msgs/cmake/custom_msgs__rosidl_typesupport_introspection_cppExport-noconfig.cmake
[3.869s] -- Installing: /home/rishith/MRT/MRT_ASSIGNMENT_4/install/custom_msgs/share/custom_msgs/cmake/custom_msgs__rosidl_typesupport_cppExport.cmake
[3.869s] -- Installing: /home/rishith/MRT/MRT_ASSIGNMENT_4/install/custom_msgs/share/custom_msgs/cmake/custom_msgs__rosidl_typesupport_cppExport-noconfig.cmake
[3.869s] -- Installing: /home/rishith/MRT/MRT_ASSIGNMENT_4/install/custom_msgs/share/custom_msgs/cmake/export_custom_msgs__rosidl_generator_pyExport.cmake
[3.869s] -- Installing: /home/rishith/MRT/MRT_ASSIGNMENT_4/install/custom_msgs/share/custom_msgs/cmake/export_custom_msgs__rosidl_generator_pyExport-noconfig.cmake
[3.870s] Invoked command in '/home/rishith/MRT/MRT_ASSIGNMENT_4/build/custom_msgs' returned '0': CMAKE_PREFIX_PATH=/opt/ros/humble /usr/bin/cmake --install /home/rishith/MRT/MRT_ASSIGNMENT_4/build/custom_msgs
