[0.029s] Invoking command in '/home/rishith/MRT/MRT_ASSIGNMENT_4/build/more_interfaces': CMAKE_PREFIX_PATH=/opt/ros/humble /usr/bin/cmake /home/rishith/MRT/MRT_ASSIGNMENT_4/src/more_interfaces -DCMAKE_INSTALL_PREFIX=/home/rishith/MRT/MRT_ASSIGNMENT_4/install/more_interfaces
[0.036s] -- Found ament_cmake: 1.3.8 (/opt/ros/humble/share/ament_cmake/cmake)
[0.109s] -- Override CMake install command with custom implementation using symlinks instead of copying resources
[0.113s] -- Found ament_lint_auto: 0.12.10 (/opt/ros/humble/share/ament_lint_auto/cmake)
[0.155s] -- Added test 'lint_cmake' to check CMake code style
[0.156s] -- Added test 'xmllint' to check XML markup files
[0.156s] -- Configuring done
[0.158s] -- Generating done
[0.158s] -- Build files have been written to: /home/rishith/MRT/MRT_ASSIGNMENT_4/build/more_interfaces
[0.160s] Invoked command in '/home/rishith/MRT/MRT_ASSIGNMENT_4/build/more_interfaces' returned '0': CMAKE_PREFIX_PATH=/opt/ros/humble /usr/bin/cmake /home/rishith/MRT/MRT_ASSIGNMENT_4/src/more_interfaces -DCMAKE_INSTALL_PREFIX=/home/rishith/MRT/MRT_ASSIGNMENT_4/install/more_interfaces
[0.162s] Invoking command in '/home/rishith/MRT/MRT_ASSIGNMENT_4/build/more_interfaces': CMAKE_PREFIX_PATH=/opt/ros/humble /usr/bin/cmake --build /home/rishith/MRT/MRT_ASSIGNMENT_4/build/more_interfaces -- -j12 -l12
[0.182s] Invoked command in '/home/rishith/MRT/MRT_ASSIGNMENT_4/build/more_interfaces' returned '0': CMAKE_PREFIX_PATH=/opt/ros/humble /usr/bin/cmake --build /home/rishith/MRT/MRT_ASSIGNMENT_4/build/more_interfaces -- -j12 -l12
[0.199s] Invoking command in '/home/rishith/MRT/MRT_ASSIGNMENT_4/build/more_interfaces': CMAKE_PREFIX_PATH=/opt/ros/humble /usr/bin/cmake --install /home/rishith/MRT/MRT_ASSIGNMENT_4/build/more_interfaces
[0.203s] -- Install configuration: ""
[0.203s] -- Execute custom install script
[0.204s] -- Up-to-date symlink: /home/rishith/MRT/MRT_ASSIGNMENT_4/install/more_interfaces/share/ament_index/resource_index/package_run_dependencies/more_interfaces
[0.204s] -- Up-to-date symlink: /home/rishith/MRT/MRT_ASSIGNMENT_4/install/more_interfaces/share/ament_index/resource_index/parent_prefix_path/more_interfaces
[0.204s] -- Up-to-date symlink: /home/rishith/MRT/MRT_ASSIGNMENT_4/install/more_interfaces/share/more_interfaces/environment/ament_prefix_path.sh
[0.204s] -- Up-to-date symlink: /home/rishith/MRT/MRT_ASSIGNMENT_4/install/more_interfaces/share/more_interfaces/environment/ament_prefix_path.dsv
[0.204s] -- Up-to-date symlink: /home/rishith/MRT/MRT_ASSIGNMENT_4/install/more_interfaces/share/more_interfaces/environment/path.sh
[0.204s] -- Up-to-date symlink: /home/rishith/MRT/MRT_ASSIGNMENT_4/install/more_interfaces/share/more_interfaces/environment/path.dsv
[0.204s] -- Up-to-date symlink: /home/rishith/MRT/MRT_ASSIGNMENT_4/install/more_interfaces/share/more_interfaces/local_setup.bash
[0.204s] -- Up-to-date symlink: /home/rishith/MRT/MRT_ASSIGNMENT_4/install/more_interfaces/share/more_interfaces/local_setup.sh
[0.204s] -- Up-to-date symlink: /home/rishith/MRT/MRT_ASSIGNMENT_4/install/more_interfaces/share/more_interfaces/local_setup.zsh
[0.204s] -- Up-to-date symlink: /home/rishith/MRT/MRT_ASSIGNMENT_4/install/more_interfaces/share/more_interfaces/local_setup.dsv
[0.204s] -- Symlinking: /home/rishith/MRT/MRT_ASSIGNMENT_4/install/more_interfaces/share/more_interfaces/package.dsv
[0.209s] -- Up-to-date symlink: /home/rishith/MRT/MRT_ASSIGNMENT_4/install/more_interfaces/share/ament_index/resource_index/packages/more_interfaces
[0.209s] -- Up-to-date symlink: /home/rishith/MRT/MRT_ASSIGNMENT_4/install/more_interfaces/share/more_interfaces/cmake/more_interfacesConfig.cmake
[0.209s] -- Up-to-date symlink: /home/rishith/MRT/MRT_ASSIGNMENT_4/install/more_interfaces/share/more_interfaces/cmake/more_interfacesConfig-version.cmake
[0.209s] -- Up-to-date symlink: /home/rishith/MRT/MRT_ASSIGNMENT_4/install/more_interfaces/share/more_interfaces/package.xml
[0.211s] Invoked command in '/home/rishith/MRT/MRT_ASSIGNMENT_4/build/more_interfaces' returned '0': CMAKE_PREFIX_PATH=/opt/ros/humble /usr/bin/cmake --install /home/rishith/MRT/MRT_ASSIGNMENT_4/build/more_interfaces
