[0.605s] Invoking command in '/home/rishith/MRT/MRT_ASSIGNMENT_4/build/py_srvcli': CMAKE_PREFIX_PATH=/home/rishith/MRT/MRT_ASSIGNMENT_4/install/custom_msgs:/home/rishith/MRT/MRT_ASSIGNMENT_4/install/more_interfaces PYTHONPATH=/home/rishith/MRT/MRT_ASSIGNMENT_4/build/py_srvcli/prefix_override:/home/rishith/MRT/MRT_ASSIGNMENT_4/install/py_srvcli/lib/python3.10/site-packages:${PYTHONPATH} /usr/bin/python3 setup.py develop --uninstall --editable --build-directory /home/rishith/MRT/MRT_ASSIGNMENT_4/build/py_srvcli/build
[0.763s] running develop
[0.764s] /usr/lib/python3/dist-packages/setuptools/command/easy_install.py:158: EasyInstallDeprecationWarning: easy_install command is deprecated. Use build and pip and other standards-based tools.
[0.765s]   warnings.warn(
[0.766s] /usr/lib/python3/dist-packages/setuptools/command/install.py:34: SetuptoolsDeprecationWarning: setup.py install is deprecated. Use build and pip and other standards-based tools.
[0.766s]   warnings.warn(
[0.859s] Removing /home/rishith/MRT/MRT_ASSIGNMENT_4/install/py_srvcli/lib/python3.10/site-packages/py-srvcli.egg-link (link to .)
[0.876s] Invoked command in '/home/rishith/MRT/MRT_ASSIGNMENT_4/build/py_srvcli' returned '0': CMAKE_PREFIX_PATH=/home/rishith/MRT/MRT_ASSIGNMENT_4/install/custom_msgs:/home/rishith/MRT/MRT_ASSIGNMENT_4/install/more_interfaces PYTHONPATH=/home/rishith/MRT/MRT_ASSIGNMENT_4/build/py_srvcli/prefix_override:/home/rishith/MRT/MRT_ASSIGNMENT_4/install/py_srvcli/lib/python3.10/site-packages:${PYTHONPATH} /usr/bin/python3 setup.py develop --uninstall --editable --build-directory /home/rishith/MRT/MRT_ASSIGNMENT_4/build/py_srvcli/build
[0.878s] Invoking command in '/home/rishith/MRT/MRT_ASSIGNMENT_4/src/py_srvcli': CMAKE_PREFIX_PATH=/home/rishith/MRT/MRT_ASSIGNMENT_4/install/custom_msgs:/home/rishith/MRT/MRT_ASSIGNMENT_4/install/more_interfaces PYTHONPATH=/home/rishith/MRT/MRT_ASSIGNMENT_4/build/py_srvcli/prefix_override:/home/rishith/MRT/MRT_ASSIGNMENT_4/install/py_srvcli/lib/python3.10/site-packages:${PYTHONPATH} /usr/bin/python3 setup.py egg_info --egg-base ../../build/py_srvcli build --build-base /home/rishith/MRT/MRT_ASSIGNMENT_4/build/py_srvcli/build install --record /home/rishith/MRT/MRT_ASSIGNMENT_4/build/py_srvcli/install.log --single-version-externally-managed
[1.014s] running egg_info
[1.014s] writing ../../build/py_srvcli/py_srvcli.egg-info/PKG-INFO
[1.015s] writing dependency_links to ../../build/py_srvcli/py_srvcli.egg-info/dependency_links.txt
[1.015s] writing entry points to ../../build/py_srvcli/py_srvcli.egg-info/entry_points.txt
[1.015s] writing requirements to ../../build/py_srvcli/py_srvcli.egg-info/requires.txt
[1.015s] writing top-level names to ../../build/py_srvcli/py_srvcli.egg-info/top_level.txt
[1.016s] reading manifest file '../../build/py_srvcli/py_srvcli.egg-info/SOURCES.txt'
[1.016s] adding license file 'LICENSE'
[1.018s] writing manifest file '../../build/py_srvcli/py_srvcli.egg-info/SOURCES.txt'
[1.018s] running build
[1.018s] running build_py
[1.018s] creating /home/rishith/MRT/MRT_ASSIGNMENT_4/build/py_srvcli/build
[1.018s] creating /home/rishith/MRT/MRT_ASSIGNMENT_4/build/py_srvcli/build/lib
[1.018s] creating /home/rishith/MRT/MRT_ASSIGNMENT_4/build/py_srvcli/build/lib/py_srvcli
[1.018s] copying py_srvcli/server.py -> /home/rishith/MRT/MRT_ASSIGNMENT_4/build/py_srvcli/build/lib/py_srvcli
[1.018s] copying py_srvcli/client.py -> /home/rishith/MRT/MRT_ASSIGNMENT_4/build/py_srvcli/build/lib/py_srvcli
[1.018s] copying py_srvcli/__init__.py -> /home/rishith/MRT/MRT_ASSIGNMENT_4/build/py_srvcli/build/lib/py_srvcli
[1.018s] running install
[1.018s] /usr/lib/python3/dist-packages/setuptools/command/install.py:34: SetuptoolsDeprecationWarning: setup.py install is deprecated. Use build and pip and other standards-based tools.
[1.018s]   warnings.warn(
[1.018s] running install_lib
[1.019s] creating /home/rishith/MRT/MRT_ASSIGNMENT_4/install/py_srvcli/lib/python3.10/site-packages/py_srvcli
[1.019s] copying /home/rishith/MRT/MRT_ASSIGNMENT_4/build/py_srvcli/build/lib/py_srvcli/server.py -> /home/rishith/MRT/MRT_ASSIGNMENT_4/install/py_srvcli/lib/python3.10/site-packages/py_srvcli
[1.019s] copying /home/rishith/MRT/MRT_ASSIGNMENT_4/build/py_srvcli/build/lib/py_srvcli/client.py -> /home/rishith/MRT/MRT_ASSIGNMENT_4/install/py_srvcli/lib/python3.10/site-packages/py_srvcli
[1.019s] copying /home/rishith/MRT/MRT_ASSIGNMENT_4/build/py_srvcli/build/lib/py_srvcli/__init__.py -> /home/rishith/MRT/MRT_ASSIGNMENT_4/install/py_srvcli/lib/python3.10/site-packages/py_srvcli
[1.019s] byte-compiling /home/rishith/MRT/MRT_ASSIGNMENT_4/install/py_srvcli/lib/python3.10/site-packages/py_srvcli/server.py to server.cpython-310.pyc
[1.020s] byte-compiling /home/rishith/MRT/MRT_ASSIGNMENT_4/install/py_srvcli/lib/python3.10/site-packages/py_srvcli/client.py to client.cpython-310.pyc
[1.020s] byte-compiling /home/rishith/MRT/MRT_ASSIGNMENT_4/install/py_srvcli/lib/python3.10/site-packages/py_srvcli/__init__.py to __init__.cpython-310.pyc
[1.020s] running install_data
[1.021s] running install_egg_info
[1.022s] Copying ../../build/py_srvcli/py_srvcli.egg-info to /home/rishith/MRT/MRT_ASSIGNMENT_4/install/py_srvcli/lib/python3.10/site-packages/py_srvcli-0.0.0-py3.10.egg-info
[1.023s] running install_scripts
[1.040s] Installing client script to /home/rishith/MRT/MRT_ASSIGNMENT_4/install/py_srvcli/lib/py_srvcli
[1.040s] Installing server script to /home/rishith/MRT/MRT_ASSIGNMENT_4/install/py_srvcli/lib/py_srvcli
[1.040s] writing list of installed files to '/home/rishith/MRT/MRT_ASSIGNMENT_4/build/py_srvcli/install.log'
[1.055s] Invoked command in '/home/rishith/MRT/MRT_ASSIGNMENT_4/src/py_srvcli' returned '0': CMAKE_PREFIX_PATH=/home/rishith/MRT/MRT_ASSIGNMENT_4/install/custom_msgs:/home/rishith/MRT/MRT_ASSIGNMENT_4/install/more_interfaces PYTHONPATH=/home/rishith/MRT/MRT_ASSIGNMENT_4/build/py_srvcli/prefix_override:/home/rishith/MRT/MRT_ASSIGNMENT_4/install/py_srvcli/lib/python3.10/site-packages:${PYTHONPATH} /usr/bin/python3 setup.py egg_info --egg-base ../../build/py_srvcli build --build-base /home/rishith/MRT/MRT_ASSIGNMENT_4/build/py_srvcli/build install --record /home/rishith/MRT/MRT_ASSIGNMENT_4/build/py_srvcli/install.log --single-version-externally-managed
