[0.069s] Invoking command in '/home/rishith/MRT/MRT_ASSIGNMENT_4/build/custom_msgs': CMAKE_PREFIX_PATH=${CMAKE_PREFIX_PATH}:/home/rishith/MRT/MRT_ASSIGNMENT_4/install/py_srvcli:/opt/ros/humble /usr/bin/cmake --build /home/rishith/MRT/MRT_ASSIGNMENT_4/build/custom_msgs -- -j12 -l12
[0.097s] [  2%] Built target custom_msgs__cpp
[0.099s] [ 12%] Built target custom_msgs__rosidl_generator_c
[0.111s] [ 12%] Built target ament_cmake_python_copy_custom_msgs
[0.112s] [ 23%] Built target custom_msgs__rosidl_typesupport_cpp
[0.116s] [ 33%] Built target custom_msgs__rosidl_typesupport_fastrtps_cpp
[0.117s] [ 43%] Built target custom_msgs__rosidl_typesupport_introspection_c
[0.119s] [ 58%] Built target custom_msgs__rosidl_typesupport_c
[0.120s] [ 64%] Built target custom_msgs__rosidl_typesupport_introspection_cpp
[0.120s] [ 74%] Built target custom_msgs__rosidl_typesupport_fastrtps_c
[0.135s] [ 74%] Built target custom_msgs
[0.147s] [ 76%] Built target custom_msgs__py
[0.160s] [ 84%] Built target custom_msgs__rosidl_generator_py
[0.173s] [ 89%] Built target custom_msgs__rosidl_typesupport_fastrtps_c__pyext
[0.178s] [ 94%] Built target custom_msgs__rosidl_typesupport_introspection_c__pyext
[0.179s] [100%] Built target custom_msgs__rosidl_typesupport_c__pyext
[0.261s] running egg_info
[0.261s] writing custom_msgs.egg-info/PKG-INFO
[0.261s] writing dependency_links to custom_msgs.egg-info/dependency_links.txt
[0.261s] writing top-level names to custom_msgs.egg-info/top_level.txt
[0.263s] reading manifest file 'custom_msgs.egg-info/SOURCES.txt'
[0.263s] writing manifest file 'custom_msgs.egg-info/SOURCES.txt'
[0.281s] [100%] Built target ament_cmake_python_build_custom_msgs_egg
[0.289s] Invoked command in '/home/rishith/MRT/MRT_ASSIGNMENT_4/build/custom_msgs' returned '0': CMAKE_PREFIX_PATH=${CMAKE_PREFIX_PATH}:/home/rishith/MRT/MRT_ASSIGNMENT_4/install/py_srvcli:/opt/ros/humble /usr/bin/cmake --build /home/rishith/MRT/MRT_ASSIGNMENT_4/build/custom_msgs -- -j12 -l12
[0.327s] Invoking command in '/home/rishith/MRT/MRT_ASSIGNMENT_4/build/custom_msgs': CMAKE_PREFIX_PATH=${CMAKE_PREFIX_PATH}:/home/rishith/MRT/MRT_ASSIGNMENT_4/install/py_srvcli:/opt/ros/humble /usr/bin/cmake --install /home/rishith/MRT/MRT_ASSIGNMENT_4/build/custom_msgs
[0.332s] -- Install configuration: ""
[0.332s] -- Up-to-date: /home/rishith/MRT/MRT_ASSIGNMENT_4/install/custom_msgs/share/ament_index/resource_index/rosidl_interfaces/custom_msgs
[0.333s] -- Up-to-date: /home/rishith/MRT/MRT_ASSIGNMENT_4/install/custom_msgs/include/custom_msgs/custom_msgs
[0.333s] -- Up-to-date: /home/rishith/MRT/MRT_ASSIGNMENT_4/install/custom_msgs/include/custom_msgs/custom_msgs/msg
[0.333s] -- Up-to-date: /home/rishith/MRT/MRT_ASSIGNMENT_4/install/custom_msgs/include/custom_msgs/custom_msgs/msg/rosidl_generator_c__visibility_control.h
[0.333s] -- Up-to-date: /home/rishith/MRT/MRT_ASSIGNMENT_4/install/custom_msgs/include/custom_msgs/custom_msgs/srv
[0.333s] -- Up-to-date: /home/rishith/MRT/MRT_ASSIGNMENT_4/install/custom_msgs/include/custom_msgs/custom_msgs/srv/path.h
[0.333s] -- Up-to-date: /home/rishith/MRT/MRT_ASSIGNMENT_4/install/custom_msgs/include/custom_msgs/custom_msgs/srv/detail
[0.334s] -- Up-to-date: /home/rishith/MRT/MRT_ASSIGNMENT_4/install/custom_msgs/include/custom_msgs/custom_msgs/srv/detail/corners__functions.h
[0.334s] -- Up-to-date: /home/rishith/MRT/MRT_ASSIGNMENT_4/install/custom_msgs/include/custom_msgs/custom_msgs/srv/detail/path__functions.h
[0.334s] -- Up-to-date: /home/rishith/MRT/MRT_ASSIGNMENT_4/install/custom_msgs/include/custom_msgs/custom_msgs/srv/detail/corners__struct.h
[0.334s] -- Up-to-date: /home/rishith/MRT/MRT_ASSIGNMENT_4/install/custom_msgs/include/custom_msgs/custom_msgs/srv/detail/corners__type_support.h
[0.334s] -- Up-to-date: /home/rishith/MRT/MRT_ASSIGNMENT_4/install/custom_msgs/include/custom_msgs/custom_msgs/srv/detail/corners__functions.c
[0.334s] -- Up-to-date: /home/rishith/MRT/MRT_ASSIGNMENT_4/install/custom_msgs/include/custom_msgs/custom_msgs/srv/detail/path__type_support.h
[0.334s] -- Up-to-date: /home/rishith/MRT/MRT_ASSIGNMENT_4/install/custom_msgs/include/custom_msgs/custom_msgs/srv/detail/path__struct.h
[0.334s] -- Up-to-date: /home/rishith/MRT/MRT_ASSIGNMENT_4/install/custom_msgs/include/custom_msgs/custom_msgs/srv/detail/path__functions.c
[0.334s] -- Up-to-date: /home/rishith/MRT/MRT_ASSIGNMENT_4/install/custom_msgs/include/custom_msgs/custom_msgs/srv/corners.h
[0.335s] -- Up-to-date: /home/rishith/MRT/MRT_ASSIGNMENT_4/install/custom_msgs/share/custom_msgs/environment/library_path.sh
[0.335s] -- Up-to-date: /home/rishith/MRT/MRT_ASSIGNMENT_4/install/custom_msgs/share/custom_msgs/environment/library_path.dsv
[0.335s] -- Up-to-date: /home/rishith/MRT/MRT_ASSIGNMENT_4/install/custom_msgs/lib/libcustom_msgs__rosidl_generator_c.so
[0.335s] -- Up-to-date: /home/rishith/MRT/MRT_ASSIGNMENT_4/install/custom_msgs/include/custom_msgs/custom_msgs
[0.335s] -- Up-to-date: /home/rishith/MRT/MRT_ASSIGNMENT_4/install/custom_msgs/include/custom_msgs/custom_msgs/msg
[0.335s] -- Up-to-date: /home/rishith/MRT/MRT_ASSIGNMENT_4/install/custom_msgs/include/custom_msgs/custom_msgs/msg/rosidl_typesupport_fastrtps_c__visibility_control.h
[0.335s] -- Up-to-date: /home/rishith/MRT/MRT_ASSIGNMENT_4/install/custom_msgs/include/custom_msgs/custom_msgs/srv
[0.335s] -- Up-to-date: /home/rishith/MRT/MRT_ASSIGNMENT_4/install/custom_msgs/include/custom_msgs/custom_msgs/srv/detail
[0.335s] -- Up-to-date: /home/rishith/MRT/MRT_ASSIGNMENT_4/install/custom_msgs/include/custom_msgs/custom_msgs/srv/detail/corners__rosidl_typesupport_fastrtps_c.h
[0.335s] -- Up-to-date: /home/rishith/MRT/MRT_ASSIGNMENT_4/install/custom_msgs/include/custom_msgs/custom_msgs/srv/detail/path__rosidl_typesupport_fastrtps_c.h
[0.336s] -- Up-to-date: /home/rishith/MRT/MRT_ASSIGNMENT_4/install/custom_msgs/lib/libcustom_msgs__rosidl_typesupport_fastrtps_c.so
[0.336s] -- Up-to-date: /home/rishith/MRT/MRT_ASSIGNMENT_4/install/custom_msgs/include/custom_msgs/custom_msgs
[0.336s] -- Up-to-date: /home/rishith/MRT/MRT_ASSIGNMENT_4/install/custom_msgs/include/custom_msgs/custom_msgs/msg
[0.336s] -- Up-to-date: /home/rishith/MRT/MRT_ASSIGNMENT_4/install/custom_msgs/include/custom_msgs/custom_msgs/msg/rosidl_typesupport_introspection_c__visibility_control.h
[0.336s] -- Up-to-date: /home/rishith/MRT/MRT_ASSIGNMENT_4/install/custom_msgs/include/custom_msgs/custom_msgs/srv
[0.336s] -- Up-to-date: /home/rishith/MRT/MRT_ASSIGNMENT_4/install/custom_msgs/include/custom_msgs/custom_msgs/srv/detail
[0.336s] -- Up-to-date: /home/rishith/MRT/MRT_ASSIGNMENT_4/install/custom_msgs/include/custom_msgs/custom_msgs/srv/detail/path__rosidl_typesupport_introspection_c.h
[0.336s] -- Up-to-date: /home/rishith/MRT/MRT_ASSIGNMENT_4/install/custom_msgs/include/custom_msgs/custom_msgs/srv/detail/corners__type_support.c
[0.336s] -- Up-to-date: /home/rishith/MRT/MRT_ASSIGNMENT_4/install/custom_msgs/include/custom_msgs/custom_msgs/srv/detail/corners__rosidl_typesupport_introspection_c.h
[0.336s] -- Up-to-date: /home/rishith/MRT/MRT_ASSIGNMENT_4/install/custom_msgs/include/custom_msgs/custom_msgs/srv/detail/path__type_support.c
[0.336s] -- Up-to-date: /home/rishith/MRT/MRT_ASSIGNMENT_4/install/custom_msgs/lib/libcustom_msgs__rosidl_typesupport_introspection_c.so
[0.337s] -- Up-to-date: /home/rishith/MRT/MRT_ASSIGNMENT_4/install/custom_msgs/lib/libcustom_msgs__rosidl_typesupport_c.so
[0.337s] -- Up-to-date: /home/rishith/MRT/MRT_ASSIGNMENT_4/install/custom_msgs/include/custom_msgs/custom_msgs
[0.337s] -- Up-to-date: /home/rishith/MRT/MRT_ASSIGNMENT_4/install/custom_msgs/include/custom_msgs/custom_msgs/srv
[0.337s] -- Up-to-date: /home/rishith/MRT/MRT_ASSIGNMENT_4/install/custom_msgs/include/custom_msgs/custom_msgs/srv/corners.hpp
[0.337s] -- Up-to-date: /home/rishith/MRT/MRT_ASSIGNMENT_4/install/custom_msgs/include/custom_msgs/custom_msgs/srv/detail
[0.337s] -- Up-to-date: /home/rishith/MRT/MRT_ASSIGNMENT_4/install/custom_msgs/include/custom_msgs/custom_msgs/srv/detail/path__builder.hpp
[0.337s] -- Up-to-date: /home/rishith/MRT/MRT_ASSIGNMENT_4/install/custom_msgs/include/custom_msgs/custom_msgs/srv/detail/path__struct.hpp
[0.337s] -- Up-to-date: /home/rishith/MRT/MRT_ASSIGNMENT_4/install/custom_msgs/include/custom_msgs/custom_msgs/srv/detail/corners__builder.hpp
[0.337s] -- Up-to-date: /home/rishith/MRT/MRT_ASSIGNMENT_4/install/custom_msgs/include/custom_msgs/custom_msgs/srv/detail/path__traits.hpp
[0.337s] -- Up-to-date: /home/rishith/MRT/MRT_ASSIGNMENT_4/install/custom_msgs/include/custom_msgs/custom_msgs/srv/detail/corners__traits.hpp
[0.338s] -- Up-to-date: /home/rishith/MRT/MRT_ASSIGNMENT_4/install/custom_msgs/include/custom_msgs/custom_msgs/srv/detail/corners__struct.hpp
[0.338s] -- Up-to-date: /home/rishith/MRT/MRT_ASSIGNMENT_4/install/custom_msgs/include/custom_msgs/custom_msgs/srv/path.hpp
[0.338s] -- Up-to-date: /home/rishith/MRT/MRT_ASSIGNMENT_4/install/custom_msgs/include/custom_msgs/custom_msgs
[0.338s] -- Up-to-date: /home/rishith/MRT/MRT_ASSIGNMENT_4/install/custom_msgs/include/custom_msgs/custom_msgs/msg
[0.338s] -- Up-to-date: /home/rishith/MRT/MRT_ASSIGNMENT_4/install/custom_msgs/include/custom_msgs/custom_msgs/msg/rosidl_typesupport_fastrtps_cpp__visibility_control.h
[0.338s] -- Up-to-date: /home/rishith/MRT/MRT_ASSIGNMENT_4/install/custom_msgs/include/custom_msgs/custom_msgs/srv
[0.338s] -- Up-to-date: /home/rishith/MRT/MRT_ASSIGNMENT_4/install/custom_msgs/include/custom_msgs/custom_msgs/srv/detail
[0.338s] -- Up-to-date: /home/rishith/MRT/MRT_ASSIGNMENT_4/install/custom_msgs/include/custom_msgs/custom_msgs/srv/detail/dds_fastrtps
[0.338s] -- Up-to-date: /home/rishith/MRT/MRT_ASSIGNMENT_4/install/custom_msgs/include/custom_msgs/custom_msgs/srv/detail/path__rosidl_typesupport_fastrtps_cpp.hpp
[0.338s] -- Up-to-date: /home/rishith/MRT/MRT_ASSIGNMENT_4/install/custom_msgs/include/custom_msgs/custom_msgs/srv/detail/corners__rosidl_typesupport_fastrtps_cpp.hpp
[0.338s] -- Up-to-date: /home/rishith/MRT/MRT_ASSIGNMENT_4/install/custom_msgs/lib/libcustom_msgs__rosidl_typesupport_fastrtps_cpp.so
[0.339s] -- Up-to-date: /home/rishith/MRT/MRT_ASSIGNMENT_4/install/custom_msgs/include/custom_msgs/custom_msgs
[0.339s] -- Up-to-date: /home/rishith/MRT/MRT_ASSIGNMENT_4/install/custom_msgs/include/custom_msgs/custom_msgs/srv
[0.339s] -- Up-to-date: /home/rishith/MRT/MRT_ASSIGNMENT_4/install/custom_msgs/include/custom_msgs/custom_msgs/srv/detail
[0.339s] -- Up-to-date: /home/rishith/MRT/MRT_ASSIGNMENT_4/install/custom_msgs/include/custom_msgs/custom_msgs/srv/detail/path__type_support.cpp
[0.339s] -- Up-to-date: /home/rishith/MRT/MRT_ASSIGNMENT_4/install/custom_msgs/include/custom_msgs/custom_msgs/srv/detail/corners__type_support.cpp
[0.339s] -- Up-to-date: /home/rishith/MRT/MRT_ASSIGNMENT_4/install/custom_msgs/include/custom_msgs/custom_msgs/srv/detail/path__rosidl_typesupport_introspection_cpp.hpp
[0.339s] -- Up-to-date: /home/rishith/MRT/MRT_ASSIGNMENT_4/install/custom_msgs/include/custom_msgs/custom_msgs/srv/detail/corners__rosidl_typesupport_introspection_cpp.hpp
[0.339s] -- Up-to-date: /home/rishith/MRT/MRT_ASSIGNMENT_4/install/custom_msgs/lib/libcustom_msgs__rosidl_typesupport_introspection_cpp.so
[0.339s] -- Up-to-date: /home/rishith/MRT/MRT_ASSIGNMENT_4/install/custom_msgs/lib/libcustom_msgs__rosidl_typesupport_cpp.so
[0.339s] -- Up-to-date: /home/rishith/MRT/MRT_ASSIGNMENT_4/install/custom_msgs/share/custom_msgs/environment/pythonpath.sh
[0.339s] -- Up-to-date: /home/rishith/MRT/MRT_ASSIGNMENT_4/install/custom_msgs/share/custom_msgs/environment/pythonpath.dsv
[0.339s] -- Up-to-date: /home/rishith/MRT/MRT_ASSIGNMENT_4/install/custom_msgs/local/lib/python3.10/dist-packages/custom_msgs-0.0.0-py3.10.egg-info
[0.340s] -- Installing: /home/rishith/MRT/MRT_ASSIGNMENT_4/install/custom_msgs/local/lib/python3.10/dist-packages/custom_msgs-0.0.0-py3.10.egg-info/PKG-INFO
[0.340s] -- Installing: /home/rishith/MRT/MRT_ASSIGNMENT_4/install/custom_msgs/local/lib/python3.10/dist-packages/custom_msgs-0.0.0-py3.10.egg-info/top_level.txt
[0.340s] -- Installing: /home/rishith/MRT/MRT_ASSIGNMENT_4/install/custom_msgs/local/lib/python3.10/dist-packages/custom_msgs-0.0.0-py3.10.egg-info/SOURCES.txt
[0.340s] -- Installing: /home/rishith/MRT/MRT_ASSIGNMENT_4/install/custom_msgs/local/lib/python3.10/dist-packages/custom_msgs-0.0.0-py3.10.egg-info/dependency_links.txt
[0.340s] -- Up-to-date: /home/rishith/MRT/MRT_ASSIGNMENT_4/install/custom_msgs/local/lib/python3.10/dist-packages/custom_msgs
[0.340s] -- Up-to-date: /home/rishith/MRT/MRT_ASSIGNMENT_4/install/custom_msgs/local/lib/python3.10/dist-packages/custom_msgs/custom_msgs_s__rosidl_typesupport_introspection_c.cpython-310-x86_64-linux-gnu.so
[0.340s] -- Up-to-date: /home/rishith/MRT/MRT_ASSIGNMENT_4/install/custom_msgs/local/lib/python3.10/dist-packages/custom_msgs/libcustom_msgs__rosidl_generator_py.so
[0.340s] -- Up-to-date: /home/rishith/MRT/MRT_ASSIGNMENT_4/install/custom_msgs/local/lib/python3.10/dist-packages/custom_msgs/_custom_msgs_s.ep.rosidl_typesupport_fastrtps_c.c
[0.340s] -- Up-to-date: /home/rishith/MRT/MRT_ASSIGNMENT_4/install/custom_msgs/local/lib/python3.10/dist-packages/custom_msgs/__init__.py
[0.340s] -- Up-to-date: /home/rishith/MRT/MRT_ASSIGNMENT_4/install/custom_msgs/local/lib/python3.10/dist-packages/custom_msgs/_custom_msgs_s.ep.rosidl_typesupport_c.c
[0.340s] -- Up-to-date: /home/rishith/MRT/MRT_ASSIGNMENT_4/install/custom_msgs/local/lib/python3.10/dist-packages/custom_msgs/_custom_msgs_s.ep.rosidl_typesupport_introspection_c.c
[0.341s] -- Up-to-date: /home/rishith/MRT/MRT_ASSIGNMENT_4/install/custom_msgs/local/lib/python3.10/dist-packages/custom_msgs/custom_msgs_s__rosidl_typesupport_c.cpython-310-x86_64-linux-gnu.so
[0.341s] -- Up-to-date: /home/rishith/MRT/MRT_ASSIGNMENT_4/install/custom_msgs/local/lib/python3.10/dist-packages/custom_msgs/srv
[0.341s] -- Up-to-date: /home/rishith/MRT/MRT_ASSIGNMENT_4/install/custom_msgs/local/lib/python3.10/dist-packages/custom_msgs/srv/_path.py
[0.341s] -- Up-to-date: /home/rishith/MRT/MRT_ASSIGNMENT_4/install/custom_msgs/local/lib/python3.10/dist-packages/custom_msgs/srv/_path_s.c
[0.341s] -- Up-to-date: /home/rishith/MRT/MRT_ASSIGNMENT_4/install/custom_msgs/local/lib/python3.10/dist-packages/custom_msgs/srv/__init__.py
[0.341s] -- Up-to-date: /home/rishith/MRT/MRT_ASSIGNMENT_4/install/custom_msgs/local/lib/python3.10/dist-packages/custom_msgs/srv/_corners.py
[0.341s] -- Up-to-date: /home/rishith/MRT/MRT_ASSIGNMENT_4/install/custom_msgs/local/lib/python3.10/dist-packages/custom_msgs/srv/_corners_s.c
[0.341s] -- Up-to-date: /home/rishith/MRT/MRT_ASSIGNMENT_4/install/custom_msgs/local/lib/python3.10/dist-packages/custom_msgs/custom_msgs_s__rosidl_typesupport_fastrtps_c.cpython-310-x86_64-linux-gnu.so
[0.355s] Listing '/home/rishith/MRT/MRT_ASSIGNMENT_4/install/custom_msgs/local/lib/python3.10/dist-packages/custom_msgs'...
[0.356s] Listing '/home/rishith/MRT/MRT_ASSIGNMENT_4/install/custom_msgs/local/lib/python3.10/dist-packages/custom_msgs/srv'...
[0.358s] -- Up-to-date: /home/rishith/MRT/MRT_ASSIGNMENT_4/install/custom_msgs/local/lib/python3.10/dist-packages/custom_msgs/custom_msgs_s__rosidl_typesupport_fastrtps_c.cpython-310-x86_64-linux-gnu.so
[0.359s] -- Up-to-date: /home/rishith/MRT/MRT_ASSIGNMENT_4/install/custom_msgs/local/lib/python3.10/dist-packages/custom_msgs/custom_msgs_s__rosidl_typesupport_introspection_c.cpython-310-x86_64-linux-gnu.so
[0.359s] -- Up-to-date: /home/rishith/MRT/MRT_ASSIGNMENT_4/install/custom_msgs/local/lib/python3.10/dist-packages/custom_msgs/custom_msgs_s__rosidl_typesupport_c.cpython-310-x86_64-linux-gnu.so
[0.359s] -- Up-to-date: /home/rishith/MRT/MRT_ASSIGNMENT_4/install/custom_msgs/lib/libcustom_msgs__rosidl_generator_py.so
[0.359s] -- Up-to-date: /home/rishith/MRT/MRT_ASSIGNMENT_4/install/custom_msgs/share/custom_msgs/srv/Corners.idl
[0.359s] -- Up-to-date: /home/rishith/MRT/MRT_ASSIGNMENT_4/install/custom_msgs/share/custom_msgs/srv/Path.idl
[0.359s] -- Up-to-date: /home/rishith/MRT/MRT_ASSIGNMENT_4/install/custom_msgs/share/custom_msgs/srv/Corners.srv
[0.359s] -- Up-to-date: /home/rishith/MRT/MRT_ASSIGNMENT_4/install/custom_msgs/share/custom_msgs/srv/Corners_Request.msg
[0.360s] -- Up-to-date: /home/rishith/MRT/MRT_ASSIGNMENT_4/install/custom_msgs/share/custom_msgs/srv/Corners_Response.msg
[0.360s] -- Up-to-date: /home/rishith/MRT/MRT_ASSIGNMENT_4/install/custom_msgs/share/custom_msgs/srv/Path.srv
[0.360s] -- Up-to-date: /home/rishith/MRT/MRT_ASSIGNMENT_4/install/custom_msgs/share/custom_msgs/srv/Path_Request.msg
[0.360s] -- Up-to-date: /home/rishith/MRT/MRT_ASSIGNMENT_4/install/custom_msgs/share/custom_msgs/srv/Path_Response.msg
[0.360s] -- Up-to-date: /home/rishith/MRT/MRT_ASSIGNMENT_4/install/custom_msgs/share/ament_index/resource_index/package_run_dependencies/custom_msgs
[0.360s] -- Up-to-date: /home/rishith/MRT/MRT_ASSIGNMENT_4/install/custom_msgs/share/ament_index/resource_index/parent_prefix_path/custom_msgs
[0.360s] -- Up-to-date: /home/rishith/MRT/MRT_ASSIGNMENT_4/install/custom_msgs/share/custom_msgs/environment/ament_prefix_path.sh
[0.360s] -- Up-to-date: /home/rishith/MRT/MRT_ASSIGNMENT_4/install/custom_msgs/share/custom_msgs/environment/ament_prefix_path.dsv
[0.361s] -- Up-to-date: /home/rishith/MRT/MRT_ASSIGNMENT_4/install/custom_msgs/share/custom_msgs/environment/path.sh
[0.361s] -- Up-to-date: /home/rishith/MRT/MRT_ASSIGNMENT_4/install/custom_msgs/share/custom_msgs/environment/path.dsv
[0.361s] -- Up-to-date: /home/rishith/MRT/MRT_ASSIGNMENT_4/install/custom_msgs/share/custom_msgs/local_setup.bash
[0.361s] -- Up-to-date: /home/rishith/MRT/MRT_ASSIGNMENT_4/install/custom_msgs/share/custom_msgs/local_setup.sh
[0.361s] -- Up-to-date: /home/rishith/MRT/MRT_ASSIGNMENT_4/install/custom_msgs/share/custom_msgs/local_setup.zsh
[0.361s] -- Up-to-date: /home/rishith/MRT/MRT_ASSIGNMENT_4/install/custom_msgs/share/custom_msgs/local_setup.dsv
[0.361s] -- Installing: /home/rishith/MRT/MRT_ASSIGNMENT_4/install/custom_msgs/share/custom_msgs/package.dsv
[0.361s] -- Up-to-date: /home/rishith/MRT/MRT_ASSIGNMENT_4/install/custom_msgs/share/ament_index/resource_index/packages/custom_msgs
[0.361s] -- Up-to-date: /home/rishith/MRT/MRT_ASSIGNMENT_4/install/custom_msgs/share/custom_msgs/cmake/export_custom_msgs__rosidl_generator_cExport.cmake
[0.361s] -- Up-to-date: /home/rishith/MRT/MRT_ASSIGNMENT_4/install/custom_msgs/share/custom_msgs/cmake/export_custom_msgs__rosidl_generator_cExport-noconfig.cmake
[0.362s] -- Up-to-date: /home/rishith/MRT/MRT_ASSIGNMENT_4/install/custom_msgs/share/custom_msgs/cmake/export_custom_msgs__rosidl_typesupport_fastrtps_cExport.cmake
[0.362s] -- Up-to-date: /home/rishith/MRT/MRT_ASSIGNMENT_4/install/custom_msgs/share/custom_msgs/cmake/export_custom_msgs__rosidl_typesupport_fastrtps_cExport-noconfig.cmake
[0.362s] -- Up-to-date: /home/rishith/MRT/MRT_ASSIGNMENT_4/install/custom_msgs/share/custom_msgs/cmake/custom_msgs__rosidl_typesupport_introspection_cExport.cmake
[0.362s] -- Up-to-date: /home/rishith/MRT/MRT_ASSIGNMENT_4/install/custom_msgs/share/custom_msgs/cmake/custom_msgs__rosidl_typesupport_introspection_cExport-noconfig.cmake
[0.363s] -- Up-to-date: /home/rishith/MRT/MRT_ASSIGNMENT_4/install/custom_msgs/share/custom_msgs/cmake/custom_msgs__rosidl_typesupport_cExport.cmake
[0.363s] -- Up-to-date: /home/rishith/MRT/MRT_ASSIGNMENT_4/install/custom_msgs/share/custom_msgs/cmake/custom_msgs__rosidl_typesupport_cExport-noconfig.cmake
[0.363s] -- Up-to-date: /home/rishith/MRT/MRT_ASSIGNMENT_4/install/custom_msgs/share/custom_msgs/cmake/export_custom_msgs__rosidl_generator_cppExport.cmake
[0.363s] -- Up-to-date: /home/rishith/MRT/MRT_ASSIGNMENT_4/install/custom_msgs/share/custom_msgs/cmake/export_custom_msgs__rosidl_typesupport_fastrtps_cppExport.cmake
[0.364s] -- Up-to-date: /home/rishith/MRT/MRT_ASSIGNMENT_4/install/custom_msgs/share/custom_msgs/cmake/export_custom_msgs__rosidl_typesupport_fastrtps_cppExport-noconfig.cmake
[0.364s] -- Up-to-date: /home/rishith/MRT/MRT_ASSIGNMENT_4/install/custom_msgs/share/custom_msgs/cmake/custom_msgs__rosidl_typesupport_introspection_cppExport.cmake
[0.364s] -- Up-to-date: /home/rishith/MRT/MRT_ASSIGNMENT_4/install/custom_msgs/share/custom_msgs/cmake/custom_msgs__rosidl_typesupport_introspection_cppExport-noconfig.cmake
[0.365s] -- Up-to-date: /home/rishith/MRT/MRT_ASSIGNMENT_4/install/custom_msgs/share/custom_msgs/cmake/custom_msgs__rosidl_typesupport_cppExport.cmake
[0.365s] -- Up-to-date: /home/rishith/MRT/MRT_ASSIGNMENT_4/install/custom_msgs/share/custom_msgs/cmake/custom_msgs__rosidl_typesupport_cppExport-noconfig.cmake
[0.365s] -- Up-to-date: /home/rishith/MRT/MRT_ASSIGNMENT_4/install/custom_msgs/share/custom_msgs/cmake/export_custom_msgs__rosidl_generator_pyExport.cmake
[0.365s] -- Up-to-date: /home/rishith/MRT/MRT_ASSIGNMENT_4/install/custom_msgs/share/custom_msgs/cmake/export_custom_msgs__rosidl_generator_pyExport-noconfig.cmake
[0.366s] -- Up-to-date: /home/rishith/MRT/MRT_ASSIGNMENT_4/install/custom_msgs/share/custom_msgs/cmake/rosidl_cmake-extras.cmake
[0.366s] -- Up-to-date: /home/rishith/MRT/MRT_ASSIGNMENT_4/install/custom_msgs/share/custom_msgs/cmake/ament_cmake_export_dependencies-extras.cmake
[0.366s] -- Up-to-date: /home/rishith/MRT/MRT_ASSIGNMENT_4/install/custom_msgs/share/custom_msgs/cmake/ament_cmake_export_include_directories-extras.cmake
[0.367s] -- Up-to-date: /home/rishith/MRT/MRT_ASSIGNMENT_4/install/custom_msgs/share/custom_msgs/cmake/ament_cmake_export_libraries-extras.cmake
[0.367s] -- Up-to-date: /home/rishith/MRT/MRT_ASSIGNMENT_4/install/custom_msgs/share/custom_msgs/cmake/ament_cmake_export_targets-extras.cmake
[0.367s] -- Up-to-date: /home/rishith/MRT/MRT_ASSIGNMENT_4/install/custom_msgs/share/custom_msgs/cmake/rosidl_cmake_export_typesupport_targets-extras.cmake
[0.367s] -- Up-to-date: /home/rishith/MRT/MRT_ASSIGNMENT_4/install/custom_msgs/share/custom_msgs/cmake/rosidl_cmake_export_typesupport_libraries-extras.cmake
[0.367s] -- Up-to-date: /home/rishith/MRT/MRT_ASSIGNMENT_4/install/custom_msgs/share/custom_msgs/cmake/custom_msgsConfig.cmake
[0.368s] -- Up-to-date: /home/rishith/MRT/MRT_ASSIGNMENT_4/install/custom_msgs/share/custom_msgs/cmake/custom_msgsConfig-version.cmake
[0.368s] -- Up-to-date: /home/rishith/MRT/MRT_ASSIGNMENT_4/install/custom_msgs/share/custom_msgs/package.xml
[0.368s] Invoked command in '/home/rishith/MRT/MRT_ASSIGNMENT_4/build/custom_msgs' returned '0': CMAKE_PREFIX_PATH=${CMAKE_PREFIX_PATH}:/home/rishith/MRT/MRT_ASSIGNMENT_4/install/py_srvcli:/opt/ros/humble /usr/bin/cmake --install /home/rishith/MRT/MRT_ASSIGNMENT_4/build/custom_msgs
