[0.613s] Invoking command in '/home/rishith/MRT/MRT_ASSIGNMENT_4/src/py_srvcli': CMAKE_PREFIX_PATH=/home/rishith/MRT/MRT_ASSIGNMENT_4/install/custom_msgs:/home/rishith/MRT/MRT_ASSIGNMENT_4/install/more_interfaces PYTHONPATH=/home/rishith/MRT/MRT_ASSIGNMENT_4/build/py_srvcli/prefix_override:/home/rishith/MRT/MRT_ASSIGNMENT_4/install/py_srvcli/lib/python3.10/site-packages:${PYTHONPATH} /usr/bin/python3 setup.py egg_info --egg-base ../../build/py_srvcli build --build-base /home/rishith/MRT/MRT_ASSIGNMENT_4/build/py_srvcli/build install --record /home/rishith/MRT/MRT_ASSIGNMENT_4/build/py_srvcli/install.log --single-version-externally-managed
[0.786s] running egg_info
[0.787s] writing ../../build/py_srvcli/py_srvcli.egg-info/PKG-INFO
[0.787s] writing dependency_links to ../../build/py_srvcli/py_srvcli.egg-info/dependency_links.txt
[0.787s] writing entry points to ../../build/py_srvcli/py_srvcli.egg-info/entry_points.txt
[0.787s] writing requirements to ../../build/py_srvcli/py_srvcli.egg-info/requires.txt
[0.788s] writing top-level names to ../../build/py_srvcli/py_srvcli.egg-info/top_level.txt
[0.790s] reading manifest file '../../build/py_srvcli/py_srvcli.egg-info/SOURCES.txt'
[0.791s] adding license file 'LICENSE'
[0.791s] writing manifest file '../../build/py_srvcli/py_srvcli.egg-info/SOURCES.txt'
[0.791s] running build
[0.792s] running build_py
[0.792s] running install
[0.793s] /usr/lib/python3/dist-packages/setuptools/command/install.py:34: SetuptoolsDeprecationWarning: setup.py install is deprecated. Use build and pip and other standards-based tools.
[0.793s]   warnings.warn(
[0.793s] running install_lib
[0.794s] running install_data
[0.795s] running install_egg_info
[0.797s] removing '/home/rishith/MRT/MRT_ASSIGNMENT_4/install/py_srvcli/lib/python3.10/site-packages/py_srvcli-0.0.0-py3.10.egg-info' (and everything under it)
[0.797s] Copying ../../build/py_srvcli/py_srvcli.egg-info to /home/rishith/MRT/MRT_ASSIGNMENT_4/install/py_srvcli/lib/python3.10/site-packages/py_srvcli-0.0.0-py3.10.egg-info
[0.797s] running install_scripts
[0.813s] Installing client script to /home/rishith/MRT/MRT_ASSIGNMENT_4/install/py_srvcli/lib/py_srvcli
[0.813s] Installing server script to /home/rishith/MRT/MRT_ASSIGNMENT_4/install/py_srvcli/lib/py_srvcli
[0.813s] writing list of installed files to '/home/rishith/MRT/MRT_ASSIGNMENT_4/build/py_srvcli/install.log'
[0.831s] Invoked command in '/home/rishith/MRT/MRT_ASSIGNMENT_4/src/py_srvcli' returned '0': CMAKE_PREFIX_PATH=/home/rishith/MRT/MRT_ASSIGNMENT_4/install/custom_msgs:/home/rishith/MRT/MRT_ASSIGNMENT_4/install/more_interfaces PYTHONPATH=/home/rishith/MRT/MRT_ASSIGNMENT_4/build/py_srvcli/prefix_override:/home/rishith/MRT/MRT_ASSIGNMENT_4/install/py_srvcli/lib/python3.10/site-packages:${PYTHONPATH} /usr/bin/python3 setup.py egg_info --egg-base ../../build/py_srvcli build --build-base /home/rishith/MRT/MRT_ASSIGNMENT_4/build/py_srvcli/build install --record /home/rishith/MRT/MRT_ASSIGNMENT_4/build/py_srvcli/install.log --single-version-externally-managed
