[0.081s] Invoking command in '/home/rishith/MRT/MRT_ASSIGNMENT_4/build/custom_msgs': CMAKE_PREFIX_PATH=${CMAKE_PREFIX_PATH}:/home/rishith/MRT/MRT_ASSIGNMENT_4/install/py_srvcli:/home/rishith/MRT/MRT_ASSIGNMENT_4/install/RRT:/opt/ros/humble /usr/bin/cmake /home/rishith/MRT/MRT_ASSIGNMENT_4/src/custom_msgs -DCMAKE_INSTALL_PREFIX=/home/rishith/MRT/MRT_ASSIGNMENT_4/install/custom_msgs
[0.090s] -- Found ament_cmake: 1.3.8 (/opt/ros/humble/share/ament_cmake/cmake)
[0.192s] -- Override CMake install command with custom implementation using symlinks instead of copying resources
[0.199s] -- Found rosidl_default_generators: 1.2.0 (/opt/ros/humble/share/rosidl_default_generators/cmake)
[0.199s] -- Using all available rosidl_typesupport_c: rosidl_typesupport_fastrtps_c;rosidl_typesupport_introspection_c
[0.201s] -- Found rosidl_adapter: 3.1.5 (/opt/ros/humble/share/rosidl_adapter/cmake)
[0.225s] -- Using all available rosidl_typesupport_cpp: rosidl_typesupport_fastrtps_cpp;rosidl_typesupport_introspection_cpp
[0.247s] -- Found sensor_msgs: 4.2.3 (/opt/ros/humble/share/sensor_msgs/cmake)
[0.395s] -- Found cv_bridge: 3.2.1 (/opt/ros/humble/share/cv_bridge/cmake)
[0.583s] -- Found ament_cmake_ros: 0.10.0 (/opt/ros/humble/share/ament_cmake_ros/cmake)
[0.703s] -- Using all available rosidl_typesupport_c: rosidl_typesupport_fastrtps_c;rosidl_typesupport_introspection_c
[0.863s] -- Using all available rosidl_typesupport_cpp: rosidl_typesupport_fastrtps_cpp;rosidl_typesupport_introspection_cpp
[0.880s] -- Found python_cmake_module: 0.10.0 (/opt/ros/humble/share/python_cmake_module/cmake)
[0.896s] -- Using PYTHON_EXECUTABLE: /usr/bin/python3
[0.896s] -- Using PYTHON_INCLUDE_DIRS: /usr/include/python3.10
[0.896s] -- Using PYTHON_LIBRARIES: /usr/lib/x86_64-linux-gnu/libpython3.10.so
[0.906s] -- Found ament_lint_auto: 0.12.10 (/opt/ros/humble/share/ament_lint_auto/cmake)
[0.918s] -- Added test 'lint_cmake' to check CMake code style
[0.919s] -- Added test 'xmllint' to check XML markup files
[0.922s] -- Configuring done
[0.951s] -- Generating done
[0.954s] -- Build files have been written to: /home/rishith/MRT/MRT_ASSIGNMENT_4/build/custom_msgs
[0.963s] Invoked command in '/home/rishith/MRT/MRT_ASSIGNMENT_4/build/custom_msgs' returned '0': CMAKE_PREFIX_PATH=${CMAKE_PREFIX_PATH}:/home/rishith/MRT/MRT_ASSIGNMENT_4/install/py_srvcli:/home/rishith/MRT/MRT_ASSIGNMENT_4/install/RRT:/opt/ros/humble /usr/bin/cmake /home/rishith/MRT/MRT_ASSIGNMENT_4/src/custom_msgs -DCMAKE_INSTALL_PREFIX=/home/rishith/MRT/MRT_ASSIGNMENT_4/install/custom_msgs
[0.963s] Invoking command in '/home/rishith/MRT/MRT_ASSIGNMENT_4/build/custom_msgs': CMAKE_PREFIX_PATH=${CMAKE_PREFIX_PATH}:/home/rishith/MRT/MRT_ASSIGNMENT_4/install/py_srvcli:/home/rishith/MRT/MRT_ASSIGNMENT_4/install/RRT:/opt/ros/humble /usr/bin/cmake --build /home/rishith/MRT/MRT_ASSIGNMENT_4/build/custom_msgs -- -j12 -l12
[0.988s] [  2%] [34m[1mGenerating C code for ROS interfaces[0m
[0.997s] [  5%] [34m[1mGenerating C++ code for ROS interfaces[0m
[1.010s] [  5%] Built target ament_cmake_python_symlink_custom_msgs
[1.281s] [  5%] Built target custom_msgs__cpp
[1.288s] [35m[1mConsolidate compiler generated dependencies of target custom_msgs__rosidl_generator_c[0m
[1.291s] [  7%] [34m[1mGenerating C++ type support dispatch for ROS interfaces[0m
[1.295s] [ 12%] [34m[1mGenerating C++ introspection for ROS interfaces[0m
[1.295s] [ 12%] [34m[1mGenerating C++ type support for eProsima Fast-RTPS[0m
[1.300s] [ 15%] [32mBuilding C object CMakeFiles/custom_msgs__rosidl_generator_c.dir/rosidl_generator_c/custom_msgs/srv/detail/corners__functions.c.o[0m
[1.303s] [ 17%] [32mBuilding C object CMakeFiles/custom_msgs__rosidl_generator_c.dir/rosidl_generator_c/custom_msgs/srv/detail/path__functions.c.o[0m
[1.323s] In file included from [01m[K/home/rishith/MRT/MRT_ASSIGNMENT_4/build/custom_msgs/rosidl_generator_c/custom_msgs/srv/detail/corners__functions.h:19[m[K,
[1.323s]                  from [01m[K/home/rishith/MRT/MRT_ASSIGNMENT_4/build/custom_msgs/rosidl_generator_c/custom_msgs/srv/detail/corners__functions.c:4[m[K:
[1.324s] [01m[K/home/rishith/MRT/MRT_ASSIGNMENT_4/build/custom_msgs/rosidl_generator_c/custom_msgs/srv/detail/corners__struct.h:22:10:[m[K [01;31m[Kfatal error: [m[Ksensor_msgs/msg/detail/image__struct.h: No such file or directory
[1.324s]    22 | #include [01;31m[K"sensor_msgs/msg/detail/image__struct.h"[m[K
[1.324s]       |          [01;31m[K^~~~~~~~~~~~~~~~~~~~~~~~~~~~~~~~~~~~~~~~[m[K
[1.324s] compilation terminated.
[1.324s] gmake[2]: *** [CMakeFiles/custom_msgs__rosidl_generator_c.dir/build.make:121: CMakeFiles/custom_msgs__rosidl_generator_c.dir/rosidl_generator_c/custom_msgs/srv/detail/corners__functions.c.o] Error 1
[1.325s] gmake[2]: *** Waiting for unfinished jobs....
[1.343s] running egg_info
[1.344s] writing custom_msgs.egg-info/PKG-INFO
[1.344s] writing dependency_links to custom_msgs.egg-info/dependency_links.txt
[1.344s] writing top-level names to custom_msgs.egg-info/top_level.txt
[1.347s] reading manifest file 'custom_msgs.egg-info/SOURCES.txt'
[1.348s] writing manifest file 'custom_msgs.egg-info/SOURCES.txt'
[1.373s] [ 17%] Built target ament_cmake_python_build_custom_msgs_egg
[1.391s] gmake[1]: *** [CMakeFiles/Makefile2:213: CMakeFiles/custom_msgs__rosidl_generator_c.dir/all] Error 2
[1.391s] gmake[1]: *** Waiting for unfinished jobs....
[1.577s] [35m[1mConsolidate compiler generated dependencies of target custom_msgs__rosidl_typesupport_cpp[0m
[1.591s] [ 20%] [32mBuilding CXX object CMakeFiles/custom_msgs__rosidl_typesupport_cpp.dir/rosidl_typesupport_cpp/custom_msgs/srv/corners__type_support.cpp.o[0m
[1.593s] [ 23%] [32mBuilding CXX object CMakeFiles/custom_msgs__rosidl_typesupport_cpp.dir/rosidl_typesupport_cpp/custom_msgs/srv/path__type_support.cpp.o[0m
[1.638s] [35m[1mConsolidate compiler generated dependencies of target custom_msgs__rosidl_typesupport_fastrtps_cpp[0m
[1.654s] [ 25%] [32mBuilding CXX object CMakeFiles/custom_msgs__rosidl_typesupport_fastrtps_cpp.dir/rosidl_typesupport_fastrtps_cpp/custom_msgs/srv/detail/dds_fastrtps/corners__type_support.cpp.o[0m
[1.658s] [ 28%] [32mBuilding CXX object CMakeFiles/custom_msgs__rosidl_typesupport_fastrtps_cpp.dir/rosidl_typesupport_fastrtps_cpp/custom_msgs/srv/detail/dds_fastrtps/path__type_support.cpp.o[0m
[1.677s] In file included from [01m[K/home/rishith/MRT/MRT_ASSIGNMENT_4/build/custom_msgs/rosidl_typesupport_cpp/custom_msgs/srv/corners__type_support.cpp:7[m[K:
[1.678s] [01m[K/home/rishith/MRT/MRT_ASSIGNMENT_4/build/custom_msgs/rosidl_generator_cpp/custom_msgs/srv/detail/corners__struct.hpp:20:10:[m[K [01;31m[Kfatal error: [m[Ksensor_msgs/msg/detail/image__struct.hpp: No such file or directory
[1.678s]    20 | #include [01;31m[K"sensor_msgs/msg/detail/image__struct.hpp"[m[K
[1.678s]       |          [01;31m[K^~~~~~~~~~~~~~~~~~~~~~~~~~~~~~~~~~~~~~~~~~[m[K
[1.678s] compilation terminated.
[1.679s] gmake[2]: *** [CMakeFiles/custom_msgs__rosidl_typesupport_cpp.dir/build.make:90: CMakeFiles/custom_msgs__rosidl_typesupport_cpp.dir/rosidl_typesupport_cpp/custom_msgs/srv/corners__type_support.cpp.o] Error 1
[1.679s] gmake[2]: *** Waiting for unfinished jobs....
[1.710s] [35m[1mConsolidate compiler generated dependencies of target custom_msgs__rosidl_typesupport_introspection_cpp[0m
[1.711s] In file included from [01m[K/home/rishith/MRT/MRT_ASSIGNMENT_4/build/custom_msgs/rosidl_typesupport_fastrtps_cpp/custom_msgs/srv/detail/corners__rosidl_typesupport_fastrtps_cpp.hpp:11[m[K,
[1.711s]                  from [01m[K/home/rishith/MRT/MRT_ASSIGNMENT_4/build/custom_msgs/rosidl_typesupport_fastrtps_cpp/custom_msgs/srv/detail/dds_fastrtps/corners__type_support.cpp:4[m[K:
[1.711s] [01m[K/home/rishith/MRT/MRT_ASSIGNMENT_4/build/custom_msgs/rosidl_generator_cpp/custom_msgs/srv/detail/corners__struct.hpp:20:10:[m[K [01;31m[Kfatal error: [m[Ksensor_msgs/msg/detail/image__struct.hpp: No such file or directory
[1.711s]    20 | #include [01;31m[K"sensor_msgs/msg/detail/image__struct.hpp"[m[K
[1.712s]       |          [01;31m[K^~~~~~~~~~~~~~~~~~~~~~~~~~~~~~~~~~~~~~~~~~[m[K
[1.712s] compilation terminated.
[1.712s] gmake[2]: *** [CMakeFiles/custom_msgs__rosidl_typesupport_fastrtps_cpp.dir/build.make:98: CMakeFiles/custom_msgs__rosidl_typesupport_fastrtps_cpp.dir/rosidl_typesupport_fastrtps_cpp/custom_msgs/srv/detail/dds_fastrtps/corners__type_support.cpp.o] Error 1
[1.712s] gmake[2]: *** Waiting for unfinished jobs....
[1.725s] [ 33%] [32mBuilding CXX object CMakeFiles/custom_msgs__rosidl_typesupport_introspection_cpp.dir/rosidl_typesupport_introspection_cpp/custom_msgs/srv/detail/corners__type_support.cpp.o[0m
[1.725s] [ 33%] [32mBuilding CXX object CMakeFiles/custom_msgs__rosidl_typesupport_introspection_cpp.dir/rosidl_typesupport_introspection_cpp/custom_msgs/srv/detail/path__type_support.cpp.o[0m
[1.795s] In file included from [01m[K/home/rishith/MRT/MRT_ASSIGNMENT_4/build/custom_msgs/rosidl_typesupport_introspection_cpp/custom_msgs/srv/detail/corners__type_support.cpp:12[m[K:
[1.795s] [01m[K/home/rishith/MRT/MRT_ASSIGNMENT_4/build/custom_msgs/rosidl_generator_cpp/custom_msgs/srv/detail/corners__struct.hpp:20:10:[m[K [01;31m[Kfatal error: [m[Ksensor_msgs/msg/detail/image__struct.hpp: No such file or directory
[1.795s]    20 | #include [01;31m[K"sensor_msgs/msg/detail/image__struct.hpp"[m[K
[1.795s]       |          [01;31m[K^~~~~~~~~~~~~~~~~~~~~~~~~~~~~~~~~~~~~~~~~~[m[K
[1.796s] compilation terminated.
[1.797s] gmake[2]: *** [CMakeFiles/custom_msgs__rosidl_typesupport_introspection_cpp.dir/build.make:98: CMakeFiles/custom_msgs__rosidl_typesupport_introspection_cpp.dir/rosidl_typesupport_introspection_cpp/custom_msgs/srv/detail/corners__type_support.cpp.o] Error 1
[1.797s] gmake[2]: *** Waiting for unfinished jobs....
[2.020s] gmake[1]: *** [CMakeFiles/Makefile2:395: CMakeFiles/custom_msgs__rosidl_typesupport_cpp.dir/all] Error 2
[2.146s] gmake[1]: *** [CMakeFiles/Makefile2:369: CMakeFiles/custom_msgs__rosidl_typesupport_introspection_cpp.dir/all] Error 2
[2.187s] gmake[1]: *** [CMakeFiles/Makefile2:343: CMakeFiles/custom_msgs__rosidl_typesupport_fastrtps_cpp.dir/all] Error 2
[2.187s] gmake: *** [Makefile:146: all] Error 2
[2.191s] Invoked command in '/home/rishith/MRT/MRT_ASSIGNMENT_4/build/custom_msgs' returned '2': CMAKE_PREFIX_PATH=${CMAKE_PREFIX_PATH}:/home/rishith/MRT/MRT_ASSIGNMENT_4/install/py_srvcli:/home/rishith/MRT/MRT_ASSIGNMENT_4/install/RRT:/opt/ros/humble /usr/bin/cmake --build /home/rishith/MRT/MRT_ASSIGNMENT_4/build/custom_msgs -- -j12 -l12
