[0.983s] Invoking command in '/home/rishith/MRT/MRT_ASSIGNMENT_4/build/RRT': PYTHONPATH=/home/rishith/MRT/MRT_ASSIGNMENT_4/build/RRT/prefix_override:/home/rishith/MRT/MRT_ASSIGNMENT_4/install/RRT/lib/python3.10/site-packages:${PYTHONPATH} /usr/bin/python3 setup.py develop --editable --build-directory /home/rishith/MRT/MRT_ASSIGNMENT_4/build/RRT/build --no-deps install_data
[1.174s] running develop
[1.176s] /usr/lib/python3/dist-packages/setuptools/command/easy_install.py:158: EasyInstallDeprecationWarning: easy_install command is deprecated. Use build and pip and other standards-based tools.
[1.176s]   warnings.warn(
[1.179s] /usr/lib/python3/dist-packages/setuptools/command/install.py:34: SetuptoolsDeprecationWarning: setup.py install is deprecated. Use build and pip and other standards-based tools.
[1.179s]   warnings.warn(
[1.294s] running egg_info
[1.294s] creating RRT.egg-info
[1.294s] writing RRT.egg-info/PKG-INFO
[1.294s] writing dependency_links to RRT.egg-info/dependency_links.txt
[1.294s] writing entry points to RRT.egg-info/entry_points.txt
[1.294s] writing requirements to RRT.egg-info/requires.txt
[1.294s] writing top-level names to RRT.egg-info/top_level.txt
[1.294s] writing manifest file 'RRT.egg-info/SOURCES.txt'
[1.296s] reading manifest file 'RRT.egg-info/SOURCES.txt'
[1.296s] writing manifest file 'RRT.egg-info/SOURCES.txt'
[1.298s] running build_ext
[1.299s] Creating /home/rishith/MRT/MRT_ASSIGNMENT_4/install/RRT/lib/python3.10/site-packages/RRT.egg-link (link to .)
[1.299s] Installing client script to /home/rishith/MRT/MRT_ASSIGNMENT_4/install/RRT/lib/RRT
[1.299s] Installing server = RRT.server:mainpath_planning script to /home/rishith/MRT/MRT_ASSIGNMENT_4/install/RRT/lib/RRT
[1.299s] 
[1.299s] Installed /home/rishith/MRT/MRT_ASSIGNMENT_4/build/RRT
[1.299s] running install_data
[1.299s] creating /home/rishith/MRT/MRT_ASSIGNMENT_4/install/RRT/share/ament_index
[1.300s] creating /home/rishith/MRT/MRT_ASSIGNMENT_4/install/RRT/share/ament_index/resource_index
[1.300s] creating /home/rishith/MRT/MRT_ASSIGNMENT_4/install/RRT/share/ament_index/resource_index/packages
[1.300s] copying resource/RRT -> /home/rishith/MRT/MRT_ASSIGNMENT_4/install/RRT/share/ament_index/resource_index/packages
[1.300s] copying package.xml -> /home/rishith/MRT/MRT_ASSIGNMENT_4/install/RRT/share/RRT
[1.364s] Invoked command in '/home/rishith/MRT/MRT_ASSIGNMENT_4/build/RRT' returned '0': PYTHONPATH=/home/rishith/MRT/MRT_ASSIGNMENT_4/build/RRT/prefix_override:/home/rishith/MRT/MRT_ASSIGNMENT_4/install/RRT/lib/python3.10/site-packages:${PYTHONPATH} /usr/bin/python3 setup.py develop --editable --build-directory /home/rishith/MRT/MRT_ASSIGNMENT_4/build/RRT/build --no-deps install_data
