[0.080s] Invoking command in '/home/rishith/MRT/MRT_ASSIGNMENT_4/build/custom_msgs': /usr/bin/cmake /home/rishith/MRT/MRT_ASSIGNMENT_4/src/custom_msgs -DCMAKE_INSTALL_PREFIX=/home/rishith/MRT/MRT_ASSIGNMENT_4/install/custom_msgs
[0.090s] -- Found ament_cmake: 1.3.8 (/opt/ros/humble/share/ament_cmake/cmake)
[0.200s] -- Override CMake install command with custom implementation using symlinks instead of copying resources
[0.206s] -- Found rosidl_default_generators: 1.2.0 (/opt/ros/humble/share/rosidl_default_generators/cmake)
[0.207s] -- Using all available rosidl_typesupport_c: rosidl_typesupport_fastrtps_c;rosidl_typesupport_introspection_c
[0.210s] -- Found rosidl_adapter: 3.1.5 (/opt/ros/humble/share/rosidl_adapter/cmake)
[0.236s] -- Using all available rosidl_typesupport_cpp: rosidl_typesupport_fastrtps_cpp;rosidl_typesupport_introspection_cpp
[0.255s] -- Found sensor_msgs: 4.2.3 (/opt/ros/humble/share/sensor_msgs/cmake)
[0.401s] -- Found cv_bridge: 3.2.1 (/opt/ros/humble/share/cv_bridge/cmake)
[0.545s] Error parsing '/home/rishith/MRT/MRT_ASSIGNMENT_4/src/custom_msgs/package.xml':
[0.572s] Traceback (most recent call last):
[0.572s]   File "/opt/ros/humble/share/ament_cmake_core/cmake/core/package_xml_2_cmake.py", line 150, in <module>
[0.572s]     main()
[0.572s]   File "/opt/ros/humble/share/ament_cmake_core/cmake/core/package_xml_2_cmake.py", line 53, in main
[0.573s]     raise e
[0.573s]   File "/opt/ros/humble/share/ament_cmake_core/cmake/core/package_xml_2_cmake.py", line 49, in main
[0.573s]     package = parse_package_string(
[0.573s]   File "/usr/lib/python3/dist-packages/catkin_pkg/package.py", line 788, in parse_package_string
[0.573s]     pkg.validate(warnings=warnings)
[0.573s]   File "/usr/lib/python3/dist-packages/catkin_pkg/package.py", line 330, in validate
[0.573s]     raise InvalidPackage('\n'.join(errors), self.filename)
[0.573s] catkin_pkg.package.InvalidPackage: Error(s) in package '/home/rishith/MRT/MRT_ASSIGNMENT_4/src/custom_msgs/package.xml':
[0.574s] The package "custom_msgs" must not "build_depend" on a package with the same name as this package
[0.574s] The package "custom_msgs" must not "build_export_depend" on a package with the same name as this package
[0.574s] The package "custom_msgs" must not "exec_depend" on a package with the same name as this package
[0.582s] [31mCMake Error at /opt/ros/humble/share/ament_cmake_core/cmake/core/ament_package_xml.cmake:95 (message):
[0.582s]   execute_process(/usr/bin/python3
[0.582s]   /opt/ros/humble/share/ament_cmake_core/cmake/core/package_xml_2_cmake.py
[0.582s]   /home/rishith/MRT/MRT_ASSIGNMENT_4/src/custom_msgs/package.xml
[0.582s]   /home/rishith/MRT/MRT_ASSIGNMENT_4/build/custom_msgs/ament_cmake_core/package.cmake)
[0.582s]   returned error code 1
[0.582s] Call Stack (most recent call first):
[0.582s]   /opt/ros/humble/share/ament_cmake_core/cmake/core/ament_package_xml.cmake:49 (_ament_package_xml)
[0.582s]   /opt/ros/humble/share/rosidl_cmake/cmake/rosidl_generate_interfaces.cmake:226 (ament_package_xml)
[0.582s]   CMakeLists.txt:20 (rosidl_generate_interfaces)
[0.582s] 
[0.582s] [0m
[0.582s] -- Configuring incomplete, errors occurred!
[0.582s] See also "/home/rishith/MRT/MRT_ASSIGNMENT_4/build/custom_msgs/CMakeFiles/CMakeOutput.log".
[0.587s] Invoked command in '/home/rishith/MRT/MRT_ASSIGNMENT_4/build/custom_msgs' returned '1': /usr/bin/cmake /home/rishith/MRT/MRT_ASSIGNMENT_4/src/custom_msgs -DCMAKE_INSTALL_PREFIX=/home/rishith/MRT/MRT_ASSIGNMENT_4/install/custom_msgs
